SQL> SELECT count(1)
  2  FROM
  3  	CURRENT_POLICIES CP
  4  	INNER JOIN ENDPOLICY ALL_END_POL ON CP.STRUCTURAL_END_TID = ALL_END_POL.TECHNICALIDENTIFIER
  5  	INNER JOIN ENDPOLICY FULL_6601_END_POL ON (FULL_6601_END_POL.TECHNICALIDENTIFIER = COALESCE(ALL_END_POL.FULL_PREVIOUS_TID, ALL_END_POL.TECHNICALIDENTIFIER ))
  6  	LEFT OUTER JOIN ENDPOLICY_CF ECF ON(ECF.PARENT_OID=FULL_6601_END_POL.TECHNICALIDENTIFIER)
  7  	LEFT OUTER JOIN ENDPOLICY_PRODUCTPAR ENDPAR ON (ENDPAR.PARENT_OID = FULL_6601_END_POL.TECHNICALIDENTIFIER)
  8  	LEFT OUTER JOIN PRODUCT P ON (P.TECHNICALIDENTIFIER = FULL_6601_END_POL.POL_PRODUCT_TID)
  9  	LEFT OUTER JOIN CURRENCY C ON C.TECHNICALIDENTIFIER = FULL_6601_END_POL.POL_CURRENCY_TID
 10  	LEFT OUTER JOIN (RoleToRoleTarget RT INNER JOIN RolePayer RP On RP.TECHNICALIDENTIFIER = RT.Role_TID)
 11  		ON RT.Role_Target_TID = CP.POL_POLICY_SID
 12  	LEFT OUTER JOIN POL_SIGN_DATE PSD ON PSD.POL_NUMBER = CP.POL_NUMBER
 13  	LEFT OUTER JOIN PAYSTAT ON CP.POL_POLICY_SID = PAYSTAT.POLICY_TID
 14  	LEFT OUTER JOIN POLICY_EVAL ON CP.POL_NUMBER = POLICY_EVAL.IDPOLICE
 15  	LEFT OUTER JOIN ENDPOLICY_INDEXSETTING EI ON EI.parent_OID = FULL_6601_END_POL.TECHNICALIDENTIFIER
 16  	LEFT OUTER JOIN CLASSESRESULTAT CR ON CR.ID_POLICE = FULL_6601_END_POL.TECHNICALIDENTIFIER
 17  	LEFT OUTER JOIN ENDCOVERAGE ON (ENDCOVERAGE.EndorsedPolicy_TID = CP.STRUCTURAL_END_TID and InvCov_InvestmentStrategy_TID is not null)
 18  	LEFT OUTER JOIN INVSTRAT ON (ENDCOVERAGE.InvCov_InvestmentStrategy_TID = INVSTRAT.TECHNICALIDENTIFIER)
 19  	LEFT OUTER JOIN INVSTRATDEF ID ON (InvestStrategyDefinition_TID = ID.TECHNICALIDENTIFIER )
 20  	LEFT OUTER JOIN ROLETOROLETARGET RT2 ON (RT2.ROLE_TARGET_TID = FULL_6601_END_POL.TECHNICALIDENTIFIER)
 21  	LEFT OUTER JOIN BROKER ON (BROKER.TECHNICALIDENTIFIER = RT2.ROLE_TID)
 22  	LEFT OUTER JOIN DISTRIBUTIONNETWORK_STRUCT ON (DISTRIBUTIONNETWORK_STRUCT.DISTRIBUTIONPARTNER_TID = BROKER.TECHNICALIDENTIFIER)
 23  	LEFT OUTER JOIN DISTRIBUTIONNETWORK ON (DISTRIBUTIONNETWORK.TECHNICALIDENTIFIER = DISTRIBUTIONNETWORK_STRUCT.PARENT_OID)
 24  	LEFT OUTER JOIN  DISTRIBUTIONNETWORK_PRODUCT ON (DISTRIBUTIONNETWORK_PRODUCT.PARENT_OID = DISTRIBUTIONNETWORK.TECHNICALIDENTIFIER
 25  			AND DISTRIBUTIONNETWORK_PRODUCT.PRODUCT_TID = P.TECHNICALIDENTIFIER)
 26  	LEFT OUTER JOIN MAX_DATE ON CP.POL_POLICY_SID = MAX_DATE.TECH_ID_POL
 27  	LEFT OUTER JOIN TAXFRAMEWORK TaxFwk ON FULL_6601_END_POL.TaxFramework_TID = TaxFwk.TECHNICALIDENTIFIER
 28  	LEFT OUTER JOIN TAXCALCHIST ON TAXCALCHIST.Owner_TID = FULL_6601_END_POL.technicalidentifier
 29  	LEFT OUTER JOIN TAXCALCHIST_PAR ON TAXCALCHIST_PAR.Parent_OID = TAXCALCHIST.technicalidentifier
 30  WHERE ALL_END_POL.End_Internal_Nbr IS NOT NULL;

  COUNT(1)                                                                                                                                                                                                                                                                                                  
----------                                                                                                                                                                                                                                                                                                  
    805760                                                                                                                                                                                                                                                                                                  

Ecoulé : 00 :06 :33.11

Plan d'exécution
----------------------------------------------------------                                                                                                                                                                                                                                                  
Plan hash value: 2890057170                                                                                                                                                                                                                                                                                 
                                                                                                                                                                                                                                                                                                            
----------------------------------------------------------------------------------------------------------------------------------------------------------------------------------                                                                                                                          
| Id  | Operation                                                    | Name                         | Rows  | Bytes |TempSpc| Cost (%CPU)| Time     |    TQ  |IN-OUT| PQ Distrib |                                                                                                                          
----------------------------------------------------------------------------------------------------------------------------------------------------------------------------------                                                                                                                          
|   0 | SELECT STATEMENT                                             |                              |     1 |  1500 |       |  7085   (2)| 00:00:01 |        |      |            |                                                                                                                          
|   1 |  SORT AGGREGATE                                              |                              |     1 |  1500 |       |            |          |        |      |            |                                                                                                                          
|   2 |   PX COORDINATOR                                             |                              |       |       |       |            |          |        |      |            |                                                                                                                          
|   3 |    PX SEND QC (RANDOM)                                       | :TQ10068                     |     1 |  1500 |       |            |          |  Q1,68 | P->S | QC (RAND)  |                                                                                                                          
|   4 |     SORT AGGREGATE                                           |                              |     1 |  1500 |       |            |          |  Q1,68 | PCWP |            |                                                                                                                          
|*  5 |      FILTER                                                  |                              |       |       |       |            |          |  Q1,68 | PCWP |            |                                                                                                                          
|   6 |       PX RECEIVE                                             |                              |  1716M|  2398G|       |  7075   (2)| 00:00:01 |  Q1,68 | PCWP |            |                                                                                                                          
|   7 |        PX SEND HASH                                          | :TQ10067                     |  1716M|  2398G|       |  7075   (2)| 00:00:01 |  Q1,67 | P->P | HASH       |                                                                                                                          
|*  8 |         HASH JOIN RIGHT OUTER BUFFERED                       |                              |  1716M|  2398G|       |  7075   (2)| 00:00:01 |  Q1,67 | PCWP |            |                                                                                                                          
|*  9 |          TABLE ACCESS FULL                                   | DISTRIBUTIONNETWORK_PRODUCT  |  2625 |   133K|       |     2   (0)| 00:00:01 |  Q1,67 | PCWP |            |                                                                                                                          
|* 10 |          HASH JOIN RIGHT OUTER                               |                              |    15M|    20G|       |  7004   (1)| 00:00:01 |  Q1,67 | PCWP |            |                                                                                                                          
|  11 |           PX RECEIVE                                         |                              |  1416K|   272M|       |   670   (1)| 00:00:01 |  Q1,67 | PCWP |            |                                                                                                                          
|  12 |            PX SEND HASH                                      | :TQ10065                     |  1416K|   272M|       |   670   (1)| 00:00:01 |  Q1,65 | P->P | HASH       |                                                                                                                          
|  13 |             VIEW                                             | POL_SIGN_DATE                |  1416K|   272M|       |   670   (1)| 00:00:01 |  Q1,65 | PCWP |            |                                                                                                                          
|  14 |              HASH UNIQUE                                     |                              |  1416K|  1110M|  1229M|   670   (1)| 00:00:01 |  Q1,65 | PCWP |            |                                                                                                                          
|  15 |               PX RECEIVE                                     |                              |  1416K|  1110M|       |   670   (1)| 00:00:01 |  Q1,65 | PCWP |            |                                                                                                                          
|  16 |                PX SEND HASH                                  | :TQ10061                     |  1416K|  1110M|       |   670   (1)| 00:00:01 |  Q1,61 | P->P | HASH       |                                                                                                                          
|  17 |                 HASH UNIQUE                                  |                              |  1416K|  1110M|  1229M|   670   (1)| 00:00:01 |  Q1,61 | PCWP |            |                                                                                                                          
|  18 |                  TABLE ACCESS BY INDEX ROWID BATCHED         | TECHNICALCODE                |     1 |    77 |       |     2   (0)| 00:00:01 |  Q1,61 | PCWP |            |                                                                                                                          
|* 19 |                   INDEX RANGE SCAN                           | IDX$$_0E960002               |     1 |       |       |     1   (0)| 00:00:01 |  Q1,61 | PCWP |            |                                                                                                                          
|  20 |                  TABLE ACCESS BY INDEX ROWID BATCHED         | TECHNICALCODE                |     1 |    77 |       |     2   (0)| 00:00:01 |  Q1,61 | PCWP |            |                                                                                                                          
|* 21 |                   INDEX RANGE SCAN                           | IDX$$_0E960002               |     1 |       |       |     1   (0)| 00:00:01 |  Q1,61 | PCWP |            |                                                                                                                          
|* 22 |                  VIEW                                        |                              |  1416K|  1110M|       |   669   (1)| 00:00:01 |  Q1,61 | PCWP |            |                                                                                                                          
|* 23 |                   HASH JOIN RIGHT OUTER                      |                              |  1416K|   295M|       |   593   (1)| 00:00:01 |  Q1,61 | PCWP |            |                                                                                                                          
|  24 |                    PX RECEIVE                                |                              |   103 |  7313 |       |    12   (0)| 00:00:01 |  Q1,61 | PCWP |            |                                                                                                                          
|  25 |                     PX SEND BROADCAST                        | :TQ10058                     |   103 |  7313 |       |    12   (0)| 00:00:01 |  Q1,58 | P->P | BROADCAST  |                                                                                                                          
|  26 |                      VIEW                                    |                              |   103 |  7313 |       |    12   (0)| 00:00:01 |  Q1,58 | PCWP |            |                                                                                                                          
|* 27 |                       HASH JOIN                              |                              |   103 | 62830 |       |    12   (0)| 00:00:01 |  Q1,58 | PCWP |            |                                                                                                                          
|  28 |                        JOIN FILTER CREATE                    | :BF0000                      |    64 |  8768 |       |     6   (0)| 00:00:01 |  Q1,58 | PCWP |            |                                                                                                                          
|  29 |                         PX RECEIVE                           |                              |    64 |  8768 |       |     6   (0)| 00:00:01 |  Q1,58 | PCWP |            |                                                                                                                          
|  30 |                          PX SEND BROADCAST                   | :TQ10055                     |    64 |  8768 |       |     6   (0)| 00:00:01 |  Q1,55 | P->P | BROADCAST  |                                                                                                                          
|* 31 |                           HASH JOIN BUFFERED                 |                              |    64 |  8768 |       |     6   (0)| 00:00:01 |  Q1,55 | PCWP |            |                                                                                                                          
|  32 |                            JOIN FILTER CREATE                | :BF0001                      |    72 |  6048 |       |     4   (0)| 00:00:01 |  Q1,55 | PCWP |            |                                                                                                                          
|  33 |                             PX RECEIVE                       |                              |    72 |  6048 |       |     4   (0)| 00:00:01 |  Q1,55 | PCWP |            |                                                                                                                          
|  34 |                              PX SEND HYBRID HASH             | :TQ10050                     |    72 |  6048 |       |     4   (0)| 00:00:01 |  Q1,50 | P->P | HYBRID HASH|                                                                                                                          
|  35 |                               STATISTICS COLLECTOR           |                              |       |       |       |            |          |  Q1,50 | PCWC |            |                                                                                                                          
|* 36 |                                HASH JOIN                     |                              |    72 |  6048 |       |     4   (0)| 00:00:01 |  Q1,50 | PCWP |            |                                                                                                                          
|  37 |                                 JOIN FILTER CREATE           | :BF0002                      |     1 |    34 |       |     2   (0)| 00:00:01 |  Q1,50 | PCWP |            |                                                                                                                          
|* 38 |                                  TABLE ACCESS FULL           | ADMINISTRATIVEDOCUMENT       |     1 |    34 |       |     2   (0)| 00:00:01 |  Q1,50 | PCWP |            |                                                                                                                          
|  39 |                                 JOIN FILTER USE              | :BF0002                      |  6482 |   316K|       |     2   (0)| 00:00:01 |  Q1,50 | PCWP |            |                                                                                                                          
|  40 |                                  PX BLOCK ITERATOR           |                              |  6482 |   316K|       |     2   (0)| 00:00:01 |  Q1,50 | PCWC |            |                                                                                                                          
|* 41 |                                   TABLE ACCESS FULL          | DOCUMENT                     |  6482 |   316K|       |     2   (0)| 00:00:01 |  Q1,50 | PCWP |            |                                                                                                                          
|  42 |                            PX RECEIVE                        |                              |  5807 |   300K|       |     2   (0)| 00:00:01 |  Q1,55 | PCWP |            |                                                                                                                          
|  43 |                             PX SEND HYBRID HASH              | :TQ10051                     |  5807 |   300K|       |     2   (0)| 00:00:01 |  Q1,51 | P->P | HYBRID HASH|                                                                                                                          
|  44 |                              JOIN FILTER USE                 | :BF0001                      |  5807 |   300K|       |     2   (0)| 00:00:01 |  Q1,51 | PCWP |            |                                                                                                                          
|  45 |                               PX BLOCK ITERATOR              |                              |  5807 |   300K|       |     2   (0)| 00:00:01 |  Q1,51 | PCWC |            |                                                                                                                          
|* 46 |                                TABLE ACCESS FULL             | ENDPOLICY_DOCUMENTS          |  5807 |   300K|       |     2   (0)| 00:00:01 |  Q1,51 | PCWP |            |                                                                                                                          
|  47 |                        TABLE ACCESS BY INDEX ROWID BATCHED   | TECHNICALCODE                |     1 |    77 |       |     2   (0)| 00:00:01 |  Q1,58 | PCWP |            |                                                                                                                          
|* 48 |                         INDEX RANGE SCAN                     | IDX$$_0E960002               |     1 |       |       |     1   (0)| 00:00:01 |  Q1,58 | PCWP |            |                                                                                                                          
|* 49 |                        VIEW                                  | DOCUMENT_DOCSPEC             | 10384 |  4796K|       |     6   (0)| 00:00:01 |  Q1,58 | PCWP |            |                                                                                                                          
|  50 |                         JOIN FILTER USE                      | :BF0000                      | 10384 |   851K|       |     2   (0)| 00:00:01 |  Q1,58 | PCWP |            |                                                                                                                          
|  51 |                          PX BLOCK ITERATOR                   |                              | 10384 |   851K|       |     2   (0)| 00:00:01 |  Q1,58 | PCWC |            |                                                                                                                          
|* 52 |                           TABLE ACCESS FULL                  | DOCUMENT_DOCSPEC             | 10384 |   851K|       |     2   (0)| 00:00:01 |  Q1,58 | PCWP |            |                                                                                                                          
|  53 |                    PX BLOCK ITERATOR                         |                              |  1416K|   199M|       |   581   (1)| 00:00:01 |  Q1,61 | PCWC |            |                                                                                                                          
|* 54 |                     TABLE ACCESS FULL                        | ENDPOLICY                    |  1416K|   199M|       |   581   (1)| 00:00:01 |  Q1,61 | PCWP |            |                                                                                                                          
|  55 |           PX RECEIVE                                         |                              |   760K|   903M|       |  6333   (1)| 00:00:01 |  Q1,67 | PCWP |            |                                                                                                                          
|  56 |            PX SEND HASH                                      | :TQ10066                     |   760K|   903M|       |  6333   (1)| 00:00:01 |  Q1,66 | P->P | HASH       |                                                                                                                          
|* 57 |             HASH JOIN RIGHT OUTER BUFFERED                   |                              |   760K|   903M|       |  6333   (1)| 00:00:01 |  Q1,66 | PCWP |            |                                                                                                                          
|  58 |              PX RECEIVE                                      |                              |   115 |  3105 |       |     2   (0)| 00:00:01 |  Q1,66 | PCWP |            |                                                                                                                          
|  59 |               PX SEND BROADCAST                              | :TQ10062                     |   115 |  3105 |       |     2   (0)| 00:00:01 |  Q1,62 | P->P | BROADCAST  |                                                                                                                          
|  60 |                PX BLOCK ITERATOR                             |                              |   115 |  3105 |       |     2   (0)| 00:00:01 |  Q1,62 | PCWC |            |                                                                                                                          
|* 61 |                 TABLE ACCESS FULL                            | DISTRIBUTIONNETWORK          |   115 |  3105 |       |     2   (0)| 00:00:01 |  Q1,62 | PCWP |            |                                                                                                                          
|* 62 |              HASH JOIN RIGHT OUTER                           |                              |   760K|   883M|       |  6331   (1)| 00:00:01 |  Q1,66 | PCWP |            |                                                                                                                          
|  63 |               PX RECEIVE                                     |                              | 40217 |  2002K|       |     5   (0)| 00:00:01 |  Q1,66 | PCWP |            |                                                                                                                          
|  64 |                PX SEND HASH                                  | :TQ10063                     | 40217 |  2002K|       |     5   (0)| 00:00:01 |  Q1,63 | P->P | HASH       |                                                                                                                          
|  65 |                 PX BLOCK ITERATOR                            |                              | 40217 |  2002K|       |     5   (0)| 00:00:01 |  Q1,63 | PCWC |            |                                                                                                                          
|* 66 |                  TABLE ACCESS FULL                           | DISTRIBUTIONNETWORK_STRUCT   | 40217 |  2002K|       |     5   (0)| 00:00:01 |  Q1,63 | PCWP |            |                                                                                                                          
|  67 |               PX RECEIVE                                     |                              | 99196 |   110M|       |  6326   (1)| 00:00:01 |  Q1,66 | PCWP |            |                                                                                                                          
|  68 |                PX SEND HASH                                  | :TQ10064                     | 99196 |   110M|       |  6326   (1)| 00:00:01 |  Q1,64 | P->P | HASH       |                                                                                                                          
|* 69 |                 HASH JOIN RIGHT OUTER BUFFERED               |                              | 99196 |   110M|       |  6326   (1)| 00:00:01 |  Q1,64 | PCWP |            |                                                                                                                          
|* 70 |                  TABLE ACCESS FULL                           | BROKER                       |  5248 |   133K|       |     4   (0)| 00:00:01 |  Q1,64 | PCWP |            |                                                                                                                          
|* 71 |                  HASH JOIN RIGHT OUTER                       |                              | 98798 |   107M|       |  6322   (1)| 00:00:01 |  Q1,64 | PCWP |            |                                                                                                                          
|  72 |                   PX RECEIVE                                 |                              |   879K|    42M|       |    55   (0)| 00:00:01 |  Q1,64 | PCWP |            |                                                                                                                          
|  73 |                    PX SEND HASH                              | :TQ10059                     |   879K|    42M|       |    55   (0)| 00:00:01 |  Q1,59 | P->P | HASH       |                                                                                                                          
|  74 |                     PX BLOCK ITERATOR                        |                              |   879K|    42M|       |    55   (0)| 00:00:01 |  Q1,59 | PCWC |            |                                                                                                                          
|* 75 |                      TABLE ACCESS FULL                       | ROLETOROLETARGET             |   879K|    42M|       |    55   (0)| 00:00:01 |  Q1,59 | PCWP |            |                                                                                                                          
|  76 |                   PX RECEIVE                                 |                              | 79769 |    82M|       |  6267   (1)| 00:00:01 |  Q1,64 | PCWP |            |                                                                                                                          
|  77 |                    PX SEND HASH                              | :TQ10060                     | 79769 |    82M|       |  6267   (1)| 00:00:01 |  Q1,60 | P->P | HASH       |                                                                                                                          
|* 78 |                     HASH JOIN RIGHT OUTER BUFFERED           |                              | 79769 |    82M|       |  6267   (1)| 00:00:01 |  Q1,60 | PCWP |            |                                                                                                                          
|  79 |                      PX RECEIVE                              |                              |   498K|    13M|       |    76   (0)| 00:00:01 |  Q1,60 | PCWP |            |                                                                                                                          
|  80 |                       PX SEND HASH                           | :TQ10056                     |   498K|    13M|       |    76   (0)| 00:00:01 |  Q1,56 | P->P | HASH       |                                                                                                                          
|  81 |                        PX BLOCK ITERATOR                     |                              |   498K|    13M|       |    76   (0)| 00:00:01 |  Q1,56 | PCWC |            |                                                                                                                          
|* 82 |                         TABLE ACCESS FULL                    | TAXCALCHIST_PAR              |   498K|    13M|       |    76   (0)| 00:00:01 |  Q1,56 | PCWP |            |                                                                                                                          
|  83 |                      PX RECEIVE                              |                              | 79769 |    80M|       |  6190   (1)| 00:00:01 |  Q1,60 | PCWP |            |                                                                                                                          
|  84 |                       PX SEND HASH                           | :TQ10057                     | 79769 |    80M|       |  6190   (1)| 00:00:01 |  Q1,57 | P->P | HASH       |                                                                                                                          
|* 85 |                        HASH JOIN OUTER BUFFERED              |                              | 79769 |    80M|       |  6190   (1)| 00:00:01 |  Q1,57 | PCWP |            |                                                                                                                          
|  86 |                         JOIN FILTER CREATE                   | :BF0003                      | 79769 |    76M|       |  6105   (1)| 00:00:01 |  Q1,57 | PCWP |            |                                                                                                                          
|* 87 |                          HASH JOIN RIGHT OUTER               |                              | 79769 |    76M|       |  6105   (1)| 00:00:01 |  Q1,57 | PCWP |            |                                                                                                                          
|  88 |                           PX RECEIVE                         |                              |   101K|  2666K|       |    12   (0)| 00:00:01 |  Q1,57 | PCWP |            |                                                                                                                          
|  89 |                            PX SEND HASH                      | :TQ10052                     |   101K|  2666K|       |    12   (0)| 00:00:01 |  Q1,52 | P->P | HASH       |                                                                                                                          
|  90 |                             PX BLOCK ITERATOR                |                              |   101K|  2666K|       |    12   (0)| 00:00:01 |  Q1,52 | PCWC |            |                                                                                                                          
|* 91 |                              TABLE ACCESS FULL               | ENDPOLICY_PRODUCTPAR         |   101K|  2666K|       |    12   (0)| 00:00:01 |  Q1,52 | PCWP |            |                                                                                                                          
|  92 |                           PX RECEIVE                         |                              | 79174 |    74M|       |  6093   (1)| 00:00:01 |  Q1,57 | PCWP |            |                                                                                                                          
|  93 |                            PX SEND HASH                      | :TQ10053                     | 79174 |    74M|       |  6093   (1)| 00:00:01 |  Q1,53 | P->P | HASH       |                                                                                                                          
|* 94 |                             HASH JOIN RIGHT OUTER BUFFERED   |                              | 79174 |    74M|       |  6093   (1)| 00:00:01 |  Q1,53 | PCWP |            |                                                                                                                          
|  95 |                              PX RECEIVE                      |                              |    33 |   825 |       |     2   (0)| 00:00:01 |  Q1,53 | PCWP |            |                                                                                                                          
|  96 |                               PX SEND BROADCAST              | :TQ10045                     |    33 |   825 |       |     2   (0)| 00:00:01 |  Q1,45 | P->P | BROADCAST  |                                                                                                                          
|  97 |                                PX BLOCK ITERATOR             |                              |    33 |   825 |       |     2   (0)| 00:00:01 |  Q1,45 | PCWC |            |                                                                                                                          
|* 98 |                                 TABLE ACCESS FULL            | CURRENCY                     |    33 |   825 |       |     2   (0)| 00:00:01 |  Q1,45 | PCWP |            |                                                                                                                          
|* 99 |                              HASH JOIN RIGHT OUTER           |                              | 79174 |    72M|       |  6091   (1)| 00:00:01 |  Q1,53 | PCWP |            |                                                                                                                          
| 100 |                               PX RECEIVE                     |                              |    23 |   621 |       |     2   (0)| 00:00:01 |  Q1,53 | PCWP |            |                                                                                                                          
| 101 |                                PX SEND BROADCAST             | :TQ10046                     |    23 |   621 |       |     2   (0)| 00:00:01 |  Q1,46 | P->P | BROADCAST  |                                                                                                                          
| 102 |                                 PX BLOCK ITERATOR            |                              |    23 |   621 |       |     2   (0)| 00:00:01 |  Q1,46 | PCWC |            |                                                                                                                          
|*103 |                                  TABLE ACCESS FULL           | PRODUCT                      |    23 |   621 |       |     2   (0)| 00:00:01 |  Q1,46 | PCWP |            |                                                                                                                          
|*104 |                               HASH JOIN RIGHT OUTER          |                              | 79174 |    70M|       |  6089   (1)| 00:00:01 |  Q1,53 | PCWP |            |                                                                                                                          
| 105 |                                PX RECEIVE                    |                              | 71196 |  1877K|       |     7   (0)| 00:00:01 |  Q1,53 | PCWP |            |                                                                                                                          
| 106 |                                 PX SEND HASH                 | :TQ10047                     | 71196 |  1877K|       |     7   (0)| 00:00:01 |  Q1,47 | P->P | HASH       |                                                                                                                          
| 107 |                                  PX BLOCK ITERATOR           |                              | 71196 |  1877K|       |     7   (0)| 00:00:01 |  Q1,47 | PCWC |            |                                                                                                                          
|*108 |                                   TABLE ACCESS FULL          | ENDPOLICY_CF                 | 71196 |  1877K|       |     7   (0)| 00:00:01 |  Q1,47 | PCWP |            |                                                                                                                          
|*109 |                                HASH JOIN RIGHT OUTER         |                              | 79152 |    68M|       |  6081   (1)| 00:00:01 |  Q1,53 | PCWP |            |                                                                                                                          
| 110 |                                 PX RECEIVE                   |                              | 14995 |   395K|       |     2   (0)| 00:00:01 |  Q1,53 | PCWP |            |                                                                                                                          
| 111 |                                  PX SEND HASH                | :TQ10048                     | 14995 |   395K|       |     2   (0)| 00:00:01 |  Q1,48 | P->P | HASH       |                                                                                                                          
| 112 |                                   PX BLOCK ITERATOR          |                              | 14995 |   395K|       |     2   (0)| 00:00:01 |  Q1,48 | PCWC |            |                                                                                                                          
|*113 |                                    TABLE ACCESS FULL         | ENDPOLICY_INDEXSETTING       | 14995 |   395K|       |     2   (0)| 00:00:01 |  Q1,48 | PCWP |            |                                                                                                                          
| 114 |                                 PX RECEIVE                   |                              | 79152 |    66M|       |  6079   (1)| 00:00:01 |  Q1,53 | PCWP |            |                                                                                                                          
| 115 |                                  PX SEND HASH                | :TQ10049                     | 79152 |    66M|       |  6079   (1)| 00:00:01 |  Q1,49 | P->P | HASH       |                                                                                                                          
|*116 | ERED                              HASH JOIN RIGHT OUTER BUFF |                              | 79152 |    66M|       |  6079   (1)| 00:00:01 |  Q1,49 | PCWP |            |                                                                                                                          
|*117 |                                    TABLE ACCESS FULL         | TAXFRAMEWORK                 |    10 |   280 |       |     2   (0)| 00:00:01 |  Q1,49 | PCWP |            |                                                                                                                          
|*118 |                                    HASH JOIN RIGHT OUTER     |                              | 79152 |    64M|       |  6077   (1)| 00:00:01 |  Q1,49 | PCWP |            |                                                                                                                          
| 119 |                                     PX RECEIVE               |                              |     1 |    62 |       |  1941   (1)| 00:00:01 |  Q1,49 | PCWP |            |                                                                                                                          
| 120 |                                      PX SEND HASH            | :TQ10042                     |     1 |    62 |       |  1941   (1)| 00:00:01 |  Q1,42 | P->P | HASH       |                                                                                                                          
| 121 |                                       VIEW                   | CLASSESRESULTAT              |     1 |    62 |       |  1941   (1)| 00:00:01 |  Q1,42 | PCWP |            |                                                                                                                          
| 122 |  ROWID BATCHED                         TABLE ACCESS BY INDEX | BUSINESSCODE                 |     1 |    19 |       |     2   (0)| 00:00:01 |  Q1,42 | PCWP |            |                                                                                                                          
|*123 |                                         INDEX RANGE SCAN     | IDX$$_0E960003               |     1 |       |       |     1   (0)| 00:00:01 |  Q1,42 | PCWP |            |                                                                                                                          
| 124 |                                        HASH GROUP BY         |                              |     1 |    43 |       |  1941   (1)| 00:00:01 |  Q1,42 | PCWP |            |                                                                                                                          
| 125 |                                         PX RECEIVE           |                              |     1 |    43 |       |  1941   (1)| 00:00:01 |  Q1,42 | PCWP |            |                                                                                                                          
| 126 |                                          PX SEND HASH        | :TQ10039                     |     1 |    43 |       |  1941   (1)| 00:00:01 |  Q1,39 | P->P | HASH       |                                                                                                                          
| 127 |                                           HASH GROUP BY      |                              |     1 |    43 |       |  1941   (1)| 00:00:01 |  Q1,39 | PCWP |            |                                                                                                                          
| 128 |                                            VIEW              |                              |     1 |    43 |       |  1941   (1)| 00:00:01 |  Q1,39 | PCWP |            |                                                                                                                          
|*129 |                                             FILTER           |                              |       |       |       |            |          |  Q1,39 | PCWP |            |                                                                                                                          
| 130 |                                              PX RECEIVE      |                              |  4398 |  1370K|       |  1925   (1)| 00:00:01 |  Q1,39 | PCWP |            |                                                                                                                          
| 131 |                                               PX SEND HASH   | :TQ10035                     |  4398 |  1370K|       |  1925   (1)| 00:00:01 |  Q1,35 | P->P | HASH       |                                                                                                                          
|*132 | FERED                                          HASH JOIN BUF |                              |  4398 |  1370K|       |  1925   (1)| 00:00:01 |  Q1,35 | PCWP |            |                                                                                                                          
| 133 | CREATE                                          JOIN FILTER  | :BF0004                      |  3931 |   932K|       |  1345   (1)| 00:00:01 |  Q1,35 | PCWP |            |                                                                                                                          
| 134 |                                                  PX RECEIVE  |                              |  3931 |   932K|       |  1345   (1)| 00:00:01 |  Q1,35 | PCWP |            |                                                                                                                          
| 135 | BRID HASH                                         PX SEND HY | :TQ10031                     |  3931 |   932K|       |  1345   (1)| 00:00:01 |  Q1,31 | P->P | HYBRID HASH|                                                                                                                          
| 136 | S COLLECTOR                                        STATISTIC |                              |       |       |       |            |          |  Q1,31 | PCWC |            |                                                                                                                          
|*137 | N BUFFERED                                          HASH JOI |                              |  3931 |   932K|       |  1345   (1)| 00:00:01 |  Q1,31 | PCWP |            |                                                                                                                          
| 138 | LTER CREATE                                          JOIN FI | :BF0005                      |  3931 |   767K|       |  1341   (1)| 00:00:01 |  Q1,31 | PCWP |            |                                                                                                                          
| 139 | EIVE                                                  PX REC |                              |  3931 |   767K|       |  1341   (1)| 00:00:01 |  Q1,31 | PCWP |            |                                                                                                                          
| 140 | ND HYBRID HASH                                         PX SE | :TQ10026                     |  3931 |   767K|       |  1341   (1)| 00:00:01 |  Q1,26 | P->P | HYBRID HASH|                                                                                                                          
| 141 | ISTICS COLLECTOR                                        STAT |                              |       |       |       |            |          |  Q1,26 | PCWC |            |                                                                                                                          
| 142 | TED LOOPS                                                NES |                              |  3931 |   767K|       |  1341   (1)| 00:00:01 |  Q1,26 | PCWP |            |                                                                                                                          
| 143 | STED LOOPS                                                NE |                              |  8250 |   767K|       |  1341   (1)| 00:00:01 |  Q1,26 | PCWP |            |                                                                                                                          
| 144 | ESTED LOOPS                                                N |                              |   250 | 35500 |       |  1285   (1)| 00:00:01 |  Q1,26 | PCWP |            |                                                                                                                          
| 145 |.VIEW                                                         | CLASSESNOMBRE                |   249 | 18675 |       |  1277   (1)| 00:00:01 |  Q1,26 | PCWP |            |                                                                                                                          
| 146 |. HASH GROUP BY                                               |                              |   249 |   498 |       |  1277   (1)| 00:00:01 |  Q1,26 | PCWP |            |                                                                                                                          
| 147 |.  PX RECEIVE                                                 |                              |   249 |   498 |       |  1277   (1)| 00:00:01 |  Q1,26 | PCWP |            |                                                                                                                          
| 148 |.   PX SEND HASH                                              | :TQ10020                     |   249 |   498 |       |  1277   (1)| 00:00:01 |  Q1,20 | P->P | HASH       |                                                                                                                          
| 149 |.    HASH GROUP BY                                            |                              |   249 |   498 |       |  1277   (1)| 00:00:01 |  Q1,20 | PCWP |            |                                                                                                                          
| 150 |.     VIEW                                                    | CLASSES                      |   249 |   498 |       |  1277   (1)| 00:00:01 |  Q1,20 | PCWP |            |                                                                                                                          
| 151 |.      TABLE ACCESS BY INDEX ROWID BATCHED                    | BUSINESSCODE                 |     1 |    19 |       |     2   (0)| 00:00:01 |  Q1,20 | PCWP |            |                                                                                                                          
|*152 |.       INDEX RANGE SCAN                                      | IDX$$_0E960003               |     1 |       |       |     1   (0)| 00:00:01 |  Q1,20 | PCWP |            |                                                                                                                          
| 153 |.      HASH UNIQUE                                            |                              |   249 | 63993 |       |  1277   (1)| 00:00:01 |  Q1,20 | PCWP |            |                                                                                                                          
| 154 |.       PX RECEIVE                                            |                              |   249 | 63993 |       |  1277   (1)| 00:00:01 |  Q1,20 | PCWP |            |                                                                                                                          
| 155 |.        PX SEND HASH                                         | :TQ10016                     |   249 | 63993 |       |  1277   (1)| 00:00:01 |  Q1,16 | P->P | HASH       |                                                                                                                          
| 156 |.         HASH UNIQUE                                         |                              |   249 | 63993 |       |  1277   (1)| 00:00:01 |  Q1,16 | PCWP |            |                                                                                                                          
|*157 |.          FILTER                                             |                              |       |       |       |            |          |  Q1,16 | PCWP |            |                                                                                                                          
| 158 |.           PX RECEIVE                                        |                              |    24M|  6108M|       |  1252   (1)| 00:00:01 |  Q1,16 | PCWP |            |                                                                                                                          
| 159 |.            PX SEND HASH                                     | :TQ10012                     |    24M|  6108M|       |  1252   (1)| 00:00:01 |  Q1,12 | P->P | HASH       |                                                                                                                          
|*160 |.             HASH JOIN BUFFERED                              |                              |    24M|  6108M|       |  1252   (1)| 00:00:01 |  Q1,12 | PCWP |            |                                                                                                                          
| 161 |.              PX RECEIVE                                     |                              | 79310 |  5886K|       |   581   (1)| 00:00:01 |  Q1,12 | PCWP |            |                                                                                                                          
| 162 |.               PX SEND BROADCAST                             | :TQ10006                     | 79310 |  5886K|       |   581   (1)| 00:00:01 |  Q1,06 | P->P | BROADCAST  |                                                                                                                          
| 163 |.                PX BLOCK ITERATOR                            |                              | 79310 |  5886K|       |   581   (1)| 00:00:01 |  Q1,06 | PCWC |            |                                                                                                                          
|*164 |.                 TABLE ACCESS FULL                           | ENDPOLICY                    | 79310 |  5886K|       |   581   (1)| 00:00:01 |  Q1,06 | PCWP |            |                                                                                                                          
|*165 |.              HASH JOIN                                      |                              |    22M|  3845M|       |   671   (1)| 00:00:01 |  Q1,12 | PCWP |            |                                                                                                                          
| 166 |.               PX RECEIVE                                    |                              |  1416K|    90M|       |   581   (1)| 00:00:01 |  Q1,12 | PCWP |            |                                                                                                                          
| 167 |.                PX SEND HYBRID HASH                          | :TQ10007                     |  1416K|    90M|       |   581   (1)| 00:00:01 |  Q1,07 | P->P | HYBRID HASH|                                                                                                                          
| 168 |.                 STATISTICS COLLECTOR                        |                              |       |       |       |            |          |  Q1,07 | PCWC |            |                                                                                                                          
| 169 |.                  PX BLOCK ITERATOR                          |                              |  1416K|    90M|       |   581   (1)| 00:00:01 |  Q1,07 | PCWC |            |                                                                                                                          
|*170 |.                   TABLE ACCESS FULL                         | ENDPOLICY                    |  1416K|    90M|       |   581   (1)| 00:00:01 |  Q1,07 | PCWP |            |                                                                                                                          
| 171 |.               PX RECEIVE                                    |                              |  1107K|   120M|       |    89   (0)| 00:00:01 |  Q1,12 | PCWP |            |                                                                                                                          
| 172 |.                PX SEND HYBRID HASH                          | :TQ10008                     |  1107K|   120M|       |    89   (0)| 00:00:01 |  Q1,08 | P->P | HYBRID HASH|                                                                                                                          
|*173 |.                 HASH JOIN BUFFERED                          |                              |  1107K|   120M|       |    89   (0)| 00:00:01 |  Q1,08 | PCWP |            |                                                                                                                          
| 174 |.                  JOIN FILTER CREATE                         | :BF0006                      | 17752 |   970K|       |     4   (0)| 00:00:01 |  Q1,08 | PCWP |            |                                                                                                                          
| 175 |.                   PX RECEIVE                                |                              | 17752 |   970K|       |     4   (0)| 00:00:01 |  Q1,08 | PCWP |            |                                                                                                                          
| 176 |.                    PX SEND HYBRID HASH                      | :TQ10000                     | 17752 |   970K|       |     4   (0)| 00:00:01 |  Q1,00 | P->P | HYBRID HASH|                                                                                                                          
| 177 |.                     STATISTICS COLLECTOR                    |                              |       |       |       |            |          |  Q1,00 | PCWC |            |                                                                                                                          
| 178 |.                      PX BLOCK ITERATOR                      |                              | 17752 |   970K|       |     4   (0)| 00:00:01 |  Q1,00 | PCWC |            |                                                                                                                          
|*179 |.                       TABLE ACCESS FULL                     | FINANCIALINSTRUMENT          | 17752 |   970K|       |     4   (0)| 00:00:01 |  Q1,00 | PCWP |            |                                                                                                                          
| 180 |.                  PX RECEIVE                                 |                              |  1107K|    61M|       |    85   (0)| 00:00:01 |  Q1,08 | PCWP |            |                                                                                                                          
| 181 |.                   PX SEND HYBRID HASH (SKEW)                | :TQ10001                     |  1107K|    61M|       |    85   (0)| 00:00:01 |  Q1,01 | P->P | HYBRID HASH|                                                                                                                          
| 182 |.                    JOIN FILTER USE                          | :BF0006                      |  1107K|    61M|       |    85   (0)| 00:00:01 |  Q1,01 | PCWP |            |                                                                                                                          
| 183 |.                     PX BLOCK ITERATOR                       |                              |  1107K|    61M|       |    85   (0)| 00:00:01 |  Q1,01 | PCWC |            |                                                                                                                          
|*184 |.                      TABLE ACCESS FULL                      | POLICYDAILYFININSTBALANCE    |  1107K|    61M|       |    85   (0)| 00:00:01 |  Q1,01 | PCWP |            |                                                                                                                          
| 185 |.           TABLE ACCESS BY INDEX ROWID BATCHED               | BUSINESSCODE                 |     1 |    19 |       |     2   (0)| 00:00:01 |        |      |            |                                                                                                                          
|*186 |.            INDEX RANGE SCAN                                 | IDX$$_0E960003               |     1 |       |       |     1   (0)| 00:00:01 |        |      |            |                                                                                                                          
| 187 |.           TABLE ACCESS BY INDEX ROWID BATCHED               | TECHNICALCODE                |     1 |    77 |       |     2   (0)| 00:00:01 |        |      |            |                                                                                                                          
|*188 |.            INDEX RANGE SCAN                                 | IDX$$_0E960002               |     1 |       |       |     1   (0)| 00:00:01 |        |      |            |                                                                                                                          
|*189 |.TABLE ACCESS BY INDEX ROWID BATCHED                          | ENDPOLICY                    |     1 |    67 |       |     0   (0)| 00:00:01 |  Q1,26 | PCWP |            |                                                                                                                          
|*190 |. INDEX RANGE SCAN                                            | PK_ENDPOLICY                 |     1 |       |       |     0   (0)| 00:00:01 |  Q1,26 | PCWP |            |                                                                                                                          
|*191 | NDEX RANGE SCAN                                            I | PK_POLICYDAILYFININSTBALANCE |    33 |       |       |     0   (0)| 00:00:01 |  Q1,26 | PCWP |            |                                                                                                                          
|*192 | BLE ACCESS BY INDEX ROWID                                 TA | POLICYDAILYFININSTBALANCE    |    16 |   928 |       |     0   (0)| 00:00:01 |  Q1,26 | PCWP |            |                                                                                                                          
| 193 | IVE                                                  PX RECE |                              | 17752 |   745K|       |     4   (0)| 00:00:01 |  Q1,31 | PCWP |            |                                                                                                                          
| 194 | D HYBRID HASH                                         PX SEN | :TQ10027                     | 17752 |   745K|       |     4   (0)| 00:00:01 |  Q1,27 | P->P | HYBRID HASH|                                                                                                                          
| 195 | FILTER USE                                             JOIN  | :BF0005                      | 17752 |   745K|       |     4   (0)| 00:00:01 |  Q1,27 | PCWP |            |                                                                                                                          
| 196 | LOCK ITERATOR                                           PX B |                              | 17752 |   745K|       |     4   (0)| 00:00:01 |  Q1,27 | PCWC |            |                                                                                                                          
|*197 | LE ACCESS FULL                                           TAB | FINANCIALINSTRUMENT          | 17752 |   745K|       |     4   (0)| 00:00:01 |  Q1,27 | PCWP |            |                                                                                                                          
| 198 |                                                 PX RECEIVE   |                              | 79310 |  5886K|       |   581   (1)| 00:00:01 |  Q1,35 | PCWP |            |                                                                                                                          
| 199 | RID HASH                                         PX SEND HYB | :TQ10032                     | 79310 |  5886K|       |   581   (1)| 00:00:01 |  Q1,32 | P->P | HYBRID HASH|                                                                                                                          
| 200 | R USE                                             JOIN FILTE | :BF0004                      | 79310 |  5886K|       |   581   (1)| 00:00:01 |  Q1,32 | PCWP |            |                                                                                                                          
| 201 | ITERATOR                                           PX BLOCK  |                              | 79310 |  5886K|       |   581   (1)| 00:00:01 |  Q1,32 | PCWC |            |                                                                                                                          
|*202 | CESS FULL                                           TABLE AC | ENDPOLICY                    | 79310 |  5886K|       |   581   (1)| 00:00:01 |  Q1,32 | PCWP |            |                                                                                                                          
| 203 |  INDEX ROWID BATCHED                         TABLE ACCESS BY | BUSINESSCODE                 |     1 |    19 |       |     2   (0)| 00:00:01 |        |      |            |                                                                                                                          
|*204 | AN                                            INDEX RANGE SC | IDX$$_0E960003               |     1 |       |       |     1   (0)| 00:00:01 |        |      |            |                                                                                                                          
| 205 |  INDEX ROWID BATCHED                         TABLE ACCESS BY | TECHNICALCODE                |     1 |    77 |       |     2   (0)| 00:00:01 |        |      |            |                                                                                                                          
|*206 | AN                                            INDEX RANGE SC | IDX$$_0E960002               |     1 |       |       |     1   (0)| 00:00:01 |        |      |            |                                                                                                                          
|*207 |                                     HASH JOIN                |                              | 79152 |    59M|       |  4136   (1)| 00:00:01 |  Q1,49 | PCWP |            |                                                                                                                          
| 208 |                                      JOIN FILTER CREATE      | :BF0007                      | 79322 |    54M|       |  3555   (1)| 00:00:01 |  Q1,49 | PCWP |            |                                                                                                                          
| 209 |                                       PX RECEIVE             |                              | 79322 |    54M|       |  3555   (1)| 00:00:01 |  Q1,49 | PCWP |            |                                                                                                                          
| 210 |                                        PX SEND HASH          | :TQ10043                     | 79322 |    54M|       |  3555   (1)| 00:00:01 |  Q1,43 | P->P | HASH       |                                                                                                                          
|*211 |                                         HASH JOIN BUFFERED   |                              | 79322 |    54M|       |  3555   (1)| 00:00:01 |  Q1,43 | PCWP |            |                                                                                                                          
| 212 |                                          JOIN FILTER CREATE  | :BF0008                      | 79499 |    50M|       |  2974   (1)| 00:00:01 |  Q1,43 | PCWP |            |                                                                                                                          
| 213 |                                           PX RECEIVE         |                              | 79499 |    50M|       |  2974   (1)| 00:00:01 |  Q1,43 | PCWP |            |                                                                                                                          
| 214 | SH                                         PX SEND HYBRID HA | :TQ10040                     | 79499 |    50M|       |  2974   (1)| 00:00:01 |  Q1,40 | P->P | HYBRID HASH|                                                                                                                          
| 215 | CTOR                                        STATISTICS COLLE |                              |       |       |       |            |          |  Q1,40 | PCWC |            |                                                                                                                          
|*216 |  OUTER BUFFERED                              HASH JOIN RIGHT |                              | 79499 |    50M|       |  2974   (1)| 00:00:01 |  Q1,40 | PCWP |            |                                                                                                                          
| 217 |                                               PX RECEIVE     |                              |   353 |  9531 |       |     2   (0)| 00:00:01 |  Q1,40 | PCWP |            |                                                                                                                          
| 218 | CAST                                           PX SEND BROAD | :TQ10036                     |   353 |  9531 |       |     2   (0)| 00:00:01 |  Q1,36 | P->P | BROADCAST  |                                                                                                                          
| 219 | RATOR                                           PX BLOCK ITE |                              |   353 |  9531 |       |     2   (0)| 00:00:01 |  Q1,36 | PCWC |            |                                                                                                                          
|*220 | S FULL                                           TABLE ACCES | INVSTRATDEF                  |   353 |  9531 |       |     2   (0)| 00:00:01 |  Q1,36 | PCWP |            |                                                                                                                          
|*221 | R                                             HASH JOIN OUTE |                              | 79499 |    48M|       |  2972   (1)| 00:00:01 |  Q1,40 | PCWP |            |                                                                                                                          
| 222 | REATE                                          JOIN FILTER C | :BF0009                      | 79310 |    44M|       |  2887   (1)| 00:00:01 |  Q1,40 | PCWP |            |                                                                                                                          
| 223 |                                                 PX RECEIVE   |                              | 79310 |    44M|       |  2887   (1)| 00:00:01 |  Q1,40 | PCWP |            |                                                                                                                          
| 224 | H                                                PX SEND HAS | :TQ10037                     | 79310 |    44M|       |  2887   (1)| 00:00:01 |  Q1,37 | P->P | HASH       |                                                                                                                          
|*225 | OUTER BUFFERED                                    HASH JOIN  |                              | 79310 |    44M|       |  2887   (1)| 00:00:01 |  Q1,37 | PCWP |            |                                                                                                                          
| 226 | ER CREATE                                          JOIN FILT | :BF0010                      | 79310 |    40M|       |  2563   (1)| 00:00:01 |  Q1,37 | PCWP |            |                                                                                                                          
| 227 | VE                                                  PX RECEI |                              | 79310 |    40M|       |  2563   (1)| 00:00:01 |  Q1,37 | PCWP |            |                                                                                                                          
| 228 |  HASH                                                PX SEND | :TQ10033                     | 79310 |    40M|       |  2563   (1)| 00:00:01 |  Q1,33 | P->P | HASH       |                                                                                                                          
|*229 | OIN RIGHT OUTER BUFFERED                              HASH J |                              | 79310 |    40M|       |  2563   (1)| 00:00:01 |  Q1,33 | PCWP |            |                                                                                                                          
| 230 | CEIVE                                                  PX RE |                              |   166K|     9M|       |    61   (2)| 00:00:01 |  Q1,33 | PCWP |            |                                                                                                                          
| 231 | END HASH                                                PX S | :TQ10028                     |   166K|     9M|       |    61   (2)| 00:00:01 |  Q1,28 | P->P | HASH       |                                                                                                                          
| 232 | W                                                        VIE |                              |   166K|     9M|       |    61   (2)| 00:00:01 |  Q1,28 | PCWP |            |                                                                                                                          
|*233 | SH JOIN BUFFERED                                          HA |                              |   166K|    12M|       |    61   (2)| 00:00:01 |  Q1,28 | PCWP |            |                                                                                                                          
| 234 | OIN FILTER CREATE                                          J | :BF0011                      | 70983 |  1732K|       |     5   (0)| 00:00:01 |  Q1,28 | PCWP |            |                                                                                                                          
| 235 |.PX RECEIVE                                                   |                              | 70983 |  1732K|       |     5   (0)| 00:00:01 |  Q1,28 | PCWP |            |                                                                                                                          
| 236 |. PX SEND HASH                                                | :TQ10021                     | 70983 |  1732K|       |     5   (0)| 00:00:01 |  Q1,21 | P->P | HASH       |                                                                                                                          
| 237 |.  PX BLOCK ITERATOR                                          |                              | 70983 |  1732K|       |     5   (0)| 00:00:01 |  Q1,21 | PCWC |            |                                                                                                                          
|*238 |.   TABLE ACCESS FULL                                         | ROLEPAYER                    | 70983 |  1732K|       |     5   (0)| 00:00:01 |  Q1,21 | PCWP |            |                                                                                                                          
| 239 | X RECEIVE                                                  P |                              |   879K|    42M|       |    55   (0)| 00:00:01 |  Q1,28 | PCWP |            |                                                                                                                          
| 240 |.PX SEND HASH                                                 | :TQ10022                     |   879K|    42M|       |    55   (0)| 00:00:01 |  Q1,22 | P->P | HASH       |                                                                                                                          
| 241 |. JOIN FILTER USE                                             | :BF0011                      |   879K|    42M|       |    55   (0)| 00:00:01 |  Q1,22 | PCWP |            |                                                                                                                          
| 242 |.  PX BLOCK ITERATOR                                          |                              |   879K|    42M|       |    55   (0)| 00:00:01 |  Q1,22 | PCWC |            |                                                                                                                          
|*243 |.   TABLE ACCESS FULL                                         | ROLETOROLETARGET             |   879K|    42M|       |    55   (0)| 00:00:01 |  Q1,22 | PCWP |            |                                                                                                                          
|*244 | JOIN RIGHT OUTER                                       HASH  |                              | 79310 |    36M|       |  2502   (1)| 00:00:01 |  Q1,33 | PCWP |            |                                                                                                                          
| 245 | ECEIVE                                                  PX R |                              | 39488 |  2390K|       |   284   (1)| 00:00:01 |  Q1,33 | PCWP |            |                                                                                                                          
| 246 | SEND HASH                                                PX  | :TQ10029                     | 39488 |  2390K|       |   284   (1)| 00:00:01 |  Q1,29 | P->P | HASH       |                                                                                                                          
| 247 | EW                                                        VI | PAYSTAT                      | 39488 |  2390K|       |   284   (1)| 00:00:01 |  Q1,29 | PCWP |            |                                                                                                                          
| 248 | ABLE ACCESS BY INDEX ROWID BATCHED                         T | BUSINESSCODE                 |     1 |    19 |       |     2   (0)| 00:00:01 |  Q1,29 | PCWP |            |                                                                                                                          
|*249 |.INDEX RANGE SCAN                                             | IDX$$_0E960003               |     1 |       |       |     1   (0)| 00:00:01 |  Q1,29 | PCWP |            |                                                                                                                          
| 250 | ASH GROUP BY                                               H |                              | 39488 |  1079K|    22M|   284   (1)| 00:00:01 |  Q1,29 | PCWP |            |                                                                                                                          
| 251 |.PX RECEIVE                                                   |                              | 39488 |  1079K|       |   284   (1)| 00:00:01 |  Q1,29 | PCWP |            |                                                                                                                          
| 252 |. PX SEND HASH                                                | :TQ10023                     | 39488 |  1079K|       |   284   (1)| 00:00:01 |  Q1,23 | P->P | HASH       |                                                                                                                          
| 253 |.  HASH GROUP BY                                              |                              | 39488 |  1079K|    22M|   284   (1)| 00:00:01 |  Q1,23 | PCWP |            |                                                                                                                          
| 254 |.   PX BLOCK ITERATOR                                         |                              |   574K|    15M|       |   277   (0)| 00:00:01 |  Q1,23 | PCWC |            |                                                                                                                          
|*255 |.    TABLE ACCESS FULL                                        | BILL                         |   574K|    15M|       |   277   (0)| 00:00:01 |  Q1,23 | PCWP |            |                                                                                                                          
| 256 | ECEIVE                                                  PX R |                              | 79310 |    31M|       |  2218   (1)| 00:00:01 |  Q1,33 | PCWP |            |                                                                                                                          
| 257 | SEND HASH                                                PX  | :TQ10030                     | 79310 |    31M|       |  2218   (1)| 00:00:01 |  Q1,30 | P->P | HASH       |                                                                                                                          
|*258 | SH JOIN RIGHT OUTER BUFFERED                              HA |                              | 79310 |    31M|       |  2218   (1)| 00:00:01 |  Q1,30 | PCWP |            |                                                                                                                          
| 259 | X RECEIVE                                                  P |                              | 29611 |  5841K|       |   755   (1)| 00:00:01 |  Q1,30 | PCWP |            |                                                                                                                          
| 260 |.PX SEND HASH                                                 | :TQ10024                     | 29611 |  5841K|       |   755   (1)| 00:00:01 |  Q1,24 | P->P | HASH       |                                                                                                                          
| 261 |. VIEW                                                        | POLICY_EVAL                  | 29611 |  5841K|       |   755   (1)| 00:00:01 |  Q1,24 | PCWP |            |                                                                                                                          
| 262 |.  HASH GROUP BY                                              |                              | 29611 |  3441K|  3960K|   755   (1)| 00:00:01 |  Q1,24 | PCWP |            |                                                                                                                          
| 263 |.   PX RECEIVE                                                |                              | 29611 |  3441K|       |   755   (1)| 00:00:01 |  Q1,24 | PCWP |            |                                                                                                                          
| 264 |.    PX SEND HASH                                             | :TQ10017                     | 29611 |  3441K|       |   755   (1)| 00:00:01 |  Q1,17 | P->P | HASH       |                                                                                                                          
| 265 |.     HASH GROUP BY                                           |                              | 29611 |  3441K|  3960K|   755   (1)| 00:00:01 |  Q1,17 | PCWP |            |                                                                                                                          
|*266 |.      HASH JOIN                                              |                              | 29611 |  3441K|       |   754   (1)| 00:00:01 |  Q1,17 | PCWP |            |                                                                                                                          
| 267 |.       PX RECEIVE                                            |                              | 35776 |  2515K|       |   669   (1)| 00:00:01 |  Q1,17 | PCWP |            |                                                                                                                          
| 268 |.        PX SEND HYBRID HASH                                  | :TQ10013                     | 35776 |  2515K|       |   669   (1)| 00:00:01 |  Q1,13 | P->P | HYBRID HASH|                                                                                                                          
| 269 |.         STATISTICS COLLECTOR                                |                              |       |       |       |            |          |  Q1,13 | PCWC |            |                                                                                                                          
|*270 |.          HASH JOIN BUFFERED                                 |                              | 35776 |  2515K|       |   669   (1)| 00:00:01 |  Q1,13 | PCWP |            |                                                                                                                          
| 271 |.           PX RECEIVE                                        |                              | 35520 |  1144K|       |    86   (2)| 00:00:01 |  Q1,13 | PCWP |            |                                                                                                                          
| 272 |.            PX SEND HYBRID HASH                              | :TQ10009                     | 35520 |  1144K|       |    86   (2)| 00:00:01 |  Q1,09 | P->P | HYBRID HASH|                                                                                                                          
| 273 |.             STATISTICS COLLECTOR                            |                              |       |       |       |            |          |  Q1,09 | PCWC |            |                                                                                                                          
| 274 |.              VIEW                                           | VW_SQ_1                      | 35520 |  1144K|       |    86   (2)| 00:00:01 |  Q1,09 | PCWP |            |                                                                                                                          
| 275 |.               HASH GROUP BY                                 |                              | 35520 |  1179K|    46M|    86   (2)| 00:00:01 |  Q1,09 | PCWP |            |                                                                                                                          
| 276 |.                PX RECEIVE                                   |                              | 35520 |  1179K|       |    86   (2)| 00:00:01 |  Q1,09 | PCWP |            |                                                                                                                          
| 277 |.                 PX SEND HASH                                | :TQ10002                     | 35520 |  1179K|       |    86   (2)| 00:00:01 |  Q1,02 | P->P | HASH       |                                                                                                                          
| 278 |.                  HASH GROUP BY                              |                              | 35520 |  1179K|    46M|    86   (2)| 00:00:01 |  Q1,02 | PCWP |            |                                                                                                                          
| 279 |.                   PX BLOCK ITERATOR                         |                              |  1107K|    35M|       |    85   (0)| 00:00:01 |  Q1,02 | PCWC |            |                                                                                                                          
|*280 |.                    TABLE ACCESS FULL                        | POLICYDAILYFININSTBALANCE    |  1107K|    35M|       |    85   (0)| 00:00:01 |  Q1,02 | PCWP |            |                                                                                                                          
| 281 |.           PX RECEIVE                                        |                              | 70960 |  2702K|       |   582   (1)| 00:00:01 |  Q1,13 | PCWP |            |                                                                                                                          
| 282 |.            PX SEND HYBRID HASH                              | :TQ10010                     | 70960 |  2702K|       |   582   (1)| 00:00:01 |  Q1,10 | P->P | HYBRID HASH|                                                                                                                          
| 283 |.             VIEW                                            |                              | 70960 |  2702K|       |   582   (1)| 00:00:01 |  Q1,10 | PCWP |            |                                                                                                                          
| 284 |.              HASH UNIQUE                                    |                              | 70960 |  2841K|    70M|   582   (1)| 00:00:01 |  Q1,10 | PCWP |            |                                                                                                                          
| 285 |.               PX RECEIVE                                    |                              | 70960 |  2841K|       |   582   (1)| 00:00:01 |  Q1,10 | PCWP |            |                                                                                                                          
| 286 |.                PX SEND HASH                                 | :TQ10003                     | 70960 |  2841K|       |   582   (1)| 00:00:01 |  Q1,03 | P->P | HASH       |                                                                                                                          
| 287 |.                 HASH UNIQUE                                 |                              | 70960 |  2841K|    70M|   582   (1)| 00:00:01 |  Q1,03 | PCWP |            |                                                                                                                          
| 288 |.                  PX BLOCK ITERATOR                          |                              |  1416K|    55M|       |   581   (1)| 00:00:01 |  Q1,03 | PCWC |            |                                                                                                                          
|*289 |.                   TABLE ACCESS FULL                         | ENDPOLICY                    |  1416K|    55M|       |   581   (1)| 00:00:01 |  Q1,03 | PCWP |            |                                                                                                                          
| 290 |.       PX RECEIVE                                            |                              |  1107K|    49M|       |    85   (0)| 00:00:01 |  Q1,17 | PCWP |            |                                                                                                                          
| 291 |.        PX SEND HYBRID HASH                                  | :TQ10014                     |  1107K|    49M|       |    85   (0)| 00:00:01 |  Q1,14 | P->P | HYBRID HASH|                                                                                                                          
| 292 |.         PX BLOCK ITERATOR                                   |                              |  1107K|    49M|       |    85   (0)| 00:00:01 |  Q1,14 | PCWC |            |                                                                                                                          
|*293 |.          TABLE ACCESS FULL                                  | POLICYDAILYFININSTBALANCE    |  1107K|    49M|       |    85   (0)| 00:00:01 |  Q1,14 | PCWP |            |                                                                                                                          
| 294 | X RECEIVE                                                  P |                              | 79310 |    16M|       |  1463   (1)| 00:00:01 |  Q1,30 | PCWP |            |                                                                                                                          
| 295 |.PX SEND HASH                                                 | :TQ10025                     | 79310 |    16M|       |  1463   (1)| 00:00:01 |  Q1,25 | P->P | HASH       |                                                                                                                          
|*296 |. HASH JOIN RIGHT OUTER BUFFERED                              |                              | 79310 |    16M|       |  1463   (1)| 00:00:01 |  Q1,25 | PCWP |            |                                                                                                                          
| 297 |.  PX RECEIVE                                                 |                              |  1886 |   114K|       |   883   (1)| 00:00:01 |  Q1,25 | PCWP |            |                                                                                                                          
| 298 |.   PX SEND HASH                                              | :TQ10018                     |  1886 |   114K|       |   883   (1)| 00:00:01 |  Q1,18 | P->P | HASH       |                                                                                                                          
| 299 |.    VIEW                                                     | MAX_DATE                     |  1886 |   114K|       |   883   (1)| 00:00:01 |  Q1,18 | PCWP |            |                                                                                                                          
| 300 |.     HASH GROUP BY                                           |                              |  1886 |   801K|       |   883   (1)| 00:00:01 |  Q1,18 | PCWP |            |                                                                                                                          
| 301 |.      PX RECEIVE                                             |                              |  1886 |   801K|       |   883   (1)| 00:00:01 |  Q1,18 | PCWP |            |                                                                                                                          
| 302 |.       PX SEND HASH                                          | :TQ10015                     |  1886 |   801K|       |   883   (1)| 00:00:01 |  Q1,15 | P->P | HASH       |                                                                                                                          
| 303 |.        HASH GROUP BY                                        |                              |  1886 |   801K|       |   883   (1)| 00:00:01 |  Q1,15 | PCWP |            |                                                                                                                          
| 304 |.         TABLE ACCESS BY INDEX ROWID BATCHED                 | TECHNICALCODE                |     1 |    77 |       |     2   (0)| 00:00:01 |  Q1,15 | PCWP |            |                                                                                                                          
|*305 |.          INDEX RANGE SCAN                                   | IDX$$_0E960002               |     1 |       |       |     1   (0)| 00:00:01 |  Q1,15 | PCWP |            |                                                                                                                          
|*306 |.         VIEW                                                |                              |  1886 |   801K|       |   882   (1)| 00:00:01 |  Q1,15 | PCWP |            |                                                                                                                          
|*307 |.          FILTER                                             |                              |       |       |       |            |          |  Q1,15 | PCWP |            |                                                                                                                          
| 308 |.           PX RECEIVE                                        |                              |   942K|   147M|       |   858   (1)| 00:00:01 |  Q1,15 | PCWP |            |                                                                                                                          
| 309 |.            PX SEND HASH                                     | :TQ10011                     |   942K|   147M|       |   858   (1)| 00:00:01 |  Q1,11 | P->P | HASH       |                                                                                                                          
|*310 |.             HASH JOIN BUFFERED                              |                              |   942K|   147M|       |   858   (1)| 00:00:01 |  Q1,11 | PCWP |            |                                                                                                                          
| 311 |.              JOIN FILTER CREATE                             | :BF0012                      | 79310 |  6583K|       |   581   (1)| 00:00:01 |  Q1,11 | PCWP |            |                                                                                                                          
| 312 |.               PX RECEIVE                                    |                              | 79310 |  6583K|       |   581   (1)| 00:00:01 |  Q1,11 | PCWP |            |                                                                                                                          
| 313 |.                PX SEND HYBRID HASH                          | :TQ10004                     | 79310 |  6583K|       |   581   (1)| 00:00:01 |  Q1,04 | P->P | HYBRID HASH|                                                                                                                          
| 314 |.                 STATISTICS COLLECTOR                        |                              |       |       |       |            |          |  Q1,04 | PCWC |            |                                                                                                                          
| 315 |.                  PX BLOCK ITERATOR                          |                              | 79310 |  6583K|       |   581   (1)| 00:00:01 |  Q1,04 | PCWC |            |                                                                                                                          
|*316 |.                   TABLE ACCESS FULL                         | ENDPOLICY                    | 79310 |  6583K|       |   581   (1)| 00:00:01 |  Q1,04 | PCWP |            |                                                                                                                          
| 317 |.              PX RECEIVE                                     |                              |   574K|    43M|       |   277   (0)| 00:00:01 |  Q1,11 | PCWP |            |                                                                                                                          
| 318 |.               PX SEND HYBRID HASH                           | :TQ10005                     |   574K|    43M|       |   277   (0)| 00:00:01 |  Q1,05 | P->P | HYBRID HASH|                                                                                                                          
| 319 |.                JOIN FILTER USE                              | :BF0012                      |   574K|    43M|       |   277   (0)| 00:00:01 |  Q1,05 | PCWP |            |                                                                                                                          
| 320 |.                 PX BLOCK ITERATOR                           |                              |   574K|    43M|       |   277   (0)| 00:00:01 |  Q1,05 | PCWC |            |                                                                                                                          
|*321 |.                  TABLE ACCESS FULL                          | BILL                         |   574K|    43M|       |   277   (0)| 00:00:01 |  Q1,05 | PCWP |            |                                                                                                                          
| 322 |.           TABLE ACCESS BY INDEX ROWID BATCHED               | TECHNICALCODE                |     1 |    77 |       |     2   (0)| 00:00:01 |        |      |            |                                                                                                                          
|*323 |.            INDEX RANGE SCAN                                 | IDX$$_0E960002               |     1 |       |       |     1   (0)| 00:00:01 |        |      |            |                                                                                                                          
| 324 |.  PX RECEIVE                                                 |                              | 79310 |    11M|       |   581   (1)| 00:00:01 |  Q1,25 | PCWP |            |                                                                                                                          
| 325 |.   PX SEND HASH                                              | :TQ10019                     | 79310 |    11M|       |   581   (1)| 00:00:01 |  Q1,19 | P->P | HASH       |                                                                                                                          
| 326 |.    PX BLOCK ITERATOR                                        |                              | 79310 |    11M|       |   581   (1)| 00:00:01 |  Q1,19 | PCWC |            |                                                                                                                          
|*327 |.     TABLE ACCESS FULL                                       | ENDPOLICY                    | 79310 |    11M|       |   581   (1)| 00:00:01 |  Q1,19 | PCWP |            |                                                                                                                          
| 328 | E                                                  PX RECEIV |                              |  1385K|    68M|       |   324   (0)| 00:00:01 |  Q1,37 | PCWP |            |                                                                                                                          
| 329 | HASH                                                PX SEND  | :TQ10034                     |  1385K|    68M|       |   324   (0)| 00:00:01 |  Q1,34 | P->P | HASH       |                                                                                                                          
| 330 | LTER USE                                             JOIN FI | :BF0010                      |  1385K|    68M|       |   324   (0)| 00:00:01 |  Q1,34 | PCWP |            |                                                                                                                          
| 331 | CK ITERATOR                                           PX BLO |                              |  1385K|    68M|       |   324   (0)| 00:00:01 |  Q1,34 | PCWC |            |                                                                                                                          
|*332 |  ACCESS FULL                                           TABLE | ENDCOVERAGE                  |  1385K|    68M|       |   324   (0)| 00:00:01 |  Q1,34 | PCWP |            |                                                                                                                          
| 333 |                                                PX RECEIVE    |                              |  1385K|    70M|       |    85   (0)| 00:00:01 |  Q1,40 | PCWP |            |                                                                                                                          
| 334 |                                                 PX SEND HASH | :TQ10038                     |  1385K|    70M|       |    85   (0)| 00:00:01 |  Q1,38 | P->P | HASH       |                                                                                                                          
| 335 |  USE                                             JOIN FILTER | :BF0009                      |  1385K|    70M|       |    85   (0)| 00:00:01 |  Q1,38 | PCWP |            |                                                                                                                          
| 336 | TERATOR                                           PX BLOCK I |                              |  1385K|    70M|       |    85   (0)| 00:00:01 |  Q1,38 | PCWC |            |                                                                                                                          
|*337 | ESS FULL                                           TABLE ACC | INVSTRAT                     |  1385K|    70M|       |    85   (0)| 00:00:01 |  Q1,38 | PCWP |            |                                                                                                                          
| 338 |                                          PX RECEIVE          |                              |  1416K|    75M|       |   581   (1)| 00:00:01 |  Q1,43 | PCWP |            |                                                                                                                          
| 339 | H                                         PX SEND HYBRID HAS | :TQ10041                     |  1416K|    75M|       |   581   (1)| 00:00:01 |  Q1,41 | P->P | HYBRID HASH|                                                                                                                          
| 340 |                                            JOIN FILTER USE   | :BF0008                      |  1416K|    75M|       |   581   (1)| 00:00:01 |  Q1,41 | PCWP |            |                                                                                                                          
| 341 | R                                           PX BLOCK ITERATO |                              |  1416K|    75M|       |   581   (1)| 00:00:01 |  Q1,41 | PCWC |            |                                                                                                                          
|*342 | LL                                           TABLE ACCESS FU | ENDPOLICY                    |  1416K|    75M|       |   581   (1)| 00:00:01 |  Q1,41 | PCWP |            |                                                                                                                          
| 343 |                                      PX RECEIVE              |                              |  1416K|    81M|       |   581   (1)| 00:00:01 |  Q1,49 | PCWP |            |                                                                                                                          
| 344 |                                       PX SEND HASH           | :TQ10044                     |  1416K|    81M|       |   581   (1)| 00:00:01 |  Q1,44 | P->P | HASH       |                                                                                                                          
| 345 |                                        JOIN FILTER USE       | :BF0007                      |  1416K|    81M|       |   581   (1)| 00:00:01 |  Q1,44 | PCWP |            |                                                                                                                          
| 346 |                                         PX BLOCK ITERATOR    |                              |  1416K|    81M|       |   581   (1)| 00:00:01 |  Q1,44 | PCWC |            |                                                                                                                          
|*347 |                                          TABLE ACCESS FULL   | ENDPOLICY                    |  1416K|    81M|       |   581   (1)| 00:00:01 |  Q1,44 | PCWP |            |                                                                                                                          
| 348 |                         PX RECEIVE                           |                              |  1417K|    72M|       |    85   (0)| 00:00:01 |  Q1,57 | PCWP |            |                                                                                                                          
| 349 |                          PX SEND HASH                        | :TQ10054                     |  1417K|    72M|       |    85   (0)| 00:00:01 |  Q1,54 | P->P | HASH       |                                                                                                                          
| 350 |                           JOIN FILTER USE                    | :BF0003                      |  1417K|    72M|       |    85   (0)| 00:00:01 |  Q1,54 | PCWP |            |                                                                                                                          
| 351 |                            PX BLOCK ITERATOR                 |                              |  1417K|    72M|       |    85   (0)| 00:00:01 |  Q1,54 | PCWC |            |                                                                                                                          
|*352 |                             TABLE ACCESS FULL                | TAXCALCHIST                  |  1417K|    72M|       |    85   (0)| 00:00:01 |  Q1,54 | PCWP |            |                                                                                                                          
| 353 |       TABLE ACCESS BY INDEX ROWID BATCHED                    | TECHNICALCODE                |     1 |    77 |       |     2   (0)| 00:00:01 |        |      |            |                                                                                                                          
|*354 |        INDEX RANGE SCAN                                      | IDX$$_0E960002               |     1 |       |       |     1   (0)| 00:00:01 |        |      |            |                                                                                                                          
----------------------------------------------------------------------------------------------------------------------------------------------------------------------------------                                                                                                                          
                                                                                                                                                                                                                                                                                                            
Predicate Information (identified by operation id):                                                                                                                                                                                                                                                         
---------------------------------------------------                                                                                                                                                                                                                                                         
                                                                                                                                                                                                                                                                                                            
   5 - filter(NVL2("ENDPOLICY"."END_STATUS_HID", (SELECT "VALUE" FROM "SOLIFE_IT0_ODS"."TECHNICALCODE" "TECHNICALCODE" WHERE                                                                                                                                                                                
              "TECHNICALCODE"."TECHNICALIDENTIFIER"=:B1),NULL)='VALIDATED')                                                                                                                                                                                                                                 
   8 - access("PARENT_OID"(+)="TECHNICALIDENTIFIER" AND "PRODUCT_TID"(+)="TECHNICALIDENTIFIER")                                                                                                                                                                                                             
   9 - filter("ODS$CURRENT_VERSION"(+)='Y')                                                                                                                                                                                                                                                                 
  10 - access("PSD"."POL_NUMBER"(+)="POL_NUMBER")                                                                                                                                                                                                                                                           
  19 - access("TECHNICALCODE"."TECHNICALIDENTIFIER"=:B1)                                                                                                                                                                                                                                                    
  21 - access("TECHNICALCODE"."TECHNICALIDENTIFIER"=:B1)                                                                                                                                                                                                                                                    
  22 - filter(("EP"."END_TYPE_EID"='MIGRATION' OR "EP"."END_TYPE_EID"='SUBSCRIPTION') AND "EP"."END_STATUS_EID"='VALIDATED')                                                                                                                                                                                
  23 - access("TECHNICALIDENTIFIER"="ED"."PARENT_OID"(+))                                                                                                                                                                                                                                                   
  27 - access("DD"."PARENT_OID"="TECHNICALIDENTIFIER")                                                                                                                                                                                                                                                      
  31 - access("TECHNICALIDENTIFIER"="DOCUMENT_TID")                                                                                                                                                                                                                                                         
  36 - access("TECHNICALIDENTIFIER"="DOCUMENTMETADATA_TID")                                                                                                                                                                                                                                                 
  38 - filter("REFERENCE"='CPCPSIGNBO' AND "ODS$CURRENT_VERSION"='Y')                                                                                                                                                                                                                                       
  41 - filter("ODS$CURRENT_VERSION"='Y' AND SYS_OP_BLOOM_FILTER(:BF0002,"DOCUMENTMETADATA_TID"))                                                                                                                                                                                                            
  46 - filter("ODS$CURRENT_VERSION"='Y' AND SYS_OP_BLOOM_FILTER(:BF0001,"DOCUMENT_TID"))                                                                                                                                                                                                                    
  48 - access("TECHNICALCODE"."TECHNICALIDENTIFIER"=:B1)                                                                                                                                                                                                                                                    
  49 - filter("DD"."SPECIMENTYPE_EID"='Original')                                                                                                                                                                                                                                                           
  52 - filter("ODS$CURRENT_VERSION"='Y' AND SYS_OP_BLOOM_FILTER(:BF0000,"PARENT_OID"))                                                                                                                                                                                                                      
  54 - filter("ODS$CURRENT_VERSION"='Y')                                                                                                                                                                                                                                                                    
  57 - access("TECHNICALIDENTIFIER"(+)="PARENT_OID")                                                                                                                                                                                                                                                        
  61 - filter("ODS$CURRENT_VERSION"(+)='Y')                                                                                                                                                                                                                                                                 
  62 - access("DISTRIBUTIONPARTNER_TID"(+)="TECHNICALIDENTIFIER")                                                                                                                                                                                                                                           
  66 - filter("ODS$CURRENT_VERSION"(+)='Y')                                                                                                                                                                                                                                                                 
  69 - access("TECHNICALIDENTIFIER"(+)="ROLE_TID")                                                                                                                                                                                                                                                          
  70 - filter("ODS$CURRENT_VERSION"(+)='Y')                                                                                                                                                                                                                                                                 
  71 - access("ROLE_TARGET_TID"(+)="TECHNICALIDENTIFIER")                                                                                                                                                                                                                                                   
  75 - filter("ODS$CURRENT_VERSION"(+)='Y')                                                                                                                                                                                                                                                                 
  78 - access("PARENT_OID"(+)="TECHNICALIDENTIFIER")                                                                                                                                                                                                                                                        
  82 - filter("ODS$CURRENT_VERSION"(+)='Y')                                                                                                                                                                                                                                                                 
  85 - access("OWNER_TID"(+)="TECHNICALIDENTIFIER")                                                                                                                                                                                                                                                         
  87 - access("PARENT_OID"(+)="TECHNICALIDENTIFIER")                                                                                                                                                                                                                                                        
  91 - filter("ODS$CURRENT_VERSION"(+)='Y')                                                                                                                                                                                                                                                                 
  94 - access("TECHNICALIDENTIFIER"(+)="POL_CURRENCY_TID")                                                                                                                                                                                                                                                  
  98 - filter("ODS$CURRENT_VERSION"(+)='Y')                                                                                                                                                                                                                                                                 
  99 - access("TECHNICALIDENTIFIER"(+)="POL_PRODUCT_TID")                                                                                                                                                                                                                                                   
 103 - filter("ODS$CURRENT_VERSION"(+)='Y')                                                                                                                                                                                                                                                                 
 104 - access("PARENT_OID"(+)="TECHNICALIDENTIFIER")                                                                                                                                                                                                                                                        
 108 - filter("ODS$CURRENT_VERSION"(+)='Y')                                                                                                                                                                                                                                                                 
 109 - access("PARENT_OID"(+)="TECHNICALIDENTIFIER")                                                                                                                                                                                                                                                        
 113 - filter("ODS$CURRENT_VERSION"(+)='Y')                                                                                                                                                                                                                                                                 
 116 - access("TAXFRAMEWORK_TID"="TECHNICALIDENTIFIER"(+))                                                                                                                                                                                                                                                  
 117 - filter("ODS$CURRENT_VERSION"(+)='Y')                                                                                                                                                                                                                                                                 
 118 - access("CR"."ID_POLICE"(+)="TECHNICALIDENTIFIER")                                                                                                                                                                                                                                                    
 123 - access("BUSINESSCODE"."TECHNICALIDENTIFIER"=:B1)                                                                                                                                                                                                                                                     
 129 - filter(NVL2("FINANCIALINSTRUMENT"."STATUS_BID", (SELECT "EXTERNALID" FROM "SOLIFE_IT0_ODS"."BUSINESSCODE" "BUSINESSCODE" WHERE                                                                                                                                                                       
              "BUSINESSCODE"."TECHNICALIDENTIFIER"=:B1),NULL)='FORCE' AND NVL2("ENDPOLICY"."END_STATUS_HID", (SELECT "VALUE" FROM "SOLIFE_IT0_ODS"."TECHNICALCODE" "TECHNICALCODE"                                                                                                                          
              WHERE "TECHNICALCODE"."TECHNICALIDENTIFIER"=:B2),NULL)='VALIDATED')                                                                                                                                                                                                                           
 132 - access("POL_NUMBER"="POL_NUMBER")                                                                                                                                                                                                                                                                    
 137 - access("TECHNICALIDENTIFIER"="FINANCIALINSTRUMENT_TID")                                                                                                                                                                                                                                              
 152 - access("BUSINESSCODE"."TECHNICALIDENTIFIER"=:B1)                                                                                                                                                                                                                                                     
 157 - filter(NVL2("FINANCIALINSTRUMENT"."STATUS_BID", (SELECT "EXTERNALID" FROM "SOLIFE_IT0_ODS"."BUSINESSCODE" "BUSINESSCODE" WHERE                                                                                                                                                                       
              "BUSINESSCODE"."TECHNICALIDENTIFIER"=:B1),NULL)='FORCE' AND NVL2("ENDPOLICY"."END_STATUS_HID", (SELECT "VALUE" FROM "SOLIFE_IT0_ODS"."TECHNICALCODE" "TECHNICALCODE"                                                                                                                          
              WHERE "TECHNICALCODE"."TECHNICALIDENTIFIER"=:B2),NULL)='VALIDATED')                                                                                                                                                                                                                           
 160 - access("POL_NUMBER"="POL_NUMBER")                                                                                                                                                                                                                                                                    
 164 - filter("POL_CURRENT_ENDPOL"='true' AND "ODS$CURRENT_VERSION"='Y')                                                                                                                                                                                                                                    
 165 - access("POL_POLICY_SID"="POLICY_TID")                                                                                                                                                                                                                                                                
 170 - filter("ODS$CURRENT_VERSION"='Y')                                                                                                                                                                                                                                                                    
 173 - access("TECHNICALIDENTIFIER"="FINANCIALINSTRUMENT_TID")                                                                                                                                                                                                                                              
 179 - filter("ODS$CURRENT_VERSION"='Y')                                                                                                                                                                                                                                                                    
 184 - filter("ODS$CURRENT_VERSION"='Y' AND "POSITIONVIEWTYPE_BID"='5231:2' AND SYS_OP_BLOOM_FILTER(:BF0006,"FINANCIALINSTRUMENT_TID"))                                                                                                                                                                     
 186 - access("BUSINESSCODE"."TECHNICALIDENTIFIER"=:B1)                                                                                                                                                                                                                                                     
 188 - access("TECHNICALCODE"."TECHNICALIDENTIFIER"=:B1)                                                                                                                                                                                                                                                    
 189 - filter("ODS$CURRENT_VERSION"='Y')                                                                                                                                                                                                                                                                    
 190 - access("CN"."ID_POLICE"="TECHNICALIDENTIFIER")                                                                                                                                                                                                                                                       
 191 - access("POL_POLICY_SID"="POLICY_TID" AND "POSITIONVIEWTYPE_BID"='5231:2')                                                                                                                                                                                                                            
       filter("POSITIONVIEWTYPE_BID"='5231:2')                                                                                                                                                                                                                                                              
 192 - filter("ODS$CURRENT_VERSION"='Y')                                                                                                                                                                                                                                                                    
 197 - filter("ODS$CURRENT_VERSION"='Y' AND SYS_OP_BLOOM_FILTER(:BF0005,"TECHNICALIDENTIFIER"))                                                                                                                                                                                                             
 202 - filter("POL_CURRENT_ENDPOL"='true' AND "ODS$CURRENT_VERSION"='Y' AND SYS_OP_BLOOM_FILTER(:BF0004,"POL_NUMBER"))                                                                                                                                                                                      
 204 - access("BUSINESSCODE"."TECHNICALIDENTIFIER"=:B1)                                                                                                                                                                                                                                                     
 206 - access("TECHNICALCODE"."TECHNICALIDENTIFIER"=:B1)                                                                                                                                                                                                                                                    
 207 - access("TECHNICALIDENTIFIER"=COALESCE("FULL_PREVIOUS_TID","TECHNICALIDENTIFIER"))                                                                                                                                                                                                                    
 211 - access("TECHNICALIDENTIFIER"=COALESCE("FULL_PREVIOUS_TID","TECHNICALIDENTIFIER"))                                                                                                                                                                                                                    
 216 - access("INVESTSTRATEGYDEFINITION_TID"="TECHNICALIDENTIFIER"(+))                                                                                                                                                                                                                                      
 220 - filter("ODS$CURRENT_VERSION"(+)='Y')                                                                                                                                                                                                                                                                 
 221 - access("INVCOV_INVESTMENTSTRATEGY_TID"="TECHNICALIDENTIFIER"(+))                                                                                                                                                                                                                                     
 225 - access("ENDORSEDPOLICY_TID"(+)=COALESCE("FULL_PREVIOUS_TID","TECHNICALIDENTIFIER"))                                                                                                                                                                                                                  
 229 - access("RT"."ROLE_TARGET_TID"(+)="POL_POLICY_SID")                                                                                                                                                                                                                                                   
 233 - access("TECHNICALIDENTIFIER"="ROLE_TID")                                                                                                                                                                                                                                                             
 238 - filter("ODS$CURRENT_VERSION"='Y')                                                                                                                                                                                                                                                                    
 243 - filter("ODS$CURRENT_VERSION"='Y' AND SYS_OP_BLOOM_FILTER(:BF0011,"ROLE_TID"))                                                                                                                                                                                                                        
 244 - access("POL_POLICY_SID"="PAYSTAT"."POLICY_TID"(+))                                                                                                                                                                                                                                                   
 249 - access("BUSINESSCODE"."TECHNICALIDENTIFIER"=:B1)                                                                                                                                                                                                                                                     
 255 - filter("ODS$CURRENT_VERSION"='Y')                                                                                                                                                                                                                                                                    
 258 - access("POL_NUMBER"="POLICY_EVAL"."IDPOLICE"(+))                                                                                                                                                                                                                                                     
 266 - access("VALUATIONDATE"="MAX(PB2.VALUATIONDATE)" AND "E"."POL_POLICY_SID"="POLICY_TID")                                                                                                                                                                                                               
 270 - access("ITEM_1"="E"."POL_POLICY_SID")                                                                                                                                                                                                                                                                
 280 - filter("ODS$CURRENT_VERSION"='Y')                                                                                                                                                                                                                                                                    
 289 - filter("ODS$CURRENT_VERSION"='Y')                                                                                                                                                                                                                                                                    
 293 - filter("ODS$CURRENT_VERSION"='Y' AND "POSITIONVIEWTYPE_BID"='5231:2')                                                                                                                                                                                                                                
 296 - access("POL_POLICY_SID"="MAX_DATE"."TECH_ID_POL"(+))                                                                                                                                                                                                                                                 
 305 - access("TECHNICALCODE"."TECHNICALIDENTIFIER"=:B1)                                                                                                                                                                                                                                                    
 306 - filter("B2"."BILLSTATUS_EID"<>'NEW' AND "B2"."BILLSTATUS_EID"<>'SCHEDULED' AND "B2"."BILLSTATUS_EID"<>'CANCELLED')                                                                                                                                                                                   
 307 - filter(NVL2("ENDPOLICY"."END_STATUS_HID", (SELECT "VALUE" FROM "SOLIFE_IT0_ODS"."TECHNICALCODE" "TECHNICALCODE" WHERE                                                                                                                                                                                
              "TECHNICALCODE"."TECHNICALIDENTIFIER"=:B1),NULL)='VALIDATED')                                                                                                                                                                                                                                 
 310 - access("POL_POLICY_SID"="POLICY_TID")                                                                                                                                                                                                                                                                
 316 - filter("POL_CURRENT_ENDPOL"='true' AND "ODS$CURRENT_VERSION"='Y')                                                                                                                                                                                                                                    
 321 - filter("ODS$CURRENT_VERSION"='Y' AND SYS_OP_BLOOM_FILTER(:BF0012,"POLICY_TID"))                                                                                                                                                                                                                      
 323 - access("TECHNICALCODE"."TECHNICALIDENTIFIER"=:B1)                                                                                                                                                                                                                                                    
 327 - filter("POL_CURRENT_ENDPOL"='true' AND "ODS$CURRENT_VERSION"='Y')                                                                                                                                                                                                                                    
 332 - filter("INVCOV_INVESTMENTSTRATEGY_TID"(+) IS NOT NULL AND "ODS$CURRENT_VERSION"(+)='Y' AND SYS_OP_BLOOM_FILTER(:BF0010,"ENDORSEDPOLICY_TID"(+)))                                                                                                                                                     
 337 - filter("ODS$CURRENT_VERSION"(+)='Y' AND SYS_OP_BLOOM_FILTER(:BF0009,"TECHNICALIDENTIFIER"(+)))                                                                                                                                                                                                       
 342 - filter("ODS$CURRENT_VERSION"='Y' AND "END_INTERNAL_NBR" IS NOT NULL AND SYS_OP_BLOOM_FILTER(:BF0008,"TECHNICALIDENTIFIER"))                                                                                                                                                                          
 347 - filter("ODS$CURRENT_VERSION"='Y' AND SYS_OP_BLOOM_FILTER(:BF0007,"TECHNICALIDENTIFIER"))                                                                                                                                                                                                             
 352 - filter("ODS$CURRENT_VERSION"(+)='Y' AND SYS_OP_BLOOM_FILTER(:BF0003,"OWNER_TID"(+)))                                                                                                                                                                                                                 
 354 - access("TECHNICALCODE"."TECHNICALIDENTIFIER"=:B1)                                                                                                                                                                                                                                                    
                                                                                                                                                                                                                                                                                                            
Note                                                                                                                                                                                                                                                                                                        
-----                                                                                                                                                                                                                                                                                                       
   - dynamic statistics used: dynamic sampling (level=AUTO)                                                                                                                                                                                                                                                 
   - automatic DOP: Computed Degree of Parallelism is 72                                                                                                                                                                                                                                                    

SQL> spool off;
