SQL> /

DBMS_SQLTUNE.REPORT_TUNING_TASK('ECLUBINTER','TEXT','TYPICAL','ALL')                                
----------------------------------------------------------------------------------------------------
GENERAL INFORMATION SECTION                                                                         
-------------------------------------------------------------------------------                     
Tuning Task Name   : eclubinter                                                                     
Tuning Task Owner  : BIP                                                                            
Workload Type      : Single SQL Statement                                                           
Scope              : COMPREHENSIVE                                                                  
Time Limit(seconds): 7200                                                                           
Completion Status  : INTERRUPTED                                                                    
Started at         : 05/29/2018 11:18:45                                                            
Completed at       : 05/29/2018 13:20:56                                                            
                                                                                                    
-------------------------------------------------------------------------------                     
Error: ORA-13639: L'opération en cours a été interrompue : dépassement de délai.                    
-------------------------------------------------------------------------------                     
                                                                                                    
-------------------------------------------------------------------------------                     
Schema Name: SOLIFE_IT0_ODS_CURVER                                                                  
SQL ID     : ba9uxvnyqzn89                                                                          
SQL Text   : SELECT DISTINCT                                                                        
             	ALL_END_POL.POL_NUMBER,                                                               
             	CR.CLASSEFONDSINVESTI,                                                                
             	P.CODE,                                                                               
             	ENDPAR.PRSTRPRODUCTLINE_VAL AS LIGNEMETIER,                                           
             	ALL_END_POL.POL_STATUS_EID AS EXTERNALID,                                             
             	C.ISOCODE,                                                                            
             	ALL_END_POL.PAYMENTMODE_EID AS VALUE,                                                 
             	ALL_END_POL.POL_EFFECTIVEDATE,                                                        
             	ALL_END_POL.POL_TERMDATE,                                                             
             	CASE                                                                                  
             		WHEN ALL_END_POL.PERIODICITY_EID = 'MON' THEN                                        
             ADD_MONTHS(MAX_DATE.BILL_DATE,1)                                                       
             		WHEN ALL_END_POL.PERIODICITY_EID = 'QUA' THEN                                        
             ADD_MONTHS(MAX_DATE.BILL_DATE,3)                                                       
             		WHEN ALL_END_POL.PERIODICITY_EID = 'SEM' THEN                                        
             ADD_MONTHS(MAX_DATE.BILL_DATE,6)                                                       
             		WHEN ALL_END_POL.PERIODICITY_EID = 'ANN' THEN                                        
             ADD_MONTHS(MAX_DATE.BILL_DATE,12)                                                      
             	END AS MODIFIEDDATE,                                                                  
             	ALL_END_POL.POL_COUNTRYOFLAW_EID AS FISCALITE,                                        
             	ENDPAR.DURATION_VAL,                                                                  
             	ENDPAR.DURATIONUNIT_EID AS UNITEDUREE,                                                
             	ECF.POSTRIDDISTRIBUTOR_VAL,                                                           
             	ECF.POBOOMANDATINTERMEDIATION_VAL,                                                    
             	ECF.POSTRCIRCULARLETTER_VAL,                                                          
             	PSD.CPSIGNEE,                                                                         
             	PSD.DATECPSIGNEE AS DATECPSIGNEE,                                                     
             	ECF.POSTRMODEENVCOURRIER_VAL,                                                         
             	(select EACC.IBAN from EXTERNALACCOUNT EACC where                                     
             EACC.OWNER_TID = RP.TECHNICALIDENTIFIER and                                            
             eacc.isdefault='true' fetch first row only) as IBAN,                                   
             	PAYSTAT.REMIND_STATUS AS STATUTPAYMENT,                                               
             	POLICY_EVAL.EVAL AS EVAL,                                                             
             	ECF.POSTRBULLETINSOUS_VAL,                                                            
             	CASE                                                                                  
             		WHEN ALL_END_POL.pol_enddate BETWEEN CURRENT_DATE AND                                
             ADD_MONTHS(CURRENT_DATE, -6) and ALL_END_POL.POL_STATUS_EID in                         
             ('CANC', 'CLAIMED', 'CLOSE', 'DEATH_CL', 'INAC', 'NOTPROC',                            
             'RENUNC', 'SURREN', 'TERM', 'TRANSF') THEN 'false'                                     
             		WHEN ALL_END_POL.pol_enddate BETWEEN CURRENT_DATE AND                                
             ADD_MONTHS(CURRENT_DATE, -6) and ALL_END_POL.POL_STATUS_EID in                         
             ('SURREN') THEN 'true'                                                                 
             		WHEN ALL_END_POL.POL_STATUS_EID in ('FORCE') THEN 'true'                             
             		ELSE 'false'                                                                         
             	END AS VISIBLEEXTERIEUR,                                                              
             	CASE WHEN EI.INDEXATIONTYPE_EID = 'FISCAL_GAIN' THEN 'true'                           
             ELSE 'false' END AS MAXIMUMDEDUCTIBLE,                                                 
             	ENDPAR.PRSTRPRODUCTCODE_VAL AS OLDCODEPRODUIT,                                        
             	ID.identifier as STRATEGIEINVESTISSEMENT,                                             
             	coalesce(ECF.poStrCommercialLabel_VAL,                                                
             DISTRIBUTIONNETWORK_PRODUCT.COMMERCIALNAME, P.name) as                                 
             LIBELLEPRODUITLABELLISE,                                                               
             	TaxFwk.NAME AS MANDATFISCALTYPE,                                                      
             	TAXCALCHIST_PAR.TUBOOFISCALWITHMANDATE_VAL AS                                         
             MANDATFISCALVALEUR                                                                     
             FROM                                                                                   
             	CURRENT_POLICIES CP                                                                   
             	INNER JOIN ENDPOLICY ALL_END_POL ON CP.STRUCTURAL_END_TID =                           
             ALL_END_POL.TECHNICALIDENTIFIER                                                        
             	INNER JOIN ENDPOLICY FULL_6601_END_POL ON                                             
             (FULL_6601_END_POL.TECHNICALIDENTIFIER =                                               
             COALESCE(ALL_END_POL.FULL_PREVIOUS_TID,                                                
             ALL_END_POL.TECHNICALIDENTIFIER ))                                                     
             	LEFT OUTER JOIN ENDPOLICY_CF ECF                                                      
             ON(ECF.PARENT_OID=FULL_6601_END_POL.TECHNICALIDENTIFIER)                               
             	LEFT OUTER JOIN ENDPOLICY_PRODUCTPAR ENDPAR ON                                        
             (ENDPAR.PARENT_OID = FULL_6601_END_POL.TECHNICALIDENTIFIER)                            
             	LEFT OUTER JOIN PRODUCT P ON (P.TECHNICALIDENTIFIER =                                 
             FULL_6601_END_POL.POL_PRODUCT_TID)                                                     
             	LEFT OUTER JOIN CURRENCY C ON C.TECHNICALIDENTIFIER =                                 
             FULL_6601_END_POL.POL_CURRENCY_TID                                                     
             	LEFT OUTER JOIN (RoleToRoleTarget RT INNER JOIN RolePayer RP On                       
             RP.TECHNICALIDENTIFIER = RT.Role_TID)                                                  
             		ON RT.Role_Target_TID = CP.POL_POLICY_SID                                            
             	LEFT OUTER JOIN POL_SIGN_DATE PSD ON PSD.POL_NUMBER =                                 
             CP.POL_NUMBER                                                                          
             	LEFT OUTER JOIN PAYSTAT ON CP.POL_POLICY_SID =                                        
             PAYSTAT.POLICY_TID                                                                     
             	LEFT OUTER JOIN POLICY_EVAL ON CP.POL_NUMBER =                                        
             POLICY_EVAL.IDPOLICE                                                                   
             	LEFT OUTER JOIN ENDPOLICY_INDEXSETTING EI ON EI.parent_OID =                          
             FULL_6601_END_POL.TECHNICALIDENTIFIER                                                  
             	LEFT OUTER JOIN CLASSESRESULTAT CR ON CR.ID_POLICE =                                  
             FULL_6601_END_POL.TECHNICALIDENTIFIER                                                  
             	LEFT OUTER JOIN ENDCOVERAGE ON (ENDCOVERAGE.EndorsedPolicy_TID                        
             = CP.STRUCTURAL_END_TID and InvCov_InvestmentStrategy_TID is not                       
             null)                                                                                  
             	LEFT OUTER JOIN INVSTRAT ON (ENDCOVERAGE.InvCov_InvestmentStrate                      
             gy_TID = INVSTRAT.TECHNICALIDENTIFIER)                                                 
             	LEFT OUTER JOIN INVSTRATDEF ID ON (InvestStrategyDefinition_TID                       
             = ID.TECHNICALIDENTIFIER )                                                             
             	LEFT OUTER JOIN ROLETOROLETARGET RT2 ON (RT2.ROLE_TARGET_TID =                        
             FULL_6601_END_POL.TECHNICALIDENTIFIER)                                                 
             	LEFT OUTER JOIN BROKER ON (BROKER.TECHNICALIDENTIFIER =                               
             RT2.ROLE_TID)                                                                          
             	LEFT OUTER JOIN DISTRIBUTIONNETWORK_STRUCT ON                                         
             (DISTRIBUTIONNETWORK_STRUCT.DISTRIBUTIONPARTNER_TID =                                  
             BROKER.TECHNICALIDENTIFIER)                                                            
             	LEFT OUTER JOIN DISTRIBUTIONNETWORK ON                                                
             (DISTRIBUTIONNETWORK.TECHNICALIDENTIFIER =                                             
             DISTRIBUTIONNETWORK_STRUCT.PARENT_OID)                                                 
             	LEFT OUTER JOIN  DISTRIBUTIONNETWORK_PRODUCT ON                                       
             (DISTRIBUTIONNETWORK_PRODUCT.PARENT_OID =                                              
             DISTRIBUTIONNETWORK.TECHNICALIDENTIFIER                                                
             			AND DISTRIBUTIONNETWORK_PRODUCT.PRODUCT_TID =                                       
             P.TECHNICALIDENTIFIER)                                                                 
             	LEFT OUTER JOIN MAX_DATE ON CP.POL_POLICY_SID =                                       
             MAX_DATE.TECH_ID_POL                                                                   
             	LEFT OUTER JOIN TAXFRAMEWORK TaxFwk ON                                                
             FULL_6601_END_POL.TaxFramework_TID = TaxFwk.TECHNICALIDENTIFIER                        
             	LEFT OUTER JOIN TAXCALCHIST ON TAXCALCHIST.Owner_TID =                                
             FULL_6601_END_POL.technicalidentifier                                                  
             	LEFT OUTER JOIN TAXCALCHIST_PAR ON TAXCALCHIST_PAR.Parent_OID =                       
             TAXCALCHIST.technicalidentifier                                                        
             WHERE ALL_END_POL.End_Internal_Nbr IS NOT NULL                                         
                                                                                                    
-------------------------------------------------------------------------------                     
FINDINGS SECTION (1 finding)                                                                        
-------------------------------------------------------------------------------                     
                                                                                                    
1- Index Finding (see explain plans section below)                                                  
--------------------------------------------------                                                  
  Le plan d'exécution de cette instruction peut être amélioré en créant un ou                       
  plusieurs index.                                                                                  
                                                                                                    
  Recommendation (estimated benefit: 99.42%)                                                        
  ------------------------------------------                                                        
  - Envisagez d'exécuter Access Advisor pour améliorer la conception du                             
    schéma physique ou de créer l'index recommandé.                                                 
    create index SOLIFE_IT0_ODS.IDX$$_0E960002 on                                                   
    SOLIFE_IT0_ODS.TECHNICALCODE("TECHNICALIDENTIFIER");                                            
                                                                                                    
  - Envisagez d'exécuter Access Advisor pour améliorer la conception du                             
    schéma physique ou de créer l'index recommandé.                                                 
    create index SOLIFE_IT0_ODS.IDX$$_0E960003 on                                                   
    SOLIFE_IT0_ODS.BUSINESSCODE("TECHNICALIDENTIFIER");                                             
                                                                                                    
  - Envisagez d'exécuter Access Advisor pour améliorer la conception du                             
    schéma physique ou de créer l'index recommandé.                                                 
    create index SOLIFE_IT0_ODS.IDX$$_0E96000A on                                                   
    SOLIFE_IT0_ODS.EXTERNALACCOUNT("OWNER_TID","ISDEFAULT");                                        
                                                                                                    
  Rationale                                                                                         
  ---------                                                                                         
    La création des index recommandés améliore de façon considérable le plan                        
    d'exécution de cette instruction. Il pourrait cependant être préférable                         
    d'exécuter "Access Advisor" en utilisant une charge globale SQL                                 
    représentative contrairement à une seule instruction. Ceci permettra                            
    d'obtenir des recommandations d'index complètes prenant en compte le coût                       
    de maintenance des index et de la consommation d'espace supplémentaire.                         
                                                                                                    
-------------------------------------------------------------------------------                     
ERRORS SECTION                                                                                      
-------------------------------------------------------------------------------                     
- L'opération en cours a été interrompue : dépassement de délai.                                    
                                                                                                    
-------------------------------------------------------------------------------                     
EXPLAIN PLANS SECTION                                                                               
-------------------------------------------------------------------------------                     
                                                                                                    
1- Original                                                                                         
-----------                                                                                         
Plan hash value: 387292989                                                                          
                                                                                                    
----------------------------------------------------------------------------------------------------
------------------------------------------------------------------------------                      
| Id  | Operation                                                    | Name                         
| Rows  | Bytes |TempSpc| Cost (%CPU)| Time     |    TQ  |IN-OUT| PQ Distrib |                      
----------------------------------------------------------------------------------------------------
------------------------------------------------------------------------------                      
|   0 | SELECT STATEMENT                                             |                              
|  3615K|    12G|       |  2462M  (1)| 26:43:08 |        |      |            |                      
|   1 |  TABLE ACCESS BY INDEX ROWID BATCHED                         | BUSINESSCODE                 
|     1 |    19 |       |     3   (0)| 00:00:01 |        |      |            |                      
|*  2 |   INDEX RANGE SCAN                                           | PK_BUSINESSCODE              
|     1 |       |       |     2   (0)| 00:00:01 |        |      |            |                      
|   3 |  TABLE ACCESS BY INDEX ROWID BATCHED                         | BUSINESSCODE                 
|     1 |    19 |       |     3   (0)| 00:00:01 |        |      |            |                      
|*  4 |   INDEX RANGE SCAN                                           | PK_BUSINESSCODE              
|     1 |       |       |     2   (0)| 00:00:01 |        |      |            |                      
|   5 |  TABLE ACCESS BY INDEX ROWID BATCHED                         | BUSINESSCODE                 
|     1 |    19 |       |     3   (0)| 00:00:01 |        |      |            |                      
|*  6 |   INDEX RANGE SCAN                                           | PK_BUSINESSCODE              
|     1 |       |       |     2   (0)| 00:00:01 |        |      |            |                      
|   7 |  TABLE ACCESS BY INDEX ROWID BATCHED                         | TECHNICALCODE                
|     1 |    77 |       |     3   (0)| 00:00:01 |        |      |            |                      
|*  8 |   INDEX RANGE SCAN                                           | PK_TECHNICALCODE             
|     1 |       |       |     2   (0)| 00:00:01 |        |      |            |                      
|   9 |  PX COORDINATOR                                              |                              
|       |       |       |            |          |        |      |            |                      
|  10 |   PX SEND QC (RANDOM)                                        | :TQ10057                     
|  3615K|    12G|       |  2462M  (1)| 26:43:08 |  Q1,57 | P->S | QC (RAND)  |                      
|  11 |    EXPRESSION EVALUATION                                     |                              
|       |       |       |            |          |  Q1,57 | PCWC |            |                      
|  12 |     HASH UNIQUE                                              |                              
|  3615K|    12G|    13G|  2462M  (1)| 26:43:08 |  Q1,57 | PCWP |            |                      
|  13 |      PX RECEIVE                                              |                              
|  3615K|    12G|       |  2462M  (1)| 26:43:08 |  Q1,57 | PCWP |            |                      
|  14 |       PX SEND HASH                                           | :TQ10056                     
|  3615K|    12G|       |  2462M  (1)| 26:43:08 |  Q1,56 | P->P | HASH       |                      
|  15 |        HASH UNIQUE                                           |                              
|  3615K|    12G|    13G|  2462M  (1)| 26:43:08 |  Q1,56 | PCWP |            |                      
|* 16 |         FILTER                                               |                              
|       |       |       |            |          |  Q1,56 | PCWP |            |                      
|  17 |          PX RECEIVE                                          |                              
|  1807M|  6133G|       | 34579   (2)| 00:00:02 |  Q1,56 | PCWP |            |                      
|  18 |           PX SEND HASH                                       | :TQ10055                     
|  1807M|  6133G|       | 34579   (2)| 00:00:02 |  Q1,55 | P->P | HASH       |                      
|* 19 |            HASH JOIN RIGHT OUTER BUFFERED                    |                              
|  1807M|  6133G|       | 34579   (2)| 00:00:02 |  Q1,55 | PCWP |            |                      
|* 20 |             TABLE ACCESS FULL                                | DISTRIBUTIONNETWORK_PRODUCT  
|  2625 |   266K|       |     2   (0)| 00:00:01 |  Q1,55 | PCWP |            |                      
|* 21 |             HASH JOIN RIGHT OUTER                            |                              
|    15M|    52G|       | 34229   (1)| 00:00:02 |  Q1,55 | PCWP |            |                      
|* 22 |              TABLE ACCESS FULL                               | DISTRIBUTIONNETWORK          
|   115 | 12650 |       |     2   (0)| 00:00:01 |  Q1,55 | PCWP |            |                      
|* 23 |              HASH JOIN RIGHT OUTER                           |                              
|    15M|    51G|       | 34224   (1)| 00:00:02 |  Q1,55 | PCWP |            |                      
|  24 |               PX RECEIVE                                     |                              
| 40217 |  2317K|       |    25   (0)| 00:00:01 |  Q1,55 | PCWP |            |                      
|  25 |                PX SEND BROADCAST                             | :TQ10044                     
| 40217 |  2317K|       |    25   (0)| 00:00:01 |  Q1,44 | P->P | BROADCAST  |                      
|  26 |                 PX BLOCK ITERATOR                            |                              
| 40217 |  2317K|       |    25   (0)| 00:00:01 |  Q1,44 | PCWC |            |                      
|* 27 |                  TABLE ACCESS FULL                           | DISTRIBUTIONNETWORK_STRUCT   
| 40217 |  2317K|       |    25   (0)| 00:00:01 |  Q1,44 | PCWP |            |                      
|* 28 |               HASH JOIN RIGHT OUTER                          |                              
|  2087K|  6708M|       | 34195   (1)| 00:00:02 |  Q1,55 | PCWP |            |                      
|* 29 |                TABLE ACCESS FULL                             | BROKER                       
|  5248 |  1916K|       |    18   (0)| 00:00:01 |  Q1,55 | PCWP |            |                      
|* 30 |                HASH JOIN RIGHT OUTER                         |                              
|  2078K|  5939M|       | 34177   (1)| 00:00:02 |  Q1,55 | PCWP |            |                      
|  31 |                 PX RECEIVE                                   |                              
|   879K|    42M|       |   265   (1)| 00:00:01 |  Q1,55 | PCWP |            |                      
|  32 |                  PX SEND BROADCAST                           | :TQ10045                     
|   879K|    42M|       |   265   (1)| 00:00:01 |  Q1,45 | P->P | BROADCAST  |                      
|  33 |                   PX BLOCK ITERATOR                          |                              
|   879K|    42M|       |   265   (1)| 00:00:01 |  Q1,45 | PCWC |            |                      
|* 34 |                    TABLE ACCESS FULL                         | ROLETOROLETARGET             
|   879K|    42M|       |   265   (1)| 00:00:01 |  Q1,45 | PCWP |            |                      
|* 35 |                 HASH JOIN RIGHT OUTER                        |                              
|  1678K|  4714M|       | 33912   (1)| 00:00:02 |  Q1,55 | PCWP |            |                      
|* 36 |                  TABLE ACCESS FULL                           | TAXCALCHIST_PAR              
|   498K|    14M|       |   369   (1)| 00:00:01 |  Q1,55 | PCWP |            |                      
|* 37 |                  HASH JOIN RIGHT OUTER                       |                              
|  1678K|  4664M|       | 33542   (1)| 00:00:02 |  Q1,55 | PCWP |            |                      
|  38 |                   PX RECEIVE                                 |                              
|  1417K|    72M|       |   409   (1)| 00:00:01 |  Q1,55 | PCWP |            |                      
|  39 |                    PX SEND BROADCAST                         | :TQ10046                     
|  1417K|    72M|       |   409   (1)| 00:00:01 |  Q1,46 | P->P | BROADCAST  |                      
|  40 |                     PX BLOCK ITERATOR                        |                              
|  1417K|    72M|       |   409   (1)| 00:00:01 |  Q1,46 | PCWC |            |                      
|* 41 |                      TABLE ACCESS FULL                       | TAXCALCHIST                  
|  1417K|    72M|       |   409   (1)| 00:00:01 |  Q1,46 | PCWP |            |                      
|* 42 |                   HASH JOIN RIGHT OUTER                      |                              
|  1678K|  4577M|       | 33132   (1)| 00:00:02 |  Q1,55 | PCWP |            |                      
|  43 |                    PX RECEIVE                                |                              
|   101K|    23M|       |    94   (0)| 00:00:01 |  Q1,55 | PCWP |            |                      
|  44 |                     PX SEND BROADCAST                        | :TQ10047                     
|   101K|    23M|       |    94   (0)| 00:00:01 |  Q1,47 | P->P | BROADCAST  |                      
|  45 |                      VIEW                                    | ENDPOLICY_PRODUCTPAR         
|   101K|    23M|       |    94   (0)| 00:00:01 |  Q1,47 | PCWP |            |                      
|  46 |                       PX BLOCK ITERATOR                      |                              
|   101K|  6914K|       |    58   (0)| 00:00:01 |  Q1,47 | PCWC |            |                      
|* 47 |                        TABLE ACCESS FULL                     | ENDPOLICY_PRODUCTPAR         
|   101K|  6914K|       |    58   (0)| 00:00:01 |  Q1,47 | PCWP |            |                      
|* 48 |                    HASH JOIN RIGHT OUTER                     |                              
|  1678K|  4184M|       | 33038   (1)| 00:00:02 |  Q1,55 | PCWP |            |                      
|  49 |                     PX RECEIVE                               |                              
| 71196 |  4588K|       |    35   (0)| 00:00:01 |  Q1,55 | PCWP |            |                      
|  50 |                      PX SEND BROADCAST                       | :TQ10048                     
| 71196 |  4588K|       |    35   (0)| 00:00:01 |  Q1,48 | P->P | BROADCAST  |                      
|  51 |                       PX BLOCK ITERATOR                      |                              
| 71196 |  4588K|       |    35   (0)| 00:00:01 |  Q1,48 | PCWC |            |                      
|* 52 |                        TABLE ACCESS FULL                     | ENDPOLICY_CF                 
| 71196 |  4588K|       |    35   (0)| 00:00:01 |  Q1,48 | PCWP |            |                      
|* 53 |                     HASH JOIN RIGHT OUTER                    |                              
|  1677K|  4077M|       | 33002   (1)| 00:00:02 |  Q1,55 | PCWP |            |                      
|  54 |                      PX RECEIVE                              |                              
| 14995 |  6252K|       |    14   (0)| 00:00:01 |  Q1,55 | PCWP |            |                      
|  55 |                       PX SEND BROADCAST                      | :TQ10049                     
| 14995 |  6252K|       |    14   (0)| 00:00:01 |  Q1,49 | P->P | BROADCAST  |                      
|  56 |                        VIEW                                  | ENDPOLICY_INDEXSETTING       
| 14995 |  6252K|       |    14   (0)| 00:00:01 |  Q1,49 | PCWP |            |                      
|  57 |                         PX BLOCK ITERATOR                    |                              
| 14995 |  1083K|       |     8   (0)| 00:00:01 |  Q1,49 | PCWC |            |                      
|* 58 |                          TABLE ACCESS FULL                   | ENDPOLICY_INDEXSETTING       
| 14995 |  1083K|       |     8   (0)| 00:00:01 |  Q1,49 | PCWP |            |                      
|* 59 |                      HASH JOIN RIGHT OUTER                   |                              
|  1677K|  3394M|       | 32988   (1)| 00:00:02 |  Q1,55 | PCWP |            |                      
|  60 |                       PX RECEIVE                             |                              
|    33 |   957 |       |     2   (0)| 00:00:01 |  Q1,55 | PCWP |            |                      
|  61 |                        PX SEND BROADCAST                     | :TQ10050                     
|    33 |   957 |       |     2   (0)| 00:00:01 |  Q1,50 | P->P | BROADCAST  |                      
|  62 |                         PX BLOCK ITERATOR                    |                              
|    33 |   957 |       |     2   (0)| 00:00:01 |  Q1,50 | PCWC |            |                      
|* 63 |                          TABLE ACCESS FULL                   | CURRENCY                     
|    33 |   957 |       |     2   (0)| 00:00:01 |  Q1,50 | PCWP |            |                      
|* 64 |                       HASH JOIN RIGHT OUTER                  |                              
|  1677K|  3347M|       | 32986   (1)| 00:00:02 |  Q1,55 | PCWP |            |                      
|  65 |                        PX RECEIVE                            |                              
|    23 | 24426 |       |     2   (0)| 00:00:01 |  Q1,55 | PCWP |            |                      
|  66 |                         PX SEND BROADCAST                    | :TQ10051                     
|    23 | 24426 |       |     2   (0)| 00:00:01 |  Q1,51 | P->P | BROADCAST  |                      
|  67 |                          PX BLOCK ITERATOR                   |                              
|    23 | 24426 |       |     2   (0)| 00:00:01 |  Q1,51 | PCWC |            |                      
|* 68 |                           TABLE ACCESS FULL                  | PRODUCT                      
|    23 | 24426 |       |     2   (0)| 00:00:01 |  Q1,51 | PCWP |            |                      
|* 69 |                        HASH JOIN RIGHT OUTER                 |                              
|  1677K|  1648M|       | 32983   (1)| 00:00:02 |  Q1,55 | PCWP |            |                      
|* 70 |                         TABLE ACCESS FULL                    | TAXFRAMEWORK                 
|    10 |   670 |       |     2   (0)| 00:00:01 |  Q1,55 | PCWP |            |                      
|* 71 |                         HASH JOIN RIGHT OUTER                |                              
|  1677K|  1541M|       | 32981   (1)| 00:00:02 |  Q1,55 | PCWP |            |                      
|  72 |                          PX RECEIVE                          |                              
|     1 |    30 |       |  9201   (1)| 00:00:01 |  Q1,55 | PCWP |            |                      
|  73 |                           PX SEND HASH                       | :TQ10052                     
|     1 |    30 |       |  9201   (1)| 00:00:01 |  Q1,52 | P->P | HASH       |                      
|  74 |                            VIEW                              | CLASSESRESULTAT              
|     1 |    30 |       |  9201   (1)| 00:00:01 |  Q1,52 | PCWP |            |                      
|  75 |                             HASH GROUP BY                    |                              
|     1 |    43 |       |  9201   (1)| 00:00:01 |  Q1,52 | PCWP |            |                      
|  76 |                              PX RECEIVE                      |                              
|     1 |    43 |       |  9201   (1)| 00:00:01 |  Q1,52 | PCWP |            |                      
|  77 |                               PX SEND HASH                   | :TQ10041                     
|     1 |    43 |       |  9201   (1)| 00:00:01 |  Q1,41 | P->P | HASH       |                      
|  78 |                                HASH GROUP BY                 |                              
|     1 |    43 |       |  9201   (1)| 00:00:01 |  Q1,41 | PCWP |            |                      
|  79 |                                 VIEW                         |                              
|     1 |    43 |       |  9201   (1)| 00:00:01 |  Q1,41 | PCWP |            |                      
|* 80 |                                  FILTER                      |                              
|       |       |       |            |          |  Q1,41 | PCWP |            |                      
|  81 |                                   PX RECEIVE                 |                              
|  4931 |  1536K|       |  9177   (1)| 00:00:01 |  Q1,41 | PCWP |            |                      
|  82 |                                    PX SEND HASH              | :TQ10037                     
|  4931 |  1536K|       |  9177   (1)| 00:00:01 |  Q1,37 | P->P | HASH       |                      
|* 83 |                                     HASH JOIN BUFFERED       |                              
|  4931 |  1536K|       |  9177   (1)| 00:00:01 |  Q1,37 | PCWP |            |                      
|  84 |                                      JOIN FILTER CREATE      | :BF0000                      
|  4199 |   996K|       |  6391   (1)| 00:00:01 |  Q1,37 | PCWP |            |                      
|  85 |                                       PX RECEIVE             |                              
|  4199 |   996K|       |  6391   (1)| 00:00:01 |  Q1,37 | PCWP |            |                      
|  86 |                                        PX SEND HYBRID HASH   | :TQ10033                     
|  4199 |   996K|       |  6391   (1)| 00:00:01 |  Q1,33 | P->P | HYBRID HASH|                      
|  87 |                                         STATISTICS COLLECTOR |                              
|       |       |       |            |          |  Q1,33 | PCWC |            |                      
|* 88 |                                          HASH JOIN BUFFERED  |                              
|  4199 |   996K|       |  6391   (1)| 00:00:01 |  Q1,33 | PCWP |            |                      
|  89 |                                           JOIN FILTER CREATE | :BF0001                      
|  4199 |   820K|       |  6373   (1)| 00:00:01 |  Q1,33 | PCWP |            |                      
|  90 |                                            PX RECEIVE        |                              
|  4199 |   820K|       |  6373   (1)| 00:00:01 |  Q1,33 | PCWP |            |                      
|  91 | ASH                                         PX SEND HYBRID H | :TQ10029                     
|  4199 |   820K|       |  6373   (1)| 00:00:01 |  Q1,29 | P->P | HYBRID HASH|                      
|  92 | ECTOR                                        STATISTICS COLL |                              
|       |       |       |            |          |  Q1,29 | PCWC |            |                      
|  93 |                                               NESTED LOOPS   |                              
|  4199 |   820K|       |  6373   (1)| 00:00:01 |  Q1,29 | PCWP |            |                      
|  94 |                                                NESTED LOOPS  |                              
|  8745 |   820K|       |  6373   (1)| 00:00:01 |  Q1,29 | PCWP |            |                      
|  95 |                                                 NESTED LOOPS |                              
|   265 | 37630 |       |  6086   (1)| 00:00:01 |  Q1,29 | PCWP |            |                      
|  96 |                                                  VIEW        | CLASSESNOMBRE                
|   264 | 19800 |       |  6047   (1)| 00:00:01 |  Q1,29 | PCWP |            |                      
|  97 |  BY                                               HASH GROUP |                              
|   264 |   528 |       |  6047   (1)| 00:00:01 |  Q1,29 | PCWP |            |                      
|  98 | E                                                  PX RECEIV |                              
|   264 |   528 |       |  6047   (1)| 00:00:01 |  Q1,29 | PCWP |            |                      
|  99 | HASH                                                PX SEND  | :TQ10024                     
|   264 |   528 |       |  6047   (1)| 00:00:01 |  Q1,24 | P->P | HASH       |                      
| 100 | OUP BY                                               HASH GR |                              
|   264 |   528 |       |  6047   (1)| 00:00:01 |  Q1,24 | PCWP |            |                      
| 101 |                                                       VIEW   | CLASSES                      
|   264 |   528 |       |  6047   (1)| 00:00:01 |  Q1,24 | PCWP |            |                      
| 102 |  ACCESS BY INDEX ROWID BATCHED                         TABLE | BUSINESSCODE                 
|     1 |    19 |       |     3   (0)| 00:00:01 |  Q1,24 | PCWP |            |                      
|*103 | X RANGE SCAN                                            INDE | PK_BUSINESSCODE              
|     1 |       |       |     2   (0)| 00:00:01 |  Q1,24 | PCWP |            |                      
| 104 | UNIQUE                                                 HASH  |                              
|   264 | 67848 |       |  6047   (1)| 00:00:01 |  Q1,24 | PCWP |            |                      
| 105 | ECEIVE                                                  PX R |                              
|   264 | 67848 |       |  6047   (1)| 00:00:01 |  Q1,24 | PCWP |            |                      
| 106 | SEND HASH                                                PX  | :TQ10017                     
|   264 | 67848 |       |  6047   (1)| 00:00:01 |  Q1,17 | P->P | HASH       |                      
| 107 | SH UNIQUE                                                 HA |                              
|   264 | 67848 |       |  6047   (1)| 00:00:01 |  Q1,17 | PCWP |            |                      
|*108 | ILTER                                                      F |                              
|       |       |       |            |          |  Q1,17 | PCWP |            |                      
| 109 |.PX RECEIVE                                                   |                              
|    26M|  6460M|       |  6010   (1)| 00:00:01 |  Q1,17 | PCWP |            |                      
| 110 |. PX SEND HASH                                                | :TQ10013                     
|    26M|  6460M|       |  6010   (1)| 00:00:01 |  Q1,13 | P->P | HASH       |                      
|*111 |.  HASH JOIN BUFFERED                                         |                              
|    26M|  6460M|       |  6010   (1)| 00:00:01 |  Q1,13 | PCWP |            |                      
| 112 |.   PX RECEIVE                                                |                              
| 83270 |  6180K|       |  2787   (1)| 00:00:01 |  Q1,13 | PCWP |            |                      
| 113 |.    PX SEND BROADCAST                                        | :TQ10007                     
| 83270 |  6180K|       |  2787   (1)| 00:00:01 |  Q1,07 | P->P | BROADCAST  |                      
| 114 |.     PX BLOCK ITERATOR                                       |                              
| 83270 |  6180K|       |  2787   (1)| 00:00:01 |  Q1,07 | PCWC |            |                      
|*115 |.      TABLE ACCESS FULL                                      | ENDPOLICY                    
| 83270 |  6180K|       |  2787   (1)| 00:00:01 |  Q1,07 | PCWP |            |                      
|*116 |.   HASH JOIN                                                 |                              
|    22M|  3873M|       |  3218   (1)| 00:00:01 |  Q1,13 | PCWP |            |                      
| 117 |.    PX RECEIVE                                               |                              
|  1416K|    90M|       |  2787   (1)| 00:00:01 |  Q1,13 | PCWP |            |                      
| 118 |.     PX SEND HYBRID HASH                                     | :TQ10008                     
|  1416K|    90M|       |  2787   (1)| 00:00:01 |  Q1,08 | P->P | HYBRID HASH|                      
| 119 |.      STATISTICS COLLECTOR                                   |                              
|       |       |       |            |          |  Q1,08 | PCWC |            |                      
| 120 |.       PX BLOCK ITERATOR                                     |                              
|  1416K|    90M|       |  2787   (1)| 00:00:01 |  Q1,08 | PCWC |            |                      
|*121 |.        TABLE ACCESS FULL                                    | ENDPOLICY                    
|  1416K|    90M|       |  2787   (1)| 00:00:01 |  Q1,08 | PCWP |            |                      
| 122 |.    PX RECEIVE                                               |                              
|  1115K|   121M|       |   427   (1)| 00:00:01 |  Q1,13 | PCWP |            |                      
| 123 |.     PX SEND HYBRID HASH                                     | :TQ10009                     
|  1115K|   121M|       |   427   (1)| 00:00:01 |  Q1,09 | P->P | HYBRID HASH|                      
|*124 |.      HASH JOIN                                              |                              
|  1115K|   121M|       |   427   (1)| 00:00:01 |  Q1,09 | PCWP |            |                      
|*125 |.       TABLE ACCESS FULL                                     | FINANCIALINSTRUMENT          
| 17684 |   967K|       |    18   (0)| 00:00:01 |  Q1,09 | PCWP |            |                      
| 126 |.       PX BLOCK ITERATOR                                     |                              
|  1115K|    61M|       |   409   (1)| 00:00:01 |  Q1,09 | PCWC |            |                      
|*127 |.        TABLE ACCESS FULL                                    | POLICYDAILYFININSTBALANCE    
|  1115K|    61M|       |   409   (1)| 00:00:01 |  Q1,09 | PCWP |            |                      
| 128 |.TABLE ACCESS BY INDEX ROWID BATCHED                          | BUSINESSCODE                 
|     1 |    19 |       |     3   (0)| 00:00:01 |        |      |            |                      
|*129 |. INDEX RANGE SCAN                                            | PK_BUSINESSCODE              
|     1 |       |       |     2   (0)| 00:00:01 |        |      |            |                      
| 130 |.TABLE ACCESS BY INDEX ROWID BATCHED                          | TECHNICALCODE                
|     1 |    77 |       |     3   (0)| 00:00:01 |        |      |            |                      
|*131 |. INDEX RANGE SCAN                                            | PK_TECHNICALCODE             
|     1 |       |       |     2   (0)| 00:00:01 |        |      |            |                      
|*132 | S BY INDEX ROWID BATCHED                         TABLE ACCES | ENDPOLICY                    
|     1 |    67 |       |     0   (0)| 00:00:01 |  Q1,29 | PCWP |            |                      
|*133 | E SCAN                                            INDEX RANG | PK_ENDPOLICY                 
|     1 |       |       |     0   (0)| 00:00:01 |  Q1,29 | PCWP |            |                      
|*134 | SCAN                                            INDEX RANGE  | PK_POLICYDAILYFININSTBALANCE 
|    33 |       |       |     0   (0)| 00:00:01 |  Q1,29 | PCWP |            |                      
|*135 | BY INDEX ROWID                                 TABLE ACCESS  | POLICYDAILYFININSTBALANCE    
|    16 |   928 |       |     2   (0)| 00:00:01 |  Q1,29 | PCWP |            |                      
| 136 |                                           PX RECEIVE         |                              
| 17684 |   742K|       |    18   (0)| 00:00:01 |  Q1,33 | PCWP |            |                      
| 137 | SH                                         PX SEND HYBRID HA | :TQ10030                     
| 17684 |   742K|       |    18   (0)| 00:00:01 |  Q1,30 | P->P | HYBRID HASH|                      
| 138 |                                             JOIN FILTER USE  | :BF0001                      
| 17684 |   742K|       |    18   (0)| 00:00:01 |  Q1,30 | PCWP |            |                      
| 139 | OR                                           PX BLOCK ITERAT |                              
| 17684 |   742K|       |    18   (0)| 00:00:01 |  Q1,30 | PCWC |            |                      
|*140 | ULL                                           TABLE ACCESS F | FINANCIALINSTRUMENT          
| 17684 |   742K|       |    18   (0)| 00:00:01 |  Q1,30 | PCWP |            |                      
| 141 |                                      PX RECEIVE              |                              
| 83270 |  6180K|       |  2787   (1)| 00:00:01 |  Q1,37 | PCWP |            |                      
| 142 |                                       PX SEND HYBRID HASH    | :TQ10034                     
| 83270 |  6180K|       |  2787   (1)| 00:00:01 |  Q1,34 | P->P | HYBRID HASH|                      
| 143 |                                        JOIN FILTER USE       | :BF0000                      
| 83270 |  6180K|       |  2787   (1)| 00:00:01 |  Q1,34 | PCWP |            |                      
| 144 |                                         PX BLOCK ITERATOR    |                              
| 83270 |  6180K|       |  2787   (1)| 00:00:01 |  Q1,34 | PCWC |            |                      
|*145 |                                          TABLE ACCESS FULL   | ENDPOLICY                    
| 83270 |  6180K|       |  2787   (1)| 00:00:01 |  Q1,34 | PCWP |            |                      
| 146 | D BATCHED                         TABLE ACCESS BY INDEX ROWI | BUSINESSCODE                 
|     1 |    19 |       |     3   (0)| 00:00:01 |        |      |            |                      
|*147 |                                    INDEX RANGE SCAN          | PK_BUSINESSCODE              
|     1 |       |       |     2   (0)| 00:00:01 |        |      |            |                      
| 148 | D BATCHED                         TABLE ACCESS BY INDEX ROWI | TECHNICALCODE                
|     1 |    77 |       |     3   (0)| 00:00:01 |        |      |            |                      
|*149 |                                    INDEX RANGE SCAN          | PK_TECHNICALCODE             
|     1 |       |       |     2   (0)| 00:00:01 |        |      |            |                      
|*150 |                          HASH JOIN                           |                              
|  1677K|  1493M|       | 23779   (1)| 00:00:01 |  Q1,55 | PCWP |            |                      
| 151 |                           PX RECEIVE                         |                              
|  1416K|    81M|       |  2787   (1)| 00:00:01 |  Q1,55 | PCWP |            |                      
| 152 |                            PX SEND HASH                      | :TQ10053                     
|  1416K|    81M|       |  2787   (1)| 00:00:01 |  Q1,53 | P->P | HASH       |                      
| 153 |                             PX BLOCK ITERATOR                |                              
|  1416K|    81M|       |  2787   (1)| 00:00:01 |  Q1,53 | PCWC |            |                      

DBMS_SQLTUNE.REPORT_TUNING_TASK('ECLUBINTER','TEXT','TYPICAL','ALL')                                
----------------------------------------------------------------------------------------------------
|*154 |                              TABLE ACCESS FULL               | ENDPOLICY                    
|  1416K|    81M|       |  2787   (1)| 00:00:01 |  Q1,53 | PCWP |            |                      
| 155 |                           PX RECEIVE                         |                              
|  1681K|  1400M|       | 20992   (1)| 00:00:01 |  Q1,55 | PCWP |            |                      
| 156 |                            PX SEND HASH                      | :TQ10054                     
|  1681K|  1400M|       | 20992   (1)| 00:00:01 |  Q1,54 | P->P | HASH       |                      
|*157 |                             HASH JOIN BUFFERED               |                              
|  1681K|  1400M|       | 20992   (1)| 00:00:01 |  Q1,54 | PCWP |            |                      
| 158 |                              PX RECEIVE                      |                              
|  1420K|   128M|       |  2787   (1)| 00:00:01 |  Q1,54 | PCWP |            |                      
| 159 |                               PX SEND HYBRID HASH            | :TQ10042                     
|  1420K|   128M|       |  2787   (1)| 00:00:01 |  Q1,42 | P->P | HYBRID HASH|                      
| 160 |                                STATISTICS COLLECTOR          |                              
|       |       |       |            |          |  Q1,42 | PCWC |            |                      
| 161 |                                 PX BLOCK ITERATOR            |                              
|  1420K|   128M|       |  2787   (1)| 00:00:01 |  Q1,42 | PCWC |            |                      
|*162 |                                  TABLE ACCESS FULL           | ENDPOLICY                    
|  1420K|   128M|       |  2787   (1)| 00:00:01 |  Q1,42 | PCWP |            |                      
| 163 |                              PX RECEIVE                      |                              
|  1680K|  1246M|       | 18204   (1)| 00:00:01 |  Q1,54 | PCWP |            |                      
| 164 |                               PX SEND HYBRID HASH            | :TQ10043                     
|  1680K|  1246M|       | 18204   (1)| 00:00:01 |  Q1,43 | P->P | HYBRID HASH|                      
|*165 | D                              HASH JOIN RIGHT OUTER BUFFERE |                              
|  1680K|  1246M|       | 18204   (1)| 00:00:01 |  Q1,43 | PCWP |            |                      
| 166 |                                 PX RECEIVE                   |                              
|   353 | 92486 |       |     2   (0)| 00:00:01 |  Q1,43 | PCWP |            |                      
| 167 |                                  PX SEND BROADCAST           | :TQ10038                     
|   353 | 92486 |       |     2   (0)| 00:00:01 |  Q1,38 | P->P | BROADCAST  |                      
| 168 |                                   PX BLOCK ITERATOR          |                              
|   353 | 92486 |       |     2   (0)| 00:00:01 |  Q1,38 | PCWC |            |                      
|*169 |                                    TABLE ACCESS FULL         | INVSTRATDEF                  
|   353 | 92486 |       |     2   (0)| 00:00:01 |  Q1,38 | PCWP |            |                      
|*170 |                                 HASH JOIN RIGHT OUTER        |                              
|  1680K|   826M|       | 18201   (1)| 00:00:01 |  Q1,43 | PCWP |            |                      
| 171 |                                  PX RECEIVE                  |                              
|  1385K|    70M|       |   409   (1)| 00:00:01 |  Q1,43 | PCWP |            |                      
| 172 |                                   PX SEND HASH               | :TQ10039                     
|  1385K|    70M|       |   409   (1)| 00:00:01 |  Q1,39 | P->P | HASH       |                      
| 173 |                                    PX BLOCK ITERATOR         |                              
|  1385K|    70M|       |   409   (1)| 00:00:01 |  Q1,39 | PCWC |            |                      
|*174 |                                     TABLE ACCESS FULL        | INVSTRAT                     
|  1385K|    70M|       |   409   (1)| 00:00:01 |  Q1,39 | PCWP |            |                      
| 175 |                                  PX RECEIVE                  |                              
|  1676K|   740M|       | 17792   (1)| 00:00:01 |  Q1,43 | PCWP |            |                      
| 176 |                                   PX SEND HASH               | :TQ10040                     
|  1676K|   740M|       | 17792   (1)| 00:00:01 |  Q1,40 | P->P | HASH       |                      
|*177 | FERED                              HASH JOIN RIGHT OUTER BUF |                              
|  1676K|   740M|       | 17792   (1)| 00:00:01 |  Q1,40 | PCWP |            |                      
| 178 |                                     PX RECEIVE               |                              
|  1430K|   158M|       |  1557   (1)| 00:00:01 |  Q1,40 | PCWP |            |                      
| 179 |                                      PX SEND HASH            | :TQ10035                     
|  1430K|   158M|       |  1557   (1)| 00:00:01 |  Q1,35 | P->P | HASH       |                      
| 180 |                                       PX BLOCK ITERATOR      |                              
|  1430K|   158M|       |  1557   (1)| 00:00:01 |  Q1,35 | PCWC |            |                      
|*181 |                                        TABLE ACCESS FULL     | ENDCOVERAGE                  
|  1430K|   158M|       |  1557   (1)| 00:00:01 |  Q1,35 | PCWP |            |                      
| 182 |                                     PX RECEIVE               |                              
|  1664K|   550M|       | 16234   (1)| 00:00:01 |  Q1,40 | PCWP |            |                      
| 183 |                                      PX SEND HASH            | :TQ10036                     
|  1664K|   550M|       | 16234   (1)| 00:00:01 |  Q1,36 | P->P | HASH       |                      
|*184 | ED                                    HASH JOIN OUTER BUFFER |                              
|  1664K|   550M|       | 16234   (1)| 00:00:01 |  Q1,36 | PCWP |            |                      
| 185 |                                        JOIN FILTER CREATE    | :BF0002                      
| 83270 |    25M|       | 12956   (1)| 00:00:01 |  Q1,36 | PCWP |            |                      
| 186 |                                         PX RECEIVE           |                              
| 83270 |    25M|       | 12956   (1)| 00:00:01 |  Q1,36 | PCWP |            |                      
| 187 |                                          PX SEND HASH        | :TQ10031                     
| 83270 |    25M|       | 12956   (1)| 00:00:01 |  Q1,31 | P->P | HASH       |                      
|*188 | TER BUFFERED                              HASH JOIN RIGHT OU |                              
| 83270 |    25M|       | 12956   (1)| 00:00:01 |  Q1,31 | PCWP |            |                      
| 189 |                                            PX RECEIVE        |                              
|   166K|    13M|       |   294   (1)| 00:00:01 |  Q1,31 | PCWP |            |                      
| 190 |                                             PX SEND HASH     | :TQ10025                     
|   166K|    13M|       |   294   (1)| 00:00:01 |  Q1,25 | P->P | HASH       |                      
| 191 |                                              VIEW            |                              
|   166K|    13M|       |   294   (1)| 00:00:01 |  Q1,25 | PCWP |            |                      
|*192 | ERED                                          HASH JOIN BUFF |                              
|   166K|    13M|       |   291   (1)| 00:00:01 |  Q1,25 | PCWP |            |                      
| 193 | REATE                                          JOIN FILTER C | :BF0003                      
| 70983 |  2287K|       |    25   (0)| 00:00:01 |  Q1,25 | PCWP |            |                      
| 194 |                                                 PX RECEIVE   |                              
| 70983 |  2287K|       |    25   (0)| 00:00:01 |  Q1,25 | PCWP |            |                      
| 195 | H                                                PX SEND HAS | :TQ10018                     
| 70983 |  2287K|       |    25   (0)| 00:00:01 |  Q1,18 | P->P | HASH       |                      
| 196 | TERATOR                                           PX BLOCK I |                              
| 70983 |  2287K|       |    25   (0)| 00:00:01 |  Q1,18 | PCWC |            |                      
|*197 | ESS FULL                                           TABLE ACC | ROLEPAYER                    
| 70983 |  2287K|       |    25   (0)| 00:00:01 |  Q1,18 | PCWP |            |                      
| 198 |                                                PX RECEIVE    |                              
|   879K|    42M|       |   265   (1)| 00:00:01 |  Q1,25 | PCWP |            |                      
| 199 |                                                 PX SEND HASH | :TQ10019                     
|   879K|    42M|       |   265   (1)| 00:00:01 |  Q1,19 | P->P | HASH       |                      
| 200 |  USE                                             JOIN FILTER | :BF0003                      
|   879K|    42M|       |   265   (1)| 00:00:01 |  Q1,19 | PCWP |            |                      
| 201 | TERATOR                                           PX BLOCK I |                              
|   879K|    42M|       |   265   (1)| 00:00:01 |  Q1,19 | PCWC |            |                      
|*202 | ESS FULL                                           TABLE ACC | ROLETOROLETARGET             
|   879K|    42M|       |   265   (1)| 00:00:01 |  Q1,19 | PCWP |            |                      
|*203 | UTER                                       HASH JOIN RIGHT O |                              
| 83270 |    18M|       | 12663   (1)| 00:00:01 |  Q1,31 | PCWP |            |                      
| 204 |                                             PX RECEIVE       |                              
| 39488 |  1041K|       |  1640   (1)| 00:00:01 |  Q1,31 | PCWP |            |                      
| 205 |                                              PX SEND HASH    | :TQ10026                     
| 39488 |  1041K|       |  1640   (1)| 00:00:01 |  Q1,26 | P->P | HASH       |                      
| 206 |                                               VIEW           | PAYSTAT                      
| 39488 |  1041K|       |  1640   (1)| 00:00:01 |  Q1,26 | PCWP |            |                      
| 207 |                                                HASH GROUP BY |                              
| 39488 |  1079K|    22M|  1640   (1)| 00:00:01 |  Q1,26 | PCWP |            |                      
| 208 |                                                 PX RECEIVE   |                              
| 39488 |  1079K|       |  1640   (1)| 00:00:01 |  Q1,26 | PCWP |            |                      
| 209 | H                                                PX SEND HAS | :TQ10020                     
| 39488 |  1079K|       |  1640   (1)| 00:00:01 |  Q1,20 | P->P | HASH       |                      
| 210 |  BY                                               HASH GROUP |                              
| 39488 |  1079K|    22M|  1640   (1)| 00:00:01 |  Q1,20 | PCWP |            |                      
| 211 | ITERATOR                                           PX BLOCK  |                              
|   574K|    15M|       |  1330   (1)| 00:00:01 |  Q1,20 | PCWC |            |                      
|*212 | CESS FULL                                           TABLE AC | BILL                         
|   574K|    15M|       |  1330   (1)| 00:00:01 |  Q1,20 | PCWP |            |                      
| 213 |                                             PX RECEIVE       |                              
| 83270 |    16M|       | 11023   (1)| 00:00:01 |  Q1,31 | PCWP |            |                      
| 214 |                                              PX SEND HASH    | :TQ10027                     
| 83270 |    16M|       | 11023   (1)| 00:00:01 |  Q1,27 | P->P | HASH       |                      
|*215 | T OUTER BUFFERED                              HASH JOIN RIGH |                              
| 83270 |    16M|       | 11023   (1)| 00:00:01 |  Q1,27 | PCWP |            |                      
| 216 |                                                PX RECEIVE    |                              
| 29826 |   815K|       |  4059   (1)| 00:00:01 |  Q1,27 | PCWP |            |                      
| 217 |                                                 PX SEND HASH | :TQ10021                     
| 29826 |   815K|       |  4059   (1)| 00:00:01 |  Q1,21 | P->P | HASH       |                      
| 218 |                                                  VIEW        | POLICY_EVAL                  
| 29826 |   815K|       |  4059   (1)| 00:00:01 |  Q1,21 | PCWP |            |                      
| 219 |  BY                                               HASH GROUP |                              
| 29826 |  3466K|  3992K|  4059   (1)| 00:00:01 |  Q1,21 | PCWP |            |                      
| 220 | E                                                  PX RECEIV |                              
| 29826 |  3466K|       |  4059   (1)| 00:00:01 |  Q1,21 | PCWP |            |                      
| 221 | HASH                                                PX SEND  | :TQ10014                     
| 29826 |  3466K|       |  4059   (1)| 00:00:01 |  Q1,14 | P->P | HASH       |                      
| 222 | OUP BY                                               HASH GR |                              
| 29826 |  3466K|  3992K|  4059   (1)| 00:00:01 |  Q1,14 | PCWP |            |                      
|*223 | OIN                                                   HASH J |                              
| 29826 |  3466K|       |  4058   (1)| 00:00:01 |  Q1,14 | PCWP |            |                      
| 224 | CEIVE                                                  PX RE |                              
| 35776 |  2515K|       |  3649   (1)| 00:00:01 |  Q1,14 | PCWP |            |                      
| 225 | END BROADCAST                                           PX S | :TQ10010                     
| 35776 |  2515K|       |  3649   (1)| 00:00:01 |  Q1,10 | P->P | BROADCAST  |                      
|*226 | H JOIN BUFFERED                                          HAS |                              
| 35776 |  2515K|       |  3649   (1)| 00:00:01 |  Q1,10 | PCWP |            |                      
| 227 |  RECEIVE                                                  PX |                              
| 35520 |  1144K|       |   858   (1)| 00:00:01 |  Q1,10 | PCWP |            |                      
| 228 | X SEND HYBRID HASH                                         P | :TQ10004                     
| 35520 |  1144K|       |   858   (1)| 00:00:01 |  Q1,04 | P->P | HYBRID HASH|                      
| 229 |.STATISTICS COLLECTOR                                         |                              
|       |       |       |            |          |  Q1,04 | PCWC |            |                      
| 230 |. VIEW                                                        | VW_SQ_1                      
| 35520 |  1144K|       |   858   (1)| 00:00:01 |  Q1,04 | PCWP |            |                      
| 231 |.  HASH GROUP BY                                              |                              
| 35520 |  1179K|    46M|   858   (1)| 00:00:01 |  Q1,04 | PCWP |            |                      
| 232 |.   PX RECEIVE                                                |                              
| 35520 |  1179K|       |   858   (1)| 00:00:01 |  Q1,04 | PCWP |            |                      
| 233 |.    PX SEND HASH                                             | :TQ10000                     
| 35520 |  1179K|       |   858   (1)| 00:00:01 |  Q1,00 | P->P | HASH       |                      
| 234 |.     HASH GROUP BY                                           |                              
| 35520 |  1179K|    46M|   858   (1)| 00:00:01 |  Q1,00 | PCWP |            |                      
| 235 |.      PX BLOCK ITERATOR                                      |                              
|  1107K|    35M|       |   409   (1)| 00:00:01 |  Q1,00 | PCWC |            |                      
|*236 |.       TABLE ACCESS FULL                                     | POLICYDAILYFININSTBALANCE    
|  1107K|    35M|       |   409   (1)| 00:00:01 |  Q1,00 | PCWP |            |                      
| 237 |  RECEIVE                                                  PX |                              
| 70960 |  2702K|       |  2790   (1)| 00:00:01 |  Q1,10 | PCWP |            |                      
| 238 | X SEND HYBRID HASH                                         P | :TQ10005                     
| 70960 |  2702K|       |  2790   (1)| 00:00:01 |  Q1,05 | P->P | HYBRID HASH|                      
| 239 |.VIEW                                                         |                              
| 70960 |  2702K|       |  2790   (1)| 00:00:01 |  Q1,05 | PCWP |            |                      
| 240 |. HASH UNIQUE                                                 |                              
| 70960 |  2841K|    70M|  2790   (1)| 00:00:01 |  Q1,05 | PCWP |            |                      
| 241 |.  PX RECEIVE                                                 |                              
| 70960 |  2841K|       |  2790   (1)| 00:00:01 |  Q1,05 | PCWP |            |                      
| 242 |.   PX SEND HASH                                              | :TQ10001                     
| 70960 |  2841K|       |  2790   (1)| 00:00:01 |  Q1,01 | P->P | HASH       |                      
| 243 |.    HASH UNIQUE                                              |                              
| 70960 |  2841K|    70M|  2790   (1)| 00:00:01 |  Q1,01 | PCWP |            |                      
| 244 |.     PX BLOCK ITERATOR                                       |                              
|  1416K|    55M|       |  2787   (1)| 00:00:01 |  Q1,01 | PCWC |            |                      
|*245 |.      TABLE ACCESS FULL                                      | ENDPOLICY                    
|  1416K|    55M|       |  2787   (1)| 00:00:01 |  Q1,01 | PCWP |            |                      
| 246 | OCK ITERATOR                                           PX BL |                              
|  1115K|    50M|       |   409   (1)| 00:00:01 |  Q1,14 | PCWC |            |                      
|*247 | E ACCESS FULL                                           TABL | POLICYDAILYFININSTBALANCE    
|  1115K|    50M|       |   409   (1)| 00:00:01 |  Q1,14 | PCWP |            |                      
| 248 |                                                PX RECEIVE    |                              
| 83270 |    14M|       |  6964   (1)| 00:00:01 |  Q1,27 | PCWP |            |                      
| 249 |                                                 PX SEND HASH | :TQ10022                     
| 83270 |    14M|       |  6964   (1)| 00:00:01 |  Q1,22 | P->P | HASH       |                      
|*250 | IGHT OUTER                                       HASH JOIN R |                              
| 83270 |    14M|       |  6964   (1)| 00:00:01 |  Q1,22 | PCWP |            |                      
| 251 |                                                   PX RECEIVE |                              
|  1929 | 63657 |       |  4177   (1)| 00:00:01 |  Q1,22 | PCWP |            |                      
| 252 | ROADCAST                                           PX SEND B | :TQ10015                     
|  1929 | 63657 |       |  4177   (1)| 00:00:01 |  Q1,15 | P->P | BROADCAST  |                      
| 253 |                                                     VIEW     | MAX_DATE                     
|  1929 | 63657 |       |  4177   (1)| 00:00:01 |  Q1,15 | PCWP |            |                      
| 254 | OUP BY                                               HASH GR |                              
|  1929 |   819K|       |  4177   (1)| 00:00:01 |  Q1,15 | PCWP |            |                      
| 255 | EIVE                                                  PX REC |                              
|  1929 |   819K|       |  4177   (1)| 00:00:01 |  Q1,15 | PCWP |            |                      
| 256 | ND HASH                                                PX SE | :TQ10011                     
|  1929 |   819K|       |  4177   (1)| 00:00:01 |  Q1,11 | P->P | HASH       |                      
| 257 |  GROUP BY                                               HASH |                              
|  1929 |   819K|       |  4177   (1)| 00:00:01 |  Q1,11 | PCWP |            |                      
| 258 | LE ACCESS BY INDEX ROWID BATCHED                         TAB | TECHNICALCODE                
|     1 |    77 |       |     3   (0)| 00:00:01 |  Q1,11 | PCWP |            |                      
|*259 | DEX RANGE SCAN                                            IN | PK_TECHNICALCODE             
|     1 |       |       |     2   (0)| 00:00:01 |  Q1,11 | PCWP |            |                      
|*260 | W                                                        VIE |                              
|  1929 |   819K|       |  4176   (1)| 00:00:01 |  Q1,11 | PCWP |            |                      
|*261 | LTER                                                      FI |                              
|       |       |       |            |          |  Q1,11 | PCWP |            |                      
| 262 | X RECEIVE                                                  P |                              
|   964K|   212M|       |  4116   (1)| 00:00:01 |  Q1,11 | PCWP |            |                      
| 263 |.PX SEND HASH                                                 | :TQ10006                     
|   964K|   212M|       |  4116   (1)| 00:00:01 |  Q1,06 | P->P | HASH       |                      
|*264 |. HASH JOIN BUFFERED                                          |                              
|   964K|   212M|       |  4116   (1)| 00:00:01 |  Q1,06 | PCWP |            |                      
| 265 |.  JOIN FILTER CREATE                                         | :BF0004                      
| 83270 |  6912K|       |  2787   (1)| 00:00:01 |  Q1,06 | PCWP |            |                      
| 266 |.   PX RECEIVE                                                |                              
| 83270 |  6912K|       |  2787   (1)| 00:00:01 |  Q1,06 | PCWP |            |                      
| 267 |.    PX SEND HYBRID HASH                                      | :TQ10002                     
| 83270 |  6912K|       |  2787   (1)| 00:00:01 |  Q1,02 | P->P | HYBRID HASH|                      
| 268 |.     STATISTICS COLLECTOR                                    |                              
|       |       |       |            |          |  Q1,02 | PCWC |            |                      
| 269 |.      PX BLOCK ITERATOR                                      |                              
| 83270 |  6912K|       |  2787   (1)| 00:00:01 |  Q1,02 | PCWC |            |                      
|*270 |.       TABLE ACCESS FULL                                     | ENDPOLICY                    
| 83270 |  6912K|       |  2787   (1)| 00:00:01 |  Q1,02 | PCWP |            |                      
| 271 |.  PX RECEIVE                                                 |                              
|   574K|    80M|       |  1329   (1)| 00:00:01 |  Q1,06 | PCWP |            |                      
| 272 |.   PX SEND HYBRID HASH                                       | :TQ10003                     
|   574K|    80M|       |  1329   (1)| 00:00:01 |  Q1,03 | P->P | HYBRID HASH|                      
| 273 |.    JOIN FILTER USE                                          | :BF0004                      
|   574K|    80M|       |  1329   (1)| 00:00:01 |  Q1,03 | PCWP |            |                      
| 274 |.     PX BLOCK ITERATOR                                       |                              
|   574K|    80M|       |  1329   (1)| 00:00:01 |  Q1,03 | PCWC |            |                      
|*275 |.      TABLE ACCESS FULL                                      | BILL                         
|   574K|    80M|       |  1329   (1)| 00:00:01 |  Q1,03 | PCWP |            |                      
| 276 | ABLE ACCESS BY INDEX ROWID BATCHED                         T | TECHNICALCODE                
|     1 |    77 |       |     3   (0)| 00:00:01 |        |      |            |                      
|*277 |.INDEX RANGE SCAN                                             | PK_TECHNICALCODE             
|     1 |       |       |     2   (0)| 00:00:01 |        |      |            |                      
| 278 | TERATOR                                           PX BLOCK I |                              
| 83270 |    11M|       |  2787   (1)| 00:00:01 |  Q1,22 | PCWC |            |                      
|*279 | ESS FULL                                           TABLE ACC | ENDPOLICY                    
| 83270 |    11M|       |  2787   (1)| 00:00:01 |  Q1,22 | PCWP |            |                      
| 280 |                                        PX RECEIVE            |                              
|  1416K|    29M|       |  3278   (1)| 00:00:01 |  Q1,36 | PCWP |            |                      
| 281 |                                         PX SEND HASH         | :TQ10032                     
|  1416K|    29M|       |  3278   (1)| 00:00:01 |  Q1,32 | P->P | HASH       |                      
| 282 |                                          JOIN FILTER USE     | :BF0002                      
|  1416K|    29M|       |  3278   (1)| 00:00:01 |  Q1,32 | PCWP |            |                      
| 283 |                                           VIEW               | POL_SIGN_DATE                
|  1416K|    29M|       |  3278   (1)| 00:00:01 |  Q1,32 | PCWP |            |                      
| 284 |                                            HASH UNIQUE       |                              
|  1416K|  1110M|  1229M|  3278   (1)| 00:00:01 |  Q1,32 | PCWP |            |                      
| 285 |                                             PX RECEIVE       |                              
|  1416K|  1110M|       |  3278   (1)| 00:00:01 |  Q1,32 | PCWP |            |                      
| 286 |                                              PX SEND HASH    | :TQ10028                     
|  1416K|  1110M|       |  3278   (1)| 00:00:01 |  Q1,28 | P->P | HASH       |                      
| 287 |                                               HASH UNIQUE    |                              
|  1416K|  1110M|  1229M|  3278   (1)| 00:00:01 |  Q1,28 | PCWP |            |                      
| 288 | BY INDEX ROWID BATCHED                         TABLE ACCESS  | TECHNICALCODE                
|     1 |    77 |       |     3   (0)| 00:00:01 |  Q1,28 | PCWP |            |                      
|*289 | SCAN                                            INDEX RANGE  | PK_TECHNICALCODE             
|     1 |       |       |     2   (0)| 00:00:01 |  Q1,28 | PCWP |            |                      
| 290 | BY INDEX ROWID BATCHED                         TABLE ACCESS  | TECHNICALCODE                
|     1 |    77 |       |     3   (0)| 00:00:01 |  Q1,28 | PCWP |            |                      
|*291 | SCAN                                            INDEX RANGE  | PK_TECHNICALCODE             
|     1 |       |       |     2   (0)| 00:00:01 |  Q1,28 | PCWP |            |                      
|*292 |                                                VIEW          |                              
|  1416K|  1110M|       |  3275   (1)| 00:00:01 |  Q1,28 | PCWP |            |                      
|*293 | GHT OUTER                                       HASH JOIN RI |                              
|  1416K|   320M|       |  2813   (1)| 00:00:01 |  Q1,28 | PCWP |            |                      
| 294 |                                                  PX RECEIVE  |                              
|   103 |  7313 |       |    25   (0)| 00:00:01 |  Q1,28 | PCWP |            |                      
| 295 | OADCAST                                           PX SEND BR | :TQ10023                     
|   103 |  7313 |       |    25   (0)| 00:00:01 |  Q1,23 | P->P | BROADCAST  |                      
| 296 |                                                    VIEW      |                              
|   103 |  7313 |       |    25   (0)| 00:00:01 |  Q1,23 | PCWP |            |                      
| 297 | CESS BY INDEX ROWID BATCHED                         TABLE AC | TECHNICALCODE                
|     1 |    77 |       |     3   (0)| 00:00:01 |  Q1,23 | PCWP |            |                      
|*298 | ANGE SCAN                                            INDEX R | PK_TECHNICALCODE             
|     1 |       |       |     2   (0)| 00:00:01 |  Q1,23 | PCWP |            |                      
|*299 | N                                                   HASH JOI |                              
|   103 | 62830 |       |    25   (0)| 00:00:01 |  Q1,23 | PCWP |            |                      
| 300 | LTER CREATE                                          JOIN FI | :BF0005                      
|    65 |  8905 |       |    12   (0)| 00:00:01 |  Q1,23 | PCWP |            |                      
| 301 | EIVE                                                  PX REC |                              
|    65 |  8905 |       |    12   (0)| 00:00:01 |  Q1,23 | PCWP |            |                      
| 302 | ND BROADCAST                                           PX SE | :TQ10016                     
|    65 |  8905 |       |    12   (0)| 00:00:01 |  Q1,16 | P->P | BROADCAST  |                      
|*303 |  JOIN                                                   HASH |                              
|    65 |  8905 |       |    12   (0)| 00:00:01 |  Q1,16 | PCWP |            |                      
| 304 | N FILTER CREATE                                          JOI | :BF0006                      
|    72 |  6048 |       |    10   (0)| 00:00:01 |  Q1,16 | PCWP |            |                      
| 305 |  RECEIVE                                                  PX |                              
|    72 |  6048 |       |    10   (0)| 00:00:01 |  Q1,16 | PCWP |            |                      
| 306 | X SEND BROADCAST                                           P | :TQ10012                     
|    72 |  6048 |       |    10   (0)| 00:00:01 |  Q1,12 | P->P | BROADCAST  |                      
|*307 |.HASH JOIN                                                    |                              
|    72 |  6048 |       |    10   (0)| 00:00:01 |  Q1,12 | PCWP |            |                      
| 308 |. JOIN FILTER CREATE                                          | :BF0007                      
|     1 |    34 |       |     2   (0)| 00:00:01 |  Q1,12 | PCWP |            |                      
|*309 |.  TABLE ACCESS FULL                                          | ADMINISTRATIVEDOCUMENT       
|     1 |    34 |       |     2   (0)| 00:00:01 |  Q1,12 | PCWP |            |                      
| 310 |. JOIN FILTER USE                                             | :BF0007                      
|  6482 |   316K|       |     8   (0)| 00:00:01 |  Q1,12 | PCWP |            |                      
| 311 |.  PX BLOCK ITERATOR                                          |                              
|  6482 |   316K|       |     8   (0)| 00:00:01 |  Q1,12 | PCWC |            |                      
|*312 |.   TABLE ACCESS FULL                                         | DOCUMENT                     
|  6482 |   316K|       |     8   (0)| 00:00:01 |  Q1,12 | PCWP |            |                      
| 313 | N FILTER USE                                             JOI | :BF0006                      
|  5807 |   300K|       |     2   (0)| 00:00:01 |  Q1,16 | PCWP |            |                      
| 314 |  BLOCK ITERATOR                                           PX |                              
|  5807 |   300K|       |     2   (0)| 00:00:01 |  Q1,16 | PCWC |            |                      
|*315 | ABLE ACCESS FULL                                           T | ENDPOLICY_DOCUMENTS          
|  5807 |   300K|       |     2   (0)| 00:00:01 |  Q1,16 | PCWP |            |                      
|*316 |                                                      VIEW    | DOCUMENT_DOCSPEC             
| 10384 |  4796K|       |    14   (0)| 00:00:01 |  Q1,23 | PCWP |            |                      
| 317 | ILTER USE                                             JOIN F | :BF0005                      
| 10384 |   851K|       |     8   (0)| 00:00:01 |  Q1,23 | PCWP |            |                      
| 318 | OCK ITERATOR                                           PX BL |                              
| 10384 |   851K|       |     8   (0)| 00:00:01 |  Q1,23 | PCWC |            |                      
|*319 | E ACCESS FULL                                           TABL | DOCUMENT_DOCSPEC             
| 10384 |   851K|       |     8   (0)| 00:00:01 |  Q1,23 | PCWP |            |                      
| 320 | ERATOR                                           PX BLOCK IT |                              
|  1416K|   224M|       |  2787   (1)| 00:00:01 |  Q1,28 | PCWC |            |                      
|*321 | SS FULL                                           TABLE ACCE | ENDPOLICY                    
|  1416K|   224M|       |  2787   (1)| 00:00:01 |  Q1,28 | PCWP |            |                      
| 322 |          TABLE ACCESS BY INDEX ROWID BATCHED                 | TECHNICALCODE                
|     1 |    77 |       |     3   (0)| 00:00:01 |        |      |            |                      
|*323 |           INDEX RANGE SCAN                                   | PK_TECHNICALCODE             
|     1 |       |       |     2   (0)| 00:00:01 |        |      |            |                      
| 324 |     TABLE ACCESS BY INDEX ROWID BATCHED                      | BUSINESSCODE                 
|     1 |    19 |       |     3   (0)| 00:00:01 |        |      |            |                      
|*325 |      INDEX RANGE SCAN                                        | PK_BUSINESSCODE              
|     1 |       |       |     2   (0)| 00:00:01 |        |      |            |                      
| 326 |     TABLE ACCESS BY INDEX ROWID BATCHED                      | TECHNICALCODE                
|     1 |    77 |       |     3   (0)| 00:00:01 |        |      |            |                      
|*327 |      INDEX RANGE SCAN                                        | PK_TECHNICALCODE             
|     1 |       |       |     2   (0)| 00:00:01 |        |      |            |                      
| 328 |     TABLE ACCESS BY INDEX ROWID BATCHED                      | BUSINESSCODE                 
|     1 |    19 |       |     3   (0)| 00:00:01 |        |      |            |                      
|*329 |      INDEX RANGE SCAN                                        | PK_BUSINESSCODE              
|     1 |       |       |     2   (0)| 00:00:01 |        |      |            |                      
| 330 |     TABLE ACCESS BY INDEX ROWID BATCHED                      | BUSINESSCODE                 
|     1 |    19 |       |     3   (0)| 00:00:01 |        |      |            |                      
|*331 |      INDEX RANGE SCAN                                        | PK_BUSINESSCODE              
|     1 |       |       |     2   (0)| 00:00:01 |        |      |            |                      
|*332 |     VIEW                                                     |                              
|     1 |   215 |       |   683   (1)| 00:00:01 |        |      |            |                      
|*333 |      WINDOW BUFFER PUSHED RANK                               |                              
|     1 |    55 |       |   683   (1)| 00:00:01 |        |      |            |                      
|*334 |       TABLE ACCESS FULL                                      | EXTERNALACCOUNT              
|     1 |    55 |       |   683   (1)| 00:00:01 |        |      |            |                      
----------------------------------------------------------------------------------------------------
------------------------------------------------------------------------------                      
                                                                                                    
Predicate Information (identified by operation id):                                                 
---------------------------------------------------                                                 
                                                                                                    
   2 - access("BUSINESSCODE"."TECHNICALIDENTIFIER"=:B1)                                             
   4 - access("BUSINESSCODE"."TECHNICALIDENTIFIER"=:B1)                                             
   6 - access("BUSINESSCODE"."TECHNICALIDENTIFIER"=:B1)                                             
   8 - access("TECHNICALCODE"."TECHNICALIDENTIFIER"=:B1)                                            
  16 - filter(NVL2("ENDPOLICY"."END_STATUS_HID", (SELECT "VALUE" FROM "SOLIFE_IT0_ODS"."TECHNICALCOD
E" "TECHNICALCODE" WHERE                                                                            
              "TECHNICALCODE"."TECHNICALIDENTIFIER"=:B1),NULL)='VALIDATED')                         
  19 - access("PARENT_OID"(+)="TECHNICALIDENTIFIER" AND "PRODUCT_TID"(+)="TECHNICALIDENTIFIER")     
  20 - filter("ODS$CURRENT_VERSION"(+)='Y')                                                         
  21 - access("TECHNICALIDENTIFIER"(+)="PARENT_OID")                                                
  22 - filter("ODS$CURRENT_VERSION"(+)='Y')                                                         
  23 - access("DISTRIBUTIONPARTNER_TID"(+)="TECHNICALIDENTIFIER")                                   
  27 - filter("ODS$CURRENT_VERSION"(+)='Y')                                                         
  28 - access("TECHNICALIDENTIFIER"(+)="ROLE_TID")                                                  
  29 - filter("ODS$CURRENT_VERSION"(+)='Y')                                                         
  30 - access("ROLE_TARGET_TID"(+)="TECHNICALIDENTIFIER")                                           
  34 - filter("ODS$CURRENT_VERSION"(+)='Y')                                                         
  35 - access("PARENT_OID"(+)="TECHNICALIDENTIFIER")                                                
  36 - filter("ODS$CURRENT_VERSION"(+)='Y')                                                         
  37 - access("OWNER_TID"(+)="TECHNICALIDENTIFIER")                                                 
  41 - filter("ODS$CURRENT_VERSION"(+)='Y')                                                         
  42 - access("ENDPAR"."PARENT_OID"(+)="TECHNICALIDENTIFIER")                                       
  47 - filter("ODS$CURRENT_VERSION"='Y')                                                            
  48 - access("PARENT_OID"(+)="TECHNICALIDENTIFIER")                                                
  52 - filter("ODS$CURRENT_VERSION"(+)='Y')                                                         
  53 - access("EI"."PARENT_OID"(+)="TECHNICALIDENTIFIER")                                           
  58 - filter("ODS$CURRENT_VERSION"='Y')                                                            
  59 - access("TECHNICALIDENTIFIER"(+)="POL_CURRENCY_TID")                                          
  63 - filter("ODS$CURRENT_VERSION"(+)='Y')                                                         
  64 - access("TECHNICALIDENTIFIER"(+)="POL_PRODUCT_TID")                                           
  68 - filter("ODS$CURRENT_VERSION"(+)='Y')                                                         
  69 - access("TAXFRAMEWORK_TID"="TECHNICALIDENTIFIER"(+))                                          
  70 - filter("ODS$CURRENT_VERSION"(+)='Y')                                                         
  71 - access("CR"."ID_POLICE"(+)="TECHNICALIDENTIFIER")                                            
  80 - filter(NVL2("FINANCIALINSTRUMENT"."STATUS_BID", (SELECT "EXTERNALID" FROM "SOLIFE_IT0_ODS"."B
USINESSCODE" "BUSINESSCODE" WHERE                                                                   
              "BUSINESSCODE"."TECHNICALIDENTIFIER"=:B1),NULL)='FORCE' AND NVL2("ENDPOLICY"."END_STAT
US_HID", (SELECT "VALUE" FROM "SOLIFE_IT0_ODS"."TECHNICALCODE" "TECHNICALCODE"                      
              WHERE "TECHNICALCODE"."TECHNICALIDENTIFIER"=:B2),NULL)='VALIDATED')                   
  83 - access("POL_NUMBER"="POL_NUMBER")                                                            
  88 - access("TECHNICALIDENTIFIER"="FINANCIALINSTRUMENT_TID")                                      
 103 - access("BUSINESSCODE"."TECHNICALIDENTIFIER"=:B1)                                             
 108 - filter(NVL2("FINANCIALINSTRUMENT"."STATUS_BID", (SELECT "EXTERNALID" FROM "SOLIFE_IT0_ODS"."B
USINESSCODE" "BUSINESSCODE" WHERE                                                                   
              "BUSINESSCODE"."TECHNICALIDENTIFIER"=:B1),NULL)='FORCE' AND NVL2("ENDPOLICY"."END_STAT
US_HID", (SELECT "VALUE" FROM "SOLIFE_IT0_ODS"."TECHNICALCODE" "TECHNICALCODE"                      
              WHERE "TECHNICALCODE"."TECHNICALIDENTIFIER"=:B2),NULL)='VALIDATED')                   
 111 - access("POL_NUMBER"="POL_NUMBER")                                                            
 115 - filter("POL_CURRENT_ENDPOL"='true' AND "ODS$CURRENT_VERSION"='Y')                            
 116 - access("POL_POLICY_SID"="POLICY_TID")                                                        
 121 - filter("ODS$CURRENT_VERSION"='Y')                                                            
 124 - access("TECHNICALIDENTIFIER"="FINANCIALINSTRUMENT_TID")                                      
 125 - filter("ODS$CURRENT_VERSION"='Y')                                                            
 127 - filter("ODS$CURRENT_VERSION"='Y' AND "POSITIONVIEWTYPE_BID"='5231:2')                        
 129 - access("BUSINESSCODE"."TECHNICALIDENTIFIER"=:B1)                                             
 131 - access("TECHNICALCODE"."TECHNICALIDENTIFIER"=:B1)                                            
 132 - filter("ODS$CURRENT_VERSION"='Y')                                                            
 133 - access("CN"."ID_POLICE"="TECHNICALIDENTIFIER")                                               
 134 - access("POL_POLICY_SID"="POLICY_TID" AND "POSITIONVIEWTYPE_BID"='5231:2')                    
       filter("POSITIONVIEWTYPE_BID"='5231:2')                                                      
 135 - filter("ODS$CURRENT_VERSION"='Y')                                                            
 140 - filter("ODS$CURRENT_VERSION"='Y' AND SYS_OP_BLOOM_FILTER(:BF0001,"TECHNICALIDENTIFIER"))     
 145 - filter("POL_CURRENT_ENDPOL"='true' AND "ODS$CURRENT_VERSION"='Y' AND SYS_OP_BLOOM_FILTER(:BF0
000,"POL_NUMBER"))                                                                                  
 147 - access("BUSINESSCODE"."TECHNICALIDENTIFIER"=:B1)                                             
 149 - access("TECHNICALCODE"."TECHNICALIDENTIFIER"=:B1)                                            
 150 - access("TECHNICALIDENTIFIER"=COALESCE("FULL_PREVIOUS_TID","TECHNICALIDENTIFIER"))            
 154 - filter("ODS$CURRENT_VERSION"='Y')                                                            
 157 - access("TECHNICALIDENTIFIER"=COALESCE("FULL_PREVIOUS_TID","TECHNICALIDENTIFIER"))            
 162 - filter("ODS$CURRENT_VERSION"='Y' AND "END_INTERNAL_NBR" IS NOT NULL)                         
 165 - access("INVESTSTRATEGYDEFINITION_TID"="TECHNICALIDENTIFIER"(+))                              
 169 - filter("ODS$CURRENT_VERSION"(+)='Y')                                                         
 170 - access("INVCOV_INVESTMENTSTRATEGY_TID"="TECHNICALIDENTIFIER"(+))                             
 174 - filter("ODS$CURRENT_VERSION"(+)='Y')                                                         
 177 - access("ENDORSEDPOLICY_TID"(+)=COALESCE("FULL_PREVIOUS_TID","TECHNICALIDENTIFIER"))          
 181 - filter("INVCOV_INVESTMENTSTRATEGY_TID"(+) IS NOT NULL AND "ODS$CURRENT_VERSION"(+)='Y')      
 184 - access("PSD"."POL_NUMBER"(+)="POL_NUMBER")                                                   
 188 - access("RT"."ROLE_TARGET_TID"(+)="POL_POLICY_SID")                                           
 192 - access("TECHNICALIDENTIFIER"="ROLE_TID")                                                     
 197 - filter("ODS$CURRENT_VERSION"='Y')                                                            
 202 - filter("ODS$CURRENT_VERSION"='Y' AND SYS_OP_BLOOM_FILTER(:BF0003,"ROLE_TID"))                
 203 - access("POL_POLICY_SID"="PAYSTAT"."POLICY_TID"(+))                                           
 212 - filter("ODS$CURRENT_VERSION"='Y')                                                            
 215 - access("POL_NUMBER"="POLICY_EVAL"."IDPOLICE"(+))                                             
 223 - access("VALUATIONDATE"="MAX(PB2.VALUATIONDATE)" AND "E"."POL_POLICY_SID"="POLICY_TID")       
 226 - access("ITEM_1"="E"."POL_POLICY_SID")                                                        
 236 - filter("ODS$CURRENT_VERSION"='Y')                                                            
 245 - filter("ODS$CURRENT_VERSION"='Y')                                                            
 247 - filter("ODS$CURRENT_VERSION"='Y' AND "POSITIONVIEWTYPE_BID"='5231:2')                        
 250 - access("POL_POLICY_SID"="MAX_DATE"."TECH_ID_POL"(+))                                         
 259 - access("TECHNICALCODE"."TECHNICALIDENTIFIER"=:B1)                                            
 260 - filter("B2"."BILLSTATUS_EID"<>'NEW' AND "B2"."BILLSTATUS_EID"<>'SCHEDULED' AND "B2"."BILLSTAT
US_EID"<>'CANCELLED')                                                                               
 261 - filter(NVL2("ENDPOLICY"."END_STATUS_HID", (SELECT "VALUE" FROM "SOLIFE_IT0_ODS"."TECHNICALCOD
E" "TECHNICALCODE" WHERE                                                                            
              "TECHNICALCODE"."TECHNICALIDENTIFIER"=:B1),NULL)='VALIDATED')                         
 264 - access("POL_POLICY_SID"="POLICY_TID")                                                        
 270 - filter("POL_CURRENT_ENDPOL"='true' AND "ODS$CURRENT_VERSION"='Y')                            
 275 - filter("ODS$CURRENT_VERSION"='Y' AND SYS_OP_BLOOM_FILTER(:BF0004,"POLICY_TID"))              
 277 - access("TECHNICALCODE"."TECHNICALIDENTIFIER"=:B1)                                            
 279 - filter("POL_CURRENT_ENDPOL"='true' AND "ODS$CURRENT_VERSION"='Y')                            
 289 - access("TECHNICALCODE"."TECHNICALIDENTIFIER"=:B1)                                            
 291 - access("TECHNICALCODE"."TECHNICALIDENTIFIER"=:B1)                                            
 292 - filter(("EP"."END_TYPE_EID"='MIGRATION' OR "EP"."END_TYPE_EID"='SUBSCRIPTION') AND "EP"."END_
STATUS_EID"='VALIDATED')                                                                            
 293 - access("TECHNICALIDENTIFIER"="ED"."PARENT_OID"(+))                                           
 298 - access("TECHNICALCODE"."TECHNICALIDENTIFIER"=:B1)                                            
 299 - access("DD"."PARENT_OID"="TECHNICALIDENTIFIER")                                              
 303 - access("TECHNICALIDENTIFIER"="DOCUMENT_TID")                                                 
 307 - access("TECHNICALIDENTIFIER"="DOCUMENTMETADATA_TID")                                         
 309 - filter("REFERENCE"='CPCPSIGNBO' AND "ODS$CURRENT_VERSION"='Y')                               
 312 - filter("ODS$CURRENT_VERSION"='Y' AND SYS_OP_BLOOM_FILTER(:BF0007,"DOCUMENTMETADATA_TID"))    
 315 - filter("ODS$CURRENT_VERSION"='Y' AND SYS_OP_BLOOM_FILTER(:BF0006,"DOCUMENT_TID"))            
 316 - filter("DD"."SPECIMENTYPE_EID"='Original')                                                   
 319 - filter("ODS$CURRENT_VERSION"='Y' AND SYS_OP_BLOOM_FILTER(:BF0005,"PARENT_OID"))              
 321 - filter("ODS$CURRENT_VERSION"='Y')                                                            
 323 - access("TECHNICALCODE"."TECHNICALIDENTIFIER"=:B1)                                            
 325 - access("BUSINESSCODE"."TECHNICALIDENTIFIER"=:B1)                                             
 327 - access("TECHNICALCODE"."TECHNICALIDENTIFIER"=:B1)                                            
 329 - access("BUSINESSCODE"."TECHNICALIDENTIFIER"=:B1)                                             
 331 - access("BUSINESSCODE"."TECHNICALIDENTIFIER"=:B1)                                             
 332 - filter("from$_subquery$_002"."rowlimit_$$_rownumber"<=1)                                     
 333 - filter(ROW_NUMBER() OVER ( ORDER BY NULL)<=1)                                                
 334 - filter("OWNER_TID"=:B1 AND "ISDEFAULT"='true' AND "ODS$CURRENT_VERSION"='Y')                 
                                                                                                    
2- Using New Indices                                                                                
--------------------                                                                                
Plan hash value: 566148871                                                                          
                                                                                                    

DBMS_SQLTUNE.REPORT_TUNING_TASK('ECLUBINTER','TEXT','TYPICAL','ALL')                                
----------------------------------------------------------------------------------------------------
----------------------------------------------------------------------------------------------------
------------------------------------------------------------------------------                      
| Id  | Operation                                                    | Name                         
| Rows  | Bytes |TempSpc| Cost (%CPU)| Time     |    TQ  |IN-OUT| PQ Distrib |                      
----------------------------------------------------------------------------------------------------
------------------------------------------------------------------------------                      
|   0 | SELECT STATEMENT                                             |                              
|  3407K|    11G|       |    14M  (1)| 00:09:15 |        |      |            |                      
|   1 |  TABLE ACCESS BY INDEX ROWID BATCHED                         | BUSINESSCODE                 
|     1 |    19 |       |     2   (0)| 00:00:01 |        |      |            |                      
|*  2 |   INDEX RANGE SCAN                                           | IDX$$_0E960003               
|     1 |       |       |     1   (0)| 00:00:01 |        |      |            |                      
|   3 |  TABLE ACCESS BY INDEX ROWID BATCHED                         | BUSINESSCODE                 
|     1 |    19 |       |     2   (0)| 00:00:01 |        |      |            |                      
|*  4 |   INDEX RANGE SCAN                                           | IDX$$_0E960003               
|     1 |       |       |     1   (0)| 00:00:01 |        |      |            |                      
|   5 |  TABLE ACCESS BY INDEX ROWID BATCHED                         | BUSINESSCODE                 
|     1 |    19 |       |     2   (0)| 00:00:01 |        |      |            |                      
|*  6 |   INDEX RANGE SCAN                                           | IDX$$_0E960003               
|     1 |       |       |     1   (0)| 00:00:01 |        |      |            |                      
|   7 |  TABLE ACCESS BY INDEX ROWID BATCHED                         | TECHNICALCODE                
|     1 |    77 |       |     2   (0)| 00:00:01 |        |      |            |                      
|*  8 |   INDEX RANGE SCAN                                           | IDX$$_0E960002               
|     1 |       |       |     1   (0)| 00:00:01 |        |      |            |                      
|   9 |  PX COORDINATOR                                              |                              
|       |       |       |            |          |        |      |            |                      
|  10 |   PX SEND QC (RANDOM)                                        | :TQ10058                     
|  3407K|    11G|       |    14M  (1)| 00:09:15 |  Q1,58 | P->S | QC (RAND)  |                      
|  11 |    EXPRESSION EVALUATION                                     |                              
|       |       |       |            |          |  Q1,58 | PCWC |            |                      
|  12 |     HASH UNIQUE                                              |                              
|  3407K|    11G|    13G|    14M  (1)| 00:09:15 |  Q1,58 | PCWP |            |                      
|  13 |      PX RECEIVE                                              |                              
|  3407K|    11G|       |    14M  (1)| 00:09:15 |  Q1,58 | PCWP |            |                      
|  14 |       PX SEND HASH                                           | :TQ10057                     
|  3407K|    11G|       |    14M  (1)| 00:09:15 |  Q1,57 | P->P | HASH       |                      
|  15 |        HASH UNIQUE                                           |                              
|  3407K|    11G|    13G|    14M  (1)| 00:09:15 |  Q1,57 | PCWP |            |                      
|* 16 |         FILTER                                               |                              
|       |       |       |            |          |  Q1,57 | PCWP |            |                      
|  17 |          PX RECEIVE                                          |                              
|  1703M|  5781G|       |   129K  (1)| 00:00:06 |  Q1,57 | PCWP |            |                      
|  18 |           PX SEND HASH                                       | :TQ10056                     
|  1703M|  5781G|       |   129K  (1)| 00:00:06 |  Q1,56 | P->P | HASH       |                      
|* 19 |            HASH JOIN RIGHT OUTER BUFFERED                    |                              
|  1703M|  5781G|       |   129K  (1)| 00:00:06 |  Q1,56 | PCWP |            |                      
|* 20 |             TABLE ACCESS FULL                                | DISTRIBUTIONNETWORK_PRODUCT  
|  2625 |   266K|       |     2   (0)| 00:00:01 |  Q1,56 | PCWP |            |                      
|* 21 |             HASH JOIN RIGHT OUTER                            |                              
|    15M|    49G|       |   129K  (1)| 00:00:06 |  Q1,56 | PCWP |            |                      
|  22 |              PX RECEIVE                                      |                              
|  1416K|    29M|       | 52663   (1)| 00:00:03 |  Q1,56 | PCWP |            |                      
|  23 |               PX SEND BROADCAST                              | :TQ10051                     
|  1416K|    29M|       | 52663   (1)| 00:00:03 |  Q1,51 | P->P | BROADCAST  |                      
|  24 |                VIEW                                          | POL_SIGN_DATE                
|  1416K|    29M|       | 52663   (1)| 00:00:03 |  Q1,51 | PCWP |            |                      
|  25 |                 HASH UNIQUE                                  |                              
|  1416K|  1110M|  1229M| 52663   (1)| 00:00:03 |  Q1,51 | PCWP |            |                      
|  26 |                  PX RECEIVE                                  |                              
|  1416K|  1110M|       | 52663   (1)| 00:00:03 |  Q1,51 | PCWP |            |                      
|  27 |                   PX SEND HASH                               | :TQ10047                     
|  1416K|  1110M|       | 52663   (1)| 00:00:03 |  Q1,47 | P->P | HASH       |                      
|  28 |                    HASH UNIQUE                               |                              
|  1416K|  1110M|  1229M| 52663   (1)| 00:00:03 |  Q1,47 | PCWP |            |                      
|  29 |                     TABLE ACCESS BY INDEX ROWID BATCHED      | TECHNICALCODE                
|     1 |    77 |       |     2   (0)| 00:00:01 |  Q1,47 | PCWP |            |                      
|* 30 |                      INDEX RANGE SCAN                        | IDX$$_0E960002               
|     1 |       |       |     1   (0)| 00:00:01 |  Q1,47 | PCWP |            |                      
|  31 |                     TABLE ACCESS BY INDEX ROWID BATCHED      | TECHNICALCODE                
|     1 |    77 |       |     2   (0)| 00:00:01 |  Q1,47 | PCWP |            |                      
|* 32 |                      INDEX RANGE SCAN                        | IDX$$_0E960002               
|     1 |       |       |     1   (0)| 00:00:01 |  Q1,47 | PCWP |            |                      
|* 33 |                     VIEW                                     |                              
|  1416K|  1110M|       |  7325   (1)| 00:00:01 |  Q1,47 | PCWP |            |                      
|* 34 |                      HASH JOIN RIGHT OUTER                   |                              
|  1416K|   320M|       |  7016   (1)| 00:00:01 |  Q1,47 | PCWP |            |                      
|  35 |                       PX RECEIVE                             |                              
|   103 |  7313 |       |    48   (0)| 00:00:01 |  Q1,47 | PCWP |            |                      
|  36 |                        PX SEND BROADCAST                     | :TQ10044                     
|   103 |  7313 |       |    48   (0)| 00:00:01 |  Q1,44 | P->P | BROADCAST  |                      
|  37 |                         VIEW                                 |                              
|   103 |  7313 |       |    48   (0)| 00:00:01 |  Q1,44 | PCWP |            |                      
|  38 |                          TABLE ACCESS BY INDEX ROWID BATCHED | TECHNICALCODE                
|     1 |    77 |       |     2   (0)| 00:00:01 |  Q1,44 | PCWP |            |                      
|* 39 |                           INDEX RANGE SCAN                   | IDX$$_0E960002               
|     1 |       |       |     1   (0)| 00:00:01 |  Q1,44 | PCWP |            |                      
|* 40 |                          HASH JOIN                           |                              
|   103 | 62830 |       |    48   (0)| 00:00:01 |  Q1,44 | PCWP |            |                      
|  41 |                           JOIN FILTER CREATE                 | :BF0000                      
|    64 |  8768 |       |    25   (0)| 00:00:01 |  Q1,44 | PCWP |            |                      
|  42 |                            PX RECEIVE                        |                              
|    64 |  8768 |       |    25   (0)| 00:00:01 |  Q1,44 | PCWP |            |                      
|  43 |                             PX SEND BROADCAST                | :TQ10036                     
|    64 |  8768 |       |    25   (0)| 00:00:01 |  Q1,36 | P->P | BROADCAST  |                      
|* 44 |                              HASH JOIN                       |                              
|    64 |  8768 |       |    25   (0)| 00:00:01 |  Q1,36 | PCWP |            |                      
|  45 |                               JOIN FILTER CREATE             | :BF0001                      
|    72 |  6048 |       |    21   (0)| 00:00:01 |  Q1,36 | PCWP |            |                      
|  46 |                                PX RECEIVE                    |                              
|    72 |  6048 |       |    21   (0)| 00:00:01 |  Q1,36 | PCWP |            |                      
|  47 |                                 PX SEND BROADCAST            | :TQ10032                     
|    72 |  6048 |       |    21   (0)| 00:00:01 |  Q1,32 | P->P | BROADCAST  |                      
|* 48 |                                  HASH JOIN                   |                              
|    72 |  6048 |       |    21   (0)| 00:00:01 |  Q1,32 | PCWP |            |                      
|  49 |                                   JOIN FILTER CREATE         | :BF0002                      
|     1 |    34 |       |     2   (0)| 00:00:01 |  Q1,32 | PCWP |            |                      
|* 50 |                                    TABLE ACCESS FULL         | ADMINISTRATIVEDOCUMENT       
|     1 |    34 |       |     2   (0)| 00:00:01 |  Q1,32 | PCWP |            |                      
|  51 |                                   JOIN FILTER USE            | :BF0002                      
|  6482 |   316K|       |    19   (0)| 00:00:01 |  Q1,32 | PCWP |            |                      
|  52 |                                    PX BLOCK ITERATOR         |                              
|  6482 |   316K|       |    19   (0)| 00:00:01 |  Q1,32 | PCWC |            |                      
|* 53 |                                     TABLE ACCESS FULL        | DOCUMENT                     
|  6482 |   316K|       |    19   (0)| 00:00:01 |  Q1,32 | PCWP |            |                      
|  54 |                               JOIN FILTER USE                | :BF0001                      
|  5807 |   300K|       |     4   (0)| 00:00:01 |  Q1,36 | PCWP |            |                      
|  55 |                                PX BLOCK ITERATOR             |                              
|  5807 |   300K|       |     4   (0)| 00:00:01 |  Q1,36 | PCWC |            |                      
|* 56 |                                 TABLE ACCESS FULL            | ENDPOLICY_DOCUMENTS          
|  5807 |   300K|       |     4   (0)| 00:00:01 |  Q1,36 | PCWP |            |                      
|* 57 |                           VIEW                               | DOCUMENT_DOCSPEC             
| 10384 |  4796K|       |    23   (0)| 00:00:01 |  Q1,44 | PCWP |            |                      
|  58 |                            JOIN FILTER USE                   | :BF0000                      
| 10384 |   851K|       |    19   (0)| 00:00:01 |  Q1,44 | PCWP |            |                      
|  59 |                             PX BLOCK ITERATOR                |                              
| 10384 |   851K|       |    19   (0)| 00:00:01 |  Q1,44 | PCWC |            |                      
|* 60 |                              TABLE ACCESS FULL               | DOCUMENT_DOCSPEC             
| 10384 |   851K|       |    19   (0)| 00:00:01 |  Q1,44 | PCWP |            |                      
|  61 |                       PX BLOCK ITERATOR                      |                              
|  1416K|   224M|       |  6968   (1)| 00:00:01 |  Q1,47 | PCWC |            |                      
|* 62 |                        TABLE ACCESS FULL                     | ENDPOLICY                    
|  1416K|   224M|       |  6968   (1)| 00:00:01 |  Q1,47 | PCWP |            |                      
|* 63 |              HASH JOIN RIGHT OUTER                           |                              
|   754K|  2530M|       | 76356   (1)| 00:00:03 |  Q1,56 | PCWP |            |                      
|  64 |               PX RECEIVE                                     |                              
|   115 | 12650 |       |     2   (0)| 00:00:01 |  Q1,56 | PCWP |            |                      
|  65 |                PX SEND BROADCAST                             | :TQ10052                     
|   115 | 12650 |       |     2   (0)| 00:00:01 |  Q1,52 | P->P | BROADCAST  |                      
|  66 |                 PX BLOCK ITERATOR                            |                              
|   115 | 12650 |       |     2   (0)| 00:00:01 |  Q1,52 | PCWC |            |                      
|* 67 |                  TABLE ACCESS FULL                           | DISTRIBUTIONNETWORK          
|   115 | 12650 |       |     2   (0)| 00:00:01 |  Q1,52 | PCWP |            |                      
|* 68 |               HASH JOIN RIGHT OUTER                          |                              
|   754K|  2451M|       | 76354   (1)| 00:00:03 |  Q1,56 | PCWP |            |                      
|  69 |                PX RECEIVE                                    |                              
| 40217 |  2317K|       |    63   (0)| 00:00:01 |  Q1,56 | PCWP |            |                      
|  70 |                 PX SEND BROADCAST                            | :TQ10053                     
| 40217 |  2317K|       |    63   (0)| 00:00:01 |  Q1,53 | P->P | BROADCAST  |                      
|  71 |                  PX BLOCK ITERATOR                           |                              
| 40217 |  2317K|       |    63   (0)| 00:00:01 |  Q1,53 | PCWC |            |                      
|* 72 |                   TABLE ACCESS FULL                          | DISTRIBUTIONNETWORK_STRUCT   
| 40217 |  2317K|       |    63   (0)| 00:00:01 |  Q1,53 | PCWP |            |                      
|* 73 |                HASH JOIN RIGHT OUTER                         |                              
| 98457 |   314M|       | 76290   (1)| 00:00:03 |  Q1,56 | PCWP |            |                      
|* 74 |                 TABLE ACCESS FULL                            | BROKER                       
|  5248 |  1916K|       |    44   (0)| 00:00:01 |  Q1,56 | PCWP |            |                      
|* 75 |                 HASH JOIN RIGHT OUTER                        |                              
| 98062 |   278M|       | 76246   (1)| 00:00:03 |  Q1,56 | PCWP |            |                      
|  76 |                  PX RECEIVE                                  |                              
|   879K|    42M|       |   663   (1)| 00:00:01 |  Q1,56 | PCWP |            |                      
|  77 |                   PX SEND HASH                               | :TQ10054                     
|   879K|    42M|       |   663   (1)| 00:00:01 |  Q1,54 | P->P | HASH       |                      
|  78 |                    PX BLOCK ITERATOR                         |                              
|   879K|    42M|       |   663   (1)| 00:00:01 |  Q1,54 | PCWC |            |                      
|* 79 |                     TABLE ACCESS FULL                        | ROLETOROLETARGET             
|   879K|    42M|       |   663   (1)| 00:00:01 |  Q1,54 | PCWP |            |                      
|  80 |                  PX RECEIVE                                  |                              
| 79174 |   220M|       | 75582   (1)| 00:00:03 |  Q1,56 | PCWP |            |                      
|  81 |                   PX SEND HASH                               | :TQ10055                     
| 79174 |   220M|       | 75582   (1)| 00:00:03 |  Q1,55 | P->P | HASH       |                      
|* 82 |                    HASH JOIN RIGHT OUTER BUFFERED            |                              
| 79174 |   220M|       | 75582   (1)| 00:00:03 |  Q1,55 | PCWP |            |                      
|  83 |                     PX RECEIVE                               |                              
|   101K|    23M|       |   170   (1)| 00:00:01 |  Q1,55 | PCWP |            |                      
|  84 |                      PX SEND BROADCAST                       | :TQ10048                     
|   101K|    23M|       |   170   (1)| 00:00:01 |  Q1,48 | P->P | BROADCAST  |                      
|  85 |                       VIEW                                   | ENDPOLICY_PRODUCTPAR         
|   101K|    23M|       |   170   (1)| 00:00:01 |  Q1,48 | PCWP |            |                      
|  86 |                        PX BLOCK ITERATOR                     |                              
|   101K|  6914K|       |   146   (1)| 00:00:01 |  Q1,48 | PCWC |            |                      
|* 87 |                         TABLE ACCESS FULL                    | ENDPOLICY_PRODUCTPAR         
|   101K|  6914K|       |   146   (1)| 00:00:01 |  Q1,48 | PCWP |            |                      
|* 88 |                     HASH JOIN RIGHT OUTER                    |                              
| 79174 |   202M|       | 75413   (1)| 00:00:03 |  Q1,55 | PCWP |            |                      
|  89 |                      PX RECEIVE                              |                              
|   498K|    14M|       |   924   (1)| 00:00:01 |  Q1,55 | PCWP |            |                      
|  90 |                       PX SEND HASH                           | :TQ10049                     
|   498K|    14M|       |   924   (1)| 00:00:01 |  Q1,49 | P->P | HASH       |                      
|  91 |                        PX BLOCK ITERATOR                     |                              
|   498K|    14M|       |   924   (1)| 00:00:01 |  Q1,49 | PCWC |            |                      
|* 92 |                         TABLE ACCESS FULL                    | TAXCALCHIST_PAR              
|   498K|    14M|       |   924   (1)| 00:00:01 |  Q1,49 | PCWP |            |                      
|  93 |                      PX RECEIVE                              |                              
| 79174 |   199M|       | 74489   (1)| 00:00:03 |  Q1,55 | PCWP |            |                      
|  94 |                       PX SEND HASH                           | :TQ10050                     
| 79174 |   199M|       | 74489   (1)| 00:00:03 |  Q1,50 | P->P | HASH       |                      
|* 95 |                        HASH JOIN RIGHT OUTER BUFFERED        |                              
| 79174 |   199M|       | 74489   (1)| 00:00:03 |  Q1,50 | PCWP |            |                      
|  96 |                         PX RECEIVE                           |                              
|  1417K|    72M|       |  1022   (1)| 00:00:01 |  Q1,50 | PCWP |            |                      
|  97 |                          PX SEND HASH                        | :TQ10045                     
|  1417K|    72M|       |  1022   (1)| 00:00:01 |  Q1,45 | P->P | HASH       |                      
|  98 |                           PX BLOCK ITERATOR                  |                              
|  1417K|    72M|       |  1022   (1)| 00:00:01 |  Q1,45 | PCWC |            |                      
|* 99 |                            TABLE ACCESS FULL                 | TAXCALCHIST                  
|  1417K|    72M|       |  1022   (1)| 00:00:01 |  Q1,45 | PCWP |            |                      
| 100 |                         PX RECEIVE                           |                              
| 79174 |   195M|       | 73465   (1)| 00:00:03 |  Q1,50 | PCWP |            |                      
| 101 |                          PX SEND HASH                        | :TQ10046                     
| 79174 |   195M|       | 73465   (1)| 00:00:03 |  Q1,46 | P->P | HASH       |                      
|*102 |                           HASH JOIN RIGHT OUTER BUFFERED     |                              
| 79174 |   195M|       | 73465   (1)| 00:00:03 |  Q1,46 | PCWP |            |                      
| 103 |                            PX RECEIVE                        |                              
| 14995 |  6252K|       |    23   (0)| 00:00:01 |  Q1,46 | PCWP |            |                      
| 104 |                             PX SEND BROADCAST                | :TQ10037                     
| 14995 |  6252K|       |    23   (0)| 00:00:01 |  Q1,37 | P->P | BROADCAST  |                      
| 105 |                              VIEW                            | ENDPOLICY_INDEXSETTING       
| 14995 |  6252K|       |    23   (0)| 00:00:01 |  Q1,37 | PCWP |            |                      
| 106 |                               PX BLOCK ITERATOR              |                              
| 14995 |  1083K|       |    19   (0)| 00:00:01 |  Q1,37 | PCWC |            |                      
|*107 |                                TABLE ACCESS FULL             | ENDPOLICY_INDEXSETTING       
| 14995 |  1083K|       |    19   (0)| 00:00:01 |  Q1,37 | PCWP |            |                      
|*108 |                            HASH JOIN RIGHT OUTER             |                              
| 79174 |   163M|       | 73442   (1)| 00:00:03 |  Q1,46 | PCWP |            |                      
| 109 |                             PX RECEIVE                       |                              
|    33 |   957 |       |     2   (0)| 00:00:01 |  Q1,46 | PCWP |            |                      
| 110 |                              PX SEND BROADCAST               | :TQ10038                     
|    33 |   957 |       |     2   (0)| 00:00:01 |  Q1,38 | P->P | BROADCAST  |                      
| 111 |                               PX BLOCK ITERATOR              |                              
|    33 |   957 |       |     2   (0)| 00:00:01 |  Q1,38 | PCWC |            |                      
|*112 |                                TABLE ACCESS FULL             | CURRENCY                     
|    33 |   957 |       |     2   (0)| 00:00:01 |  Q1,38 | PCWP |            |                      
|*113 |                             HASH JOIN RIGHT OUTER            |                              
| 79174 |   161M|       | 73440   (1)| 00:00:03 |  Q1,46 | PCWP |            |                      
| 114 |                              PX RECEIVE                      |                              
|    23 | 24426 |       |     2   (0)| 00:00:01 |  Q1,46 | PCWP |            |                      
| 115 |                               PX SEND BROADCAST              | :TQ10039                     
|    23 | 24426 |       |     2   (0)| 00:00:01 |  Q1,39 | P->P | BROADCAST  |                      
| 116 |                                PX BLOCK ITERATOR             |                              
|    23 | 24426 |       |     2   (0)| 00:00:01 |  Q1,39 | PCWC |            |                      
|*117 |                                 TABLE ACCESS FULL            | PRODUCT                      
|    23 | 24426 |       |     2   (0)| 00:00:01 |  Q1,39 | PCWP |            |                      
|*118 |                              HASH JOIN RIGHT OUTER           |                              
| 79174 |    81M|       | 73438   (1)| 00:00:03 |  Q1,46 | PCWP |            |                      
| 119 |                               PX RECEIVE                     |                              
| 71196 |  4588K|       |    89   (2)| 00:00:01 |  Q1,46 | PCWP |            |                      
| 120 |                                PX SEND BROADCAST             | :TQ10040                     
| 71196 |  4588K|       |    89   (2)| 00:00:01 |  Q1,40 | P->P | BROADCAST  |                      
| 121 |                                 PX BLOCK ITERATOR            |                              
| 71196 |  4588K|       |    89   (2)| 00:00:01 |  Q1,40 | PCWC |            |                      
|*122 |                                  TABLE ACCESS FULL           | ENDPOLICY_CF                 
| 71196 |  4588K|       |    89   (2)| 00:00:01 |  Q1,40 | PCWP |            |                      
|*123 |                               HASH JOIN RIGHT OUTER          |                              
| 79152 |    76M|       | 73350   (1)| 00:00:03 |  Q1,46 | PCWP |            |                      
|*124 |                                TABLE ACCESS FULL             | TAXFRAMEWORK                 
|    10 |   670 |       |     2   (0)| 00:00:01 |  Q1,46 | PCWP |            |                      
|*125 |                                HASH JOIN RIGHT OUTER         |                              
| 79152 |    71M|       | 73347   (1)| 00:00:03 |  Q1,46 | PCWP |            |                      
| 126 |                                 PX RECEIVE                   |                              
|     1 |    30 |       | 22845   (1)| 00:00:01 |  Q1,46 | PCWP |            |                      
| 127 |                                  PX SEND HASH                | :TQ10041                     
|     1 |    30 |       | 22845   (1)| 00:00:01 |  Q1,41 | P->P | HASH       |                      
| 128 |                                   VIEW                       | CLASSESRESULTAT              
|     1 |    30 |       | 22845   (1)| 00:00:01 |  Q1,41 | PCWP |            |                      
| 129 |                                    HASH GROUP BY             |                              
|     1 |    43 |       | 22845   (1)| 00:00:01 |  Q1,41 | PCWP |            |                      
| 130 |                                     PX RECEIVE               |                              
|     1 |    43 |       | 22845   (1)| 00:00:01 |  Q1,41 | PCWP |            |                      
| 131 |                                      PX SEND HASH            | :TQ10033                     
|     1 |    43 |       | 22845   (1)| 00:00:01 |  Q1,33 | P->P | HASH       |                      
| 132 |                                       HASH GROUP BY          |                              
|     1 |    43 |       | 22845   (1)| 00:00:01 |  Q1,33 | PCWP |            |                      
| 133 |                                        VIEW                  |                              
|     1 |    43 |       | 22845   (1)| 00:00:01 |  Q1,33 | PCWP |            |                      
| 134 |                                         HASH GROUP BY        |                              
|     1 |   318 |  1480K| 22845   (1)| 00:00:01 |  Q1,33 | PCWP |            |                      
| 135 |                                          PX RECEIVE          |                              
|     1 |   318 |       | 22845   (1)| 00:00:01 |  Q1,33 | PCWP |            |                      
| 136 |                                           PX SEND HASH       | :TQ10028                     
|     1 |   318 |       | 22845   (1)| 00:00:01 |  Q1,28 | P->P | HASH       |                      
| 137 |                                            HASH GROUP BY     |                              
|     1 |   318 |  1480K| 22845   (1)| 00:00:01 |  Q1,28 | PCWP |            |                      
|*138 |                                             FILTER           |                              
|       |       |       |            |          |  Q1,28 | PCWP |            |                      
| 139 |                                              PX RECEIVE      |                              
|  4398 |  1365K|       | 22828   (1)| 00:00:01 |  Q1,28 | PCWP |            |                      
| 140 |                                               PX SEND HASH   | :TQ10025                     
|  4398 |  1365K|       | 22828   (1)| 00:00:01 |  Q1,25 | P->P | HASH       |                      
|*141 |                                                HASH JOIN     |                              
|  4398 |  1365K|       | 22828   (1)| 00:00:01 |  Q1,25 | PCWP |            |                      
| 142 | CREATE                                          JOIN FILTER  | :BF0003                      
|  3931 |   882K|       | 15862   (1)| 00:00:01 |  Q1,25 | PCWP |            |                      
| 143 |                                                  PX RECEIVE  |                              
|  3931 |   882K|       | 15862   (1)| 00:00:01 |  Q1,25 | PCWP |            |                      
| 144 | OADCAST                                           PX SEND BR | :TQ10021                     
|  3931 |   882K|       | 15862   (1)| 00:00:01 |  Q1,21 | P->P | BROADCAST  |                      
|*145 |  BUFFERED                                          HASH JOIN |                              
|  3931 |   882K|       | 15862   (1)| 00:00:01 |  Q1,21 | PCWP |            |                      
| 146 | TER CREATE                                          JOIN FIL | :BF0004                      
|  3931 |   671K|       | 15818   (1)| 00:00:01 |  Q1,21 | PCWP |            |                      
| 147 | IVE                                                  PX RECE |                              
|  3931 |   671K|       | 15818   (1)| 00:00:01 |  Q1,21 | PCWP |            |                      
| 148 | D HYBRID HASH                                         PX SEN | :TQ10016                     
|  3931 |   671K|       | 15818   (1)| 00:00:01 |  Q1,16 | P->P | HYBRID HASH|                      
| 149 | STICS COLLECTOR                                        STATI |                              
|       |       |       |            |          |  Q1,16 | PCWC |            |                      
| 150 | ED LOOPS                                                NEST |                              
|  3931 |   671K|       | 15818   (1)| 00:00:01 |  Q1,16 | PCWP |            |                      
| 151 | TED LOOPS                                                NES |                              
|  8250 |   671K|       | 15818   (1)| 00:00:01 |  Q1,16 | PCWP |            |                      
| 152 | STED LOOPS                                                NE |                              
|   250 | 26250 |       | 15141   (1)| 00:00:01 |  Q1,16 | PCWP |            |                      
| 153 | IEW                                                        V | CLASSES                      
|   249 |  6474 |       | 15049   (1)| 00:00:01 |  Q1,16 | PCWP |            |                      
| 154 |.TABLE ACCESS BY INDEX ROWID BATCHED                          | BUSINESSCODE                 
|     1 |    19 |       |     2   (0)| 00:00:01 |  Q1,16 | PCWP |            |                      
|*155 |. INDEX RANGE SCAN                                            | IDX$$_0E960003               
|     1 |       |       |     1   (0)| 00:00:01 |  Q1,16 | PCWP |            |                      
| 156 |.HASH UNIQUE                                                  |                              
|   249 | 63993 |       | 15049   (1)| 00:00:01 |  Q1,16 | PCWP |            |                      
| 157 |. PX RECEIVE                                                  |                              
|   249 | 63993 |       | 15049   (1)| 00:00:01 |  Q1,16 | PCWP |            |                      
| 158 |.  PX SEND HASH                                               | :TQ10013                     
|   249 | 63993 |       | 15049   (1)| 00:00:01 |  Q1,13 | P->P | HASH       |                      
| 159 |.   HASH UNIQUE                                               |                              
|   249 | 63993 |       | 15049   (1)| 00:00:01 |  Q1,13 | PCWP |            |                      
|*160 |.    FILTER                                                   |                              
|       |       |       |            |          |  Q1,13 | PCWP |            |                      
| 161 |.     PX RECEIVE                                              |                              
|    24M|  6108M|       | 15023   (1)| 00:00:01 |  Q1,13 | PCWP |            |                      
| 162 |.      PX SEND HASH                                           | :TQ10010                     
|    24M|  6108M|       | 15023   (1)| 00:00:01 |  Q1,10 | P->P | HASH       |                      
|*163 |.       HASH JOIN BUFFERED                                    |                              
|    24M|  6108M|       | 15023   (1)| 00:00:01 |  Q1,10 | PCWP |            |                      
| 164 |.        PX RECEIVE                                           |                              
| 79310 |  5886K|       |  6967   (1)| 00:00:01 |  Q1,10 | PCWP |            |                      
| 165 |.         PX SEND BROADCAST                                   | :TQ10004                     
| 79310 |  5886K|       |  6967   (1)| 00:00:01 |  Q1,04 | P->P | BROADCAST  |                      
| 166 |.          PX BLOCK ITERATOR                                  |                              
| 79310 |  5886K|       |  6967   (1)| 00:00:01 |  Q1,04 | PCWC |            |                      
|*167 |.           TABLE ACCESS FULL                                 | ENDPOLICY                    
| 79310 |  5886K|       |  6967   (1)| 00:00:01 |  Q1,04 | PCWP |            |                      
|*168 |.        HASH JOIN                                            |                              
|    22M|  3845M|       |  8046   (1)| 00:00:01 |  Q1,10 | PCWP |            |                      
| 169 |.         PX RECEIVE                                          |                              
|  1416K|    90M|       |  6968   (1)| 00:00:01 |  Q1,10 | PCWP |            |                      
| 170 |.          PX SEND HYBRID HASH                                | :TQ10005                     
|  1416K|    90M|       |  6968   (1)| 00:00:01 |  Q1,05 | P->P | HYBRID HASH|                      
| 171 |.           STATISTICS COLLECTOR                              |                              
|       |       |       |            |          |  Q1,05 | PCWC |            |                      
| 172 |.            PX BLOCK ITERATOR                                |                              
|  1416K|    90M|       |  6968   (1)| 00:00:01 |  Q1,05 | PCWC |            |                      
|*173 |.             TABLE ACCESS FULL                               | ENDPOLICY                    
|  1416K|    90M|       |  6968   (1)| 00:00:01 |  Q1,05 | PCWP |            |                      
| 174 |.         PX RECEIVE                                          |                              
|  1107K|   120M|       |  1066   (1)| 00:00:01 |  Q1,10 | PCWP |            |                      
| 175 |.          PX SEND HYBRID HASH                                | :TQ10006                     
|  1107K|   120M|       |  1066   (1)| 00:00:01 |  Q1,06 | P->P | HYBRID HASH|                      
|*176 |.           HASH JOIN                                         |                              
|  1107K|   120M|       |  1066   (1)| 00:00:01 |  Q1,06 | PCWP |            |                      
|*177 |.            TABLE ACCESS FULL                                | FINANCIALINSTRUMENT          
| 17752 |   970K|       |    44   (0)| 00:00:01 |  Q1,06 | PCWP |            |                      
| 178 |.            PX BLOCK ITERATOR                                |                              
|  1107K|    61M|       |  1022   (1)| 00:00:01 |  Q1,06 | PCWC |            |                      
|*179 |.             TABLE ACCESS FULL                               | POLICYDAILYFININSTBALANCE    
|  1107K|    61M|       |  1022   (1)| 00:00:01 |  Q1,06 | PCWP |            |                      
| 180 |.     TABLE ACCESS BY INDEX ROWID BATCHED                     | BUSINESSCODE                 
|     1 |    19 |       |     2   (0)| 00:00:01 |        |      |            |                      
|*181 |.      INDEX RANGE SCAN                                       | IDX$$_0E960003               
|     1 |       |       |     1   (0)| 00:00:01 |        |      |            |                      
| 182 |.     TABLE ACCESS BY INDEX ROWID BATCHED                     | TECHNICALCODE                
|     1 |    77 |       |     2   (0)| 00:00:01 |        |      |            |                      
|*183 |.      INDEX RANGE SCAN                                       | IDX$$_0E960002               
|     1 |       |       |     1   (0)| 00:00:01 |        |      |            |                      
|*184 | ABLE ACCESS BY INDEX ROWID BATCHED                         T | ENDPOLICY                    
|     1 |    79 |       |     1   (0)| 00:00:01 |  Q1,16 | PCWP |            |                      
|*185 |.INDEX RANGE SCAN                                             | PK_ENDPOLICY                 
|     1 |       |       |     0   (0)| 00:00:01 |  Q1,16 | PCWP |            |                      
|*186 | DEX RANGE SCAN                                            IN | PK_POLICYDAILYFININSTBALANCE 
|    33 |       |       |     0   (0)| 00:00:01 |  Q1,16 | PCWP |            |                      
|*187 | LE ACCESS BY INDEX ROWID                                 TAB | POLICYDAILYFININSTBALANCE    
|    16 |  1120 |       |     5   (0)| 00:00:01 |  Q1,16 | PCWP |            |                      
| 188 | VE                                                  PX RECEI |                              
| 17752 |   953K|       |    44   (0)| 00:00:01 |  Q1,21 | PCWP |            |                      
| 189 |  HYBRID HASH                                         PX SEND | :TQ10017                     
| 17752 |   953K|       |    44   (0)| 00:00:01 |  Q1,17 | P->P | HYBRID HASH|                      
| 190 | ILTER USE                                             JOIN F | :BF0004                      
| 17752 |   953K|       |    44   (0)| 00:00:01 |  Q1,17 | PCWP |            |                      
| 191 | OCK ITERATOR                                           PX BL |                              
| 17752 |   953K|       |    44   (0)| 00:00:01 |  Q1,17 | PCWC |            |                      
|*192 | E ACCESS FULL                                           TABL | FINANCIALINSTRUMENT          
| 17752 |   953K|       |    44   (0)| 00:00:01 |  Q1,17 | PCWP |            |                      
| 193 | USE                                             JOIN FILTER  | :BF0003                      
| 79310 |  6815K|       |  6967   (1)| 00:00:01 |  Q1,25 | PCWP |            |                      
| 194 | ERATOR                                           PX BLOCK IT |                              
| 79310 |  6815K|       |  6967   (1)| 00:00:01 |  Q1,25 | PCWC |            |                      
|*195 | SS FULL                                           TABLE ACCE | ENDPOLICY                    
| 79310 |  6815K|       |  6967   (1)| 00:00:01 |  Q1,25 | PCWP |            |                      
| 196 |  INDEX ROWID BATCHED                         TABLE ACCESS BY | BUSINESSCODE                 
|     1 |    19 |       |     2   (0)| 00:00:01 |        |      |            |                      
|*197 | AN                                            INDEX RANGE SC | IDX$$_0E960003               
|     1 |       |       |     1   (0)| 00:00:01 |        |      |            |                      
| 198 |  INDEX ROWID BATCHED                         TABLE ACCESS BY | TECHNICALCODE                
|     1 |    77 |       |     2   (0)| 00:00:01 |        |      |            |                      
|*199 | AN                                            INDEX RANGE SC | IDX$$_0E960002               
|     1 |       |       |     1   (0)| 00:00:01 |        |      |            |                      
|*200 |                                 HASH JOIN                    |                              
| 79152 |    68M|       | 50502   (1)| 00:00:02 |  Q1,46 | PCWP |            |                      
| 201 |                                  JOIN FILTER CREATE          | :BF0005                      
| 79322 |    64M|       | 43534   (1)| 00:00:02 |  Q1,46 | PCWP |            |                      
| 202 |                                   PX RECEIVE                 |                              
| 79322 |    64M|       | 43534   (1)| 00:00:02 |  Q1,46 | PCWP |            |                      
| 203 |                                    PX SEND HASH              | :TQ10042                     
| 79322 |    64M|       | 43534   (1)| 00:00:02 |  Q1,42 | P->P | HASH       |                      
|*204 |                                     HASH JOIN BUFFERED       |                              
| 79322 |    64M|       | 43534   (1)| 00:00:02 |  Q1,42 | PCWP |            |                      
| 205 |                                      JOIN FILTER CREATE      | :BF0006                      
| 79499 |    57M|       | 36565   (1)| 00:00:02 |  Q1,42 | PCWP |            |                      
| 206 |                                       PX RECEIVE             |                              
| 79499 |    57M|       | 36565   (1)| 00:00:02 |  Q1,42 | PCWP |            |                      
| 207 |                                        PX SEND HYBRID HASH   | :TQ10034                     
| 79499 |    57M|       | 36565   (1)| 00:00:02 |  Q1,34 | P->P | HYBRID HASH|                      
| 208 |                                         STATISTICS COLLECTOR |                              
|       |       |       |            |          |  Q1,34 | PCWC |            |                      
|*209 | ER BUFFERED                              HASH JOIN RIGHT OUT |                              
| 79499 |    57M|       | 36565   (1)| 00:00:02 |  Q1,34 | PCWP |            |                      
| 210 |                                           PX RECEIVE         |                              
|   353 | 92486 |       |     2   (0)| 00:00:01 |  Q1,34 | PCWP |            |                      
| 211 |                                            PX SEND BROADCAST | :TQ10029                     
|   353 | 92486 |       |     2   (0)| 00:00:01 |  Q1,29 | P->P | BROADCAST  |                      
| 212 | R                                           PX BLOCK ITERATO |                              
|   353 | 92486 |       |     2   (0)| 00:00:01 |  Q1,29 | PCWC |            |                      
|*213 | LL                                           TABLE ACCESS FU | INVSTRATDEF                  
|   353 | 92486 |       |     2   (0)| 00:00:01 |  Q1,29 | PCWP |            |                      
|*214 |                                           HASH JOIN OUTER    |                              
| 79499 |    37M|       | 36563   (1)| 00:00:02 |  Q1,34 | PCWP |            |                      
| 215 | E                                          JOIN FILTER CREAT | :BF0007                      
| 79310 |    33M|       | 35540   (1)| 00:00:02 |  Q1,34 | PCWP |            |                      
| 216 |                                             PX RECEIVE       |                              
| 79310 |    33M|       | 35540   (1)| 00:00:02 |  Q1,34 | PCWP |            |                      
| 217 |                                              PX SEND HASH    | :TQ10030                     
| 79310 |    33M|       | 35540   (1)| 00:00:02 |  Q1,30 | P->P | HASH       |                      
|*218 | R BUFFERED                                    HASH JOIN OUTE |                              
| 79310 |    33M|       | 35540   (1)| 00:00:02 |  Q1,30 | PCWP |            |                      
| 219 | REATE                                          JOIN FILTER C | :BF0008                      
| 79310 |    24M|       | 31647   (1)| 00:00:02 |  Q1,30 | PCWP |            |                      
| 220 |                                                 PX RECEIVE   |                              
| 79310 |    24M|       | 31647   (1)| 00:00:02 |  Q1,30 | PCWP |            |                      
| 221 | H                                                PX SEND HAS | :TQ10026                     
| 79310 |    24M|       | 31647   (1)| 00:00:02 |  Q1,26 | P->P | HASH       |                      
|*222 | RIGHT OUTER BUFFERED                              HASH JOIN  |                              
| 79310 |    24M|       | 31647   (1)| 00:00:02 |  Q1,26 | PCWP |            |                      
| 223 | E                                                  PX RECEIV |                              
|   166K|    13M|       |   728   (1)| 00:00:01 |  Q1,26 | PCWP |            |                      
| 224 | HASH                                                PX SEND  | :TQ10022                     
|   166K|    13M|       |   728   (1)| 00:00:01 |  Q1,22 | P->P | HASH       |                      
| 225 |                                                      VIEW    |                              
|   166K|    13M|       |   728   (1)| 00:00:01 |  Q1,22 | PCWP |            |                      
|*226 | OIN                                                   HASH J |                              
|   166K|    13M|       |   726   (1)| 00:00:01 |  Q1,22 | PCWP |            |                      
| 227 | FILTER CREATE                                          JOIN  | :BF0009                      
| 70983 |  2287K|       |    63   (0)| 00:00:01 |  Q1,22 | PCWP |            |                      
|*228 | E ACCESS FULL                                           TABL | ROLEPAYER                    
| 70983 |  2287K|       |    63   (0)| 00:00:01 |  Q1,22 | PCWP |            |                      
| 229 | FILTER USE                                             JOIN  | :BF0009                      
|   879K|    42M|       |   663   (1)| 00:00:01 |  Q1,22 | PCWP |            |                      
| 230 | LOCK ITERATOR                                           PX B |                              
|   879K|    42M|       |   663   (1)| 00:00:01 |  Q1,22 | PCWC |            |                      
|*231 | LE ACCESS FULL                                           TAB | ROLETOROLETARGET             
|   879K|    42M|       |   663   (1)| 00:00:01 |  Q1,22 | PCWP |            |                      
|*232 |  RIGHT OUTER                                       HASH JOIN |                              
| 79310 |    18M|       | 30919   (1)| 00:00:02 |  Q1,26 | PCWP |            |                      
| 233 | VE                                                  PX RECEI |                              
| 39488 |  1041K|       |  3795   (1)| 00:00:01 |  Q1,26 | PCWP |            |                      
| 234 |  HASH                                                PX SEND | :TQ10023                     
| 39488 |  1041K|       |  3795   (1)| 00:00:01 |  Q1,23 | P->P | HASH       |                      
| 235 |                                                       VIEW   | PAYSTAT                      
| 39488 |  1041K|       |  3795   (1)| 00:00:01 |  Q1,23 | PCWP |            |                      
| 236 | GROUP BY                                               HASH  |                              
| 39488 |  1079K|    22M|  3795   (1)| 00:00:01 |  Q1,23 | PCWP |            |                      
| 237 | ECEIVE                                                  PX R |                              
| 39488 |  1079K|       |  3795   (1)| 00:00:01 |  Q1,23 | PCWP |            |                      
| 238 | SEND HASH                                                PX  | :TQ10018                     
| 39488 |  1079K|       |  3795   (1)| 00:00:01 |  Q1,18 | P->P | HASH       |                      
| 239 | SH GROUP BY                                               HA |                              
| 39488 |  1079K|    22M|  3795   (1)| 00:00:01 |  Q1,18 | PCWP |            |                      
| 240 | X BLOCK ITERATOR                                           P |                              
|   574K|    15M|       |  3325   (1)| 00:00:01 |  Q1,18 | PCWC |            |                      
|*241 |.TABLE ACCESS FULL                                            | BILL                         
|   574K|    15M|       |  3325   (1)| 00:00:01 |  Q1,18 | PCWP |            |                      
| 242 | VE                                                  PX RECEI |                              
| 79310 |    15M|       | 27124   (1)| 00:00:02 |  Q1,26 | PCWP |            |                      
| 243 |  HASH                                                PX SEND | :TQ10024                     
| 79310 |    15M|       | 27124   (1)| 00:00:02 |  Q1,24 | P->P | HASH       |                      
|*244 | OIN RIGHT OUTER BUFFERED                              HASH J |                              
| 79310 |    15M|       | 27124   (1)| 00:00:02 |  Q1,24 | PCWP |            |                      
| 245 | CEIVE                                                  PX RE |                              

DBMS_SQLTUNE.REPORT_TUNING_TASK('ECLUBINTER','TEXT','TYPICAL','ALL')                                
----------------------------------------------------------------------------------------------------
| 29611 |   809K|       |  9825   (1)| 00:00:01 |  Q1,24 | PCWP |            |                      
| 246 | END HASH                                                PX S | :TQ10019                     
| 29611 |   809K|       |  9825   (1)| 00:00:01 |  Q1,19 | P->P | HASH       |                      
| 247 | W                                                        VIE | POLICY_EVAL                  
| 29611 |   809K|       |  9825   (1)| 00:00:01 |  Q1,19 | PCWP |            |                      
| 248 | SH GROUP BY                                               HA |                              
| 29611 |  3817K|  4320K|  9825   (1)| 00:00:01 |  Q1,19 | PCWP |            |                      
| 249 | X RECEIVE                                                  P |                              
| 29611 |  3817K|       |  9825   (1)| 00:00:01 |  Q1,19 | PCWP |            |                      
| 250 |.PX SEND HASH                                                 | :TQ10014                     
| 29611 |  3817K|       |  9825   (1)| 00:00:01 |  Q1,14 | P->P | HASH       |                      
| 251 |. HASH GROUP BY                                               |                              
| 29611 |  3817K|  4320K|  9825   (1)| 00:00:01 |  Q1,14 | PCWP |            |                      
|*252 |.  HASH JOIN                                                  |                              
| 29611 |  3817K|       |  9824   (1)| 00:00:01 |  Q1,14 | PCWP |            |                      
| 253 |.   PX RECEIVE                                                |                              
| 35776 |  2969K|       |  8802   (1)| 00:00:01 |  Q1,14 | PCWP |            |                      
| 254 |.    PX SEND BROADCAST                                        | :TQ10011                     
| 35776 |  2969K|       |  8802   (1)| 00:00:01 |  Q1,11 | P->P | BROADCAST  |                      
|*255 |.     HASH JOIN BUFFERED                                      |                              
| 35776 |  2969K|       |  8802   (1)| 00:00:01 |  Q1,11 | PCWP |            |                      
| 256 |.      PX RECEIVE                                             |                              
| 35520 |  1595K|       |  1827   (1)| 00:00:01 |  Q1,11 | PCWP |            |                      
| 257 |.       PX SEND HYBRID HASH                                   | :TQ10007                     
| 35520 |  1595K|       |  1827   (1)| 00:00:01 |  Q1,07 | P->P | HYBRID HASH|                      
| 258 |.        STATISTICS COLLECTOR                                 |                              
|       |       |       |            |          |  Q1,07 | PCWC |            |                      
| 259 |.         VIEW                                                | VW_GBF_15                    
| 35520 |  1595K|       |  1827   (1)| 00:00:01 |  Q1,07 | PCWP |            |                      
| 260 |.          HASH GROUP BY                                      |                              
| 35520 |   901K|  1272K|  1827   (1)| 00:00:01 |  Q1,07 | PCWP |            |                      
| 261 |.           PX RECEIVE                                        |                              
| 35520 |   901K|       |  1827   (1)| 00:00:01 |  Q1,07 | PCWP |            |                      
| 262 |.            PX SEND HASH                                     | :TQ10001                     
| 35520 |   901K|       |  1827   (1)| 00:00:01 |  Q1,01 | P->P | HASH       |                      
| 263 |.             HASH GROUP BY                                   |                              
| 35520 |   901K|  1272K|  1827   (1)| 00:00:01 |  Q1,01 | PCWP |            |                      
| 264 |.              VIEW                                           | VW_SQ_1                      
| 35520 |   901K|       |  1826   (1)| 00:00:01 |  Q1,01 | PCWP |            |                      
| 265 |.               HASH GROUP BY                                 |                              
| 35520 |  1179K|    46M|  1826   (1)| 00:00:01 |  Q1,01 | PCWP |            |                      
| 266 |.                PX RECEIVE                                   |                              
| 35520 |  1179K|       |  1826   (1)| 00:00:01 |  Q1,01 | PCWP |            |                      
| 267 |.                 PX SEND HASH                                | :TQ10000                     
| 35520 |  1179K|       |  1826   (1)| 00:00:01 |  Q1,00 | P->P | HASH       |                      
| 268 |.                  HASH GROUP BY                              |                              
| 35520 |  1179K|    46M|  1826   (1)| 00:00:01 |  Q1,00 | PCWP |            |                      
| 269 |.                   PX BLOCK ITERATOR                         |                              
|  1107K|    35M|       |  1021   (1)| 00:00:01 |  Q1,00 | PCWC |            |                      
|*270 |.                    TABLE ACCESS FULL                        | POLICYDAILYFININSTBALANCE    
|  1107K|    35M|       |  1021   (1)| 00:00:01 |  Q1,00 | PCWP |            |                      
| 271 |.      PX RECEIVE                                             |                              
| 70960 |  2702K|       |  6974   (1)| 00:00:01 |  Q1,11 | PCWP |            |                      
| 272 |.       PX SEND HYBRID HASH                                   | :TQ10008                     
| 70960 |  2702K|       |  6974   (1)| 00:00:01 |  Q1,08 | P->P | HYBRID HASH|                      
| 273 |.        VIEW                                                 |                              
| 70960 |  2702K|       |  6974   (1)| 00:00:01 |  Q1,08 | PCWP |            |                      
| 274 |.         HASH UNIQUE                                         |                              
| 70960 |  2841K|    70M|  6974   (1)| 00:00:01 |  Q1,08 | PCWP |            |                      
| 275 |.          PX RECEIVE                                         |                              
| 70960 |  2841K|       |  6974   (1)| 00:00:01 |  Q1,08 | PCWP |            |                      
| 276 |.           PX SEND HASH                                      | :TQ10002                     
| 70960 |  2841K|       |  6974   (1)| 00:00:01 |  Q1,02 | P->P | HASH       |                      
| 277 |.            HASH UNIQUE                                      |                              
| 70960 |  2841K|    70M|  6974   (1)| 00:00:01 |  Q1,02 | PCWP |            |                      
| 278 |.             PX BLOCK ITERATOR                               |                              
|  1416K|    55M|       |  6968   (1)| 00:00:01 |  Q1,02 | PCWC |            |                      
|*279 |.              TABLE ACCESS FULL                              | ENDPOLICY                    
|  1416K|    55M|       |  6968   (1)| 00:00:01 |  Q1,02 | PCWP |            |                      
| 280 |.   PX BLOCK ITERATOR                                         |                              
|  1107K|    49M|       |  1022   (1)| 00:00:01 |  Q1,14 | PCWC |            |                      
|*281 |.    TABLE ACCESS FULL                                        | POLICYDAILYFININSTBALANCE    
|  1107K|    49M|       |  1022   (1)| 00:00:01 |  Q1,14 | PCWP |            |                      
| 282 | CEIVE                                                  PX RE |                              
| 79310 |    13M|       | 17298   (1)| 00:00:01 |  Q1,24 | PCWP |            |                      
| 283 | END HASH                                                PX S | :TQ10020                     
| 79310 |    13M|       | 17298   (1)| 00:00:01 |  Q1,20 | P->P | HASH       |                      
|*284 | H JOIN RIGHT OUTER                                       HAS |                              
| 79310 |    13M|       | 17298   (1)| 00:00:01 |  Q1,20 | PCWP |            |                      
| 285 |  RECEIVE                                                  PX |                              
|  1886 | 62238 |       | 10332   (1)| 00:00:01 |  Q1,20 | PCWP |            |                      
| 286 | X SEND BROADCAST                                           P | :TQ10015                     
|  1886 | 62238 |       | 10332   (1)| 00:00:01 |  Q1,15 | P->P | BROADCAST  |                      
| 287 |.VIEW                                                         | MAX_DATE                     
|  1886 | 62238 |       | 10332   (1)| 00:00:01 |  Q1,15 | PCWP |            |                      
| 288 |. HASH GROUP BY                                               |                              
|  1886 |   801K|       | 10332   (1)| 00:00:01 |  Q1,15 | PCWP |            |                      
| 289 |.  PX RECEIVE                                                 |                              
|  1886 |   801K|       | 10332   (1)| 00:00:01 |  Q1,15 | PCWP |            |                      
| 290 |.   PX SEND HASH                                              | :TQ10012                     
|  1886 |   801K|       | 10332   (1)| 00:00:01 |  Q1,12 | P->P | HASH       |                      
| 291 |.    HASH GROUP BY                                            |                              
|  1886 |   801K|       | 10332   (1)| 00:00:01 |  Q1,12 | PCWP |            |                      
| 292 |.     TABLE ACCESS BY INDEX ROWID BATCHED                     | TECHNICALCODE                
|     1 |    77 |       |     2   (0)| 00:00:01 |  Q1,12 | PCWP |            |                      
|*293 |.      INDEX RANGE SCAN                                       | IDX$$_0E960002               
|     1 |       |       |     1   (0)| 00:00:01 |  Q1,12 | PCWP |            |                      
|*294 |.     VIEW                                                    |                              
|  1886 |   801K|       | 10331   (1)| 00:00:01 |  Q1,12 | PCWP |            |                      
|*295 |.      FILTER                                                 |                              
|       |       |       |            |          |  Q1,12 | PCWP |            |                      
| 296 |.       PX RECEIVE                                            |                              
|   942K|   207M|       | 10291   (1)| 00:00:01 |  Q1,12 | PCWP |            |                      
| 297 |.        PX SEND HASH                                         | :TQ10009                     
|   942K|   207M|       | 10291   (1)| 00:00:01 |  Q1,09 | P->P | HASH       |                      
|*298 |.         HASH JOIN                                           |                              
|   942K|   207M|       | 10291   (1)| 00:00:01 |  Q1,09 | PCWP |            |                      
| 299 |.          PX RECEIVE                                         |                              
| 79310 |  6583K|       |  6967   (1)| 00:00:01 |  Q1,09 | PCWP |            |                      
| 300 |.           PX SEND BROADCAST                                 | :TQ10003                     
| 79310 |  6583K|       |  6967   (1)| 00:00:01 |  Q1,03 | P->P | BROADCAST  |                      
| 301 |.            PX BLOCK ITERATOR                                |                              
| 79310 |  6583K|       |  6967   (1)| 00:00:01 |  Q1,03 | PCWC |            |                      
|*302 |.             TABLE ACCESS FULL                               | ENDPOLICY                    
| 79310 |  6583K|       |  6967   (1)| 00:00:01 |  Q1,03 | PCWP |            |                      
| 303 |.          PX BLOCK ITERATOR                                  |                              
|   574K|    80M|       |  3324   (1)| 00:00:01 |  Q1,09 | PCWC |            |                      
|*304 |.           TABLE ACCESS FULL                                 | BILL                         
|   574K|    80M|       |  3324   (1)| 00:00:01 |  Q1,09 | PCWP |            |                      
| 305 |.       TABLE ACCESS BY INDEX ROWID BATCHED                   | TECHNICALCODE                
|     1 |    77 |       |     2   (0)| 00:00:01 |        |      |            |                      
|*306 |.        INDEX RANGE SCAN                                     | IDX$$_0E960002               
|     1 |       |       |     1   (0)| 00:00:01 |        |      |            |                      
| 307 |  BLOCK ITERATOR                                           PX |                              
| 79310 |    11M|       |  6967   (1)| 00:00:01 |  Q1,20 | PCWC |            |                      
|*308 | ABLE ACCESS FULL                                           T | ENDPOLICY                    
| 79310 |    11M|       |  6967   (1)| 00:00:01 |  Q1,20 | PCWP |            |                      
| 309 |                                                PX RECEIVE    |                              
|  1385K|   153M|       |  3892   (1)| 00:00:01 |  Q1,30 | PCWP |            |                      
| 310 |                                                 PX SEND HASH | :TQ10027                     
|  1385K|   153M|       |  3892   (1)| 00:00:01 |  Q1,27 | P->P | HASH       |                      
| 311 |  USE                                             JOIN FILTER | :BF0008                      
|  1385K|   153M|       |  3892   (1)| 00:00:01 |  Q1,27 | PCWP |            |                      
| 312 | TERATOR                                           PX BLOCK I |                              
|  1385K|   153M|       |  3892   (1)| 00:00:01 |  Q1,27 | PCWC |            |                      
|*313 | ESS FULL                                           TABLE ACC | ENDCOVERAGE                  
|  1385K|   153M|       |  3892   (1)| 00:00:01 |  Q1,27 | PCWP |            |                      
| 314 |                                            PX RECEIVE        |                              
|  1385K|    70M|       |  1022   (1)| 00:00:01 |  Q1,34 | PCWP |            |                      
| 315 |                                             PX SEND HASH     | :TQ10031                     
|  1385K|    70M|       |  1022   (1)| 00:00:01 |  Q1,31 | P->P | HASH       |                      
| 316 |                                              JOIN FILTER USE | :BF0007                      
|  1385K|    70M|       |  1022   (1)| 00:00:01 |  Q1,31 | PCWP |            |                      
| 317 | TOR                                           PX BLOCK ITERA |                              
|  1385K|    70M|       |  1022   (1)| 00:00:01 |  Q1,31 | PCWC |            |                      
|*318 | FULL                                           TABLE ACCESS  | INVSTRAT                     
|  1385K|    70M|       |  1022   (1)| 00:00:01 |  Q1,31 | PCWP |            |                      
| 319 |                                      PX RECEIVE              |                              
|  1416K|   128M|       |  6968   (1)| 00:00:01 |  Q1,42 | PCWP |            |                      
| 320 |                                       PX SEND HYBRID HASH    | :TQ10035                     
|  1416K|   128M|       |  6968   (1)| 00:00:01 |  Q1,35 | P->P | HYBRID HASH|                      
| 321 |                                        JOIN FILTER USE       | :BF0006                      
|  1416K|   128M|       |  6968   (1)| 00:00:01 |  Q1,35 | PCWP |            |                      
| 322 |                                         PX BLOCK ITERATOR    |                              
|  1416K|   128M|       |  6968   (1)| 00:00:01 |  Q1,35 | PCWC |            |                      
|*323 |                                          TABLE ACCESS FULL   | ENDPOLICY                    
|  1416K|   128M|       |  6968   (1)| 00:00:01 |  Q1,35 | PCWP |            |                      
| 324 |                                  PX RECEIVE                  |                              
|  1416K|    81M|       |  6968   (1)| 00:00:01 |  Q1,46 | PCWP |            |                      
| 325 |                                   PX SEND HASH               | :TQ10043                     
|  1416K|    81M|       |  6968   (1)| 00:00:01 |  Q1,43 | P->P | HASH       |                      
| 326 |                                    JOIN FILTER USE           | :BF0005                      
|  1416K|    81M|       |  6968   (1)| 00:00:01 |  Q1,43 | PCWP |            |                      
| 327 |                                     PX BLOCK ITERATOR        |                              
|  1416K|    81M|       |  6968   (1)| 00:00:01 |  Q1,43 | PCWC |            |                      
|*328 |                                      TABLE ACCESS FULL       | ENDPOLICY                    
|  1416K|    81M|       |  6968   (1)| 00:00:01 |  Q1,43 | PCWP |            |                      
| 329 |          TABLE ACCESS BY INDEX ROWID BATCHED                 | TECHNICALCODE                
|     1 |    77 |       |     2   (0)| 00:00:01 |        |      |            |                      
|*330 |           INDEX RANGE SCAN                                   | IDX$$_0E960002               
|     1 |       |       |     1   (0)| 00:00:01 |        |      |            |                      
| 331 |     TABLE ACCESS BY INDEX ROWID BATCHED                      | BUSINESSCODE                 
|     1 |    19 |       |     2   (0)| 00:00:01 |        |      |            |                      
|*332 |      INDEX RANGE SCAN                                        | IDX$$_0E960003               
|     1 |       |       |     1   (0)| 00:00:01 |        |      |            |                      
| 333 |     TABLE ACCESS BY INDEX ROWID BATCHED                      | TECHNICALCODE                
|     1 |    77 |       |     2   (0)| 00:00:01 |        |      |            |                      
|*334 |      INDEX RANGE SCAN                                        | IDX$$_0E960002               
|     1 |       |       |     1   (0)| 00:00:01 |        |      |            |                      
| 335 |     TABLE ACCESS BY INDEX ROWID BATCHED                      | BUSINESSCODE                 
|     1 |    19 |       |     2   (0)| 00:00:01 |        |      |            |                      
|*336 |      INDEX RANGE SCAN                                        | IDX$$_0E960003               
|     1 |       |       |     1   (0)| 00:00:01 |        |      |            |                      
| 337 |     TABLE ACCESS BY INDEX ROWID BATCHED                      | BUSINESSCODE                 
|     1 |    19 |       |     2   (0)| 00:00:01 |        |      |            |                      
|*338 |      INDEX RANGE SCAN                                        | IDX$$_0E960003               
|     1 |       |       |     1   (0)| 00:00:01 |        |      |            |                      
|*339 |     VIEW                                                     |                              
|     1 |   215 |       |     4   (0)| 00:00:01 |        |      |            |                      
|*340 |      WINDOW BUFFER PUSHED RANK                               |                              
|     1 |    55 |       |     4   (0)| 00:00:01 |        |      |            |                      
|*341 |       TABLE ACCESS BY INDEX ROWID                            | EXTERNALACCOUNT              
|     1 |    55 |       |     4   (0)| 00:00:01 |        |      |            |                      
|*342 |        INDEX RANGE SCAN                                      | IDX$$_0E96000A               
|     1 |       |       |     3   (0)| 00:00:01 |        |      |            |                      
----------------------------------------------------------------------------------------------------
------------------------------------------------------------------------------                      
                                                                                                    
Predicate Information (identified by operation id):                                                 
---------------------------------------------------                                                 
                                                                                                    
   2 - access("BUSINESSCODE"."TECHNICALIDENTIFIER"=:B1)                                             
   4 - access("BUSINESSCODE"."TECHNICALIDENTIFIER"=:B1)                                             
   6 - access("BUSINESSCODE"."TECHNICALIDENTIFIER"=:B1)                                             
   8 - access("TECHNICALCODE"."TECHNICALIDENTIFIER"=:B1)                                            
  16 - filter(NVL2("ENDPOLICY"."END_STATUS_HID", (SELECT "VALUE" FROM "SOLIFE_IT0_ODS"."TECHNICALCOD
E" "TECHNICALCODE" WHERE                                                                            
              "TECHNICALCODE"."TECHNICALIDENTIFIER"=:B1),NULL)='VALIDATED')                         
  19 - access("PARENT_OID"(+)="TECHNICALIDENTIFIER" AND "PRODUCT_TID"(+)="TECHNICALIDENTIFIER")     
  20 - filter("ODS$CURRENT_VERSION"(+)='Y')                                                         
  21 - access("PSD"."POL_NUMBER"(+)="POL_NUMBER")                                                   
  30 - access("TECHNICALCODE"."TECHNICALIDENTIFIER"=:B1)                                            
  32 - access("TECHNICALCODE"."TECHNICALIDENTIFIER"=:B1)                                            
  33 - filter(("EP"."END_TYPE_EID"='MIGRATION' OR "EP"."END_TYPE_EID"='SUBSCRIPTION') AND "EP"."END_
STATUS_EID"='VALIDATED')                                                                            
  34 - access("TECHNICALIDENTIFIER"="ED"."PARENT_OID"(+))                                           
  39 - access("TECHNICALCODE"."TECHNICALIDENTIFIER"=:B1)                                            
  40 - access("DD"."PARENT_OID"="TECHNICALIDENTIFIER")                                              
  44 - access("TECHNICALIDENTIFIER"="DOCUMENT_TID")                                                 
  48 - access("TECHNICALIDENTIFIER"="DOCUMENTMETADATA_TID")                                         
  50 - filter("REFERENCE"='CPCPSIGNBO' AND "ODS$CURRENT_VERSION"='Y')                               
  53 - filter("ODS$CURRENT_VERSION"='Y' AND SYS_OP_BLOOM_FILTER(:BF0002,"DOCUMENTMETADATA_TID"))    
  56 - filter("ODS$CURRENT_VERSION"='Y' AND SYS_OP_BLOOM_FILTER(:BF0001,"DOCUMENT_TID"))            
  57 - filter("DD"."SPECIMENTYPE_EID"='Original')                                                   
  60 - filter("ODS$CURRENT_VERSION"='Y' AND SYS_OP_BLOOM_FILTER(:BF0000,"PARENT_OID"))              
  62 - filter("ODS$CURRENT_VERSION"='Y')                                                            
  63 - access("TECHNICALIDENTIFIER"(+)="PARENT_OID")                                                
  67 - filter("ODS$CURRENT_VERSION"(+)='Y')                                                         
  68 - access("DISTRIBUTIONPARTNER_TID"(+)="TECHNICALIDENTIFIER")                                   
  72 - filter("ODS$CURRENT_VERSION"(+)='Y')                                                         
  73 - access("TECHNICALIDENTIFIER"(+)="ROLE_TID")                                                  
  74 - filter("ODS$CURRENT_VERSION"(+)='Y')                                                         
  75 - access("ROLE_TARGET_TID"(+)="TECHNICALIDENTIFIER")                                           
  79 - filter("ODS$CURRENT_VERSION"(+)='Y')                                                         
  82 - access("ENDPAR"."PARENT_OID"(+)="TECHNICALIDENTIFIER")                                       
  87 - filter("ODS$CURRENT_VERSION"='Y')                                                            
  88 - access("PARENT_OID"(+)="TECHNICALIDENTIFIER")                                                
  92 - filter("ODS$CURRENT_VERSION"(+)='Y')                                                         
  95 - access("OWNER_TID"(+)="TECHNICALIDENTIFIER")                                                 
  99 - filter("ODS$CURRENT_VERSION"(+)='Y')                                                         
 102 - access("EI"."PARENT_OID"(+)="TECHNICALIDENTIFIER")                                           
 107 - filter("ODS$CURRENT_VERSION"='Y')                                                            
 108 - access("TECHNICALIDENTIFIER"(+)="POL_CURRENCY_TID")                                          
 112 - filter("ODS$CURRENT_VERSION"(+)='Y')                                                         
 113 - access("TECHNICALIDENTIFIER"(+)="POL_PRODUCT_TID")                                           
 117 - filter("ODS$CURRENT_VERSION"(+)='Y')                                                         
 118 - access("PARENT_OID"(+)="TECHNICALIDENTIFIER")                                                
 122 - filter("ODS$CURRENT_VERSION"(+)='Y')                                                         
 123 - access("TAXFRAMEWORK_TID"="TECHNICALIDENTIFIER"(+))                                          
 124 - filter("ODS$CURRENT_VERSION"(+)='Y')                                                         
 125 - access("CR"."ID_POLICE"(+)="TECHNICALIDENTIFIER")                                            
 138 - filter(NVL2("FINANCIALINSTRUMENT"."STATUS_BID", (SELECT "EXTERNALID" FROM "SOLIFE_IT0_ODS"."B
USINESSCODE" "BUSINESSCODE" WHERE                                                                   
              "BUSINESSCODE"."TECHNICALIDENTIFIER"=:B1),NULL)='FORCE' AND NVL2("ENDPOLICY"."END_STAT
US_HID", (SELECT "VALUE" FROM "SOLIFE_IT0_ODS"."TECHNICALCODE" "TECHNICALCODE"                      
              WHERE "TECHNICALCODE"."TECHNICALIDENTIFIER"=:B2),NULL)='VALIDATED')                   
 141 - access("POL_NUMBER"="POL_NUMBER")                                                            
 145 - access("TECHNICALIDENTIFIER"="FINANCIALINSTRUMENT_TID")                                      
 155 - access("BUSINESSCODE"."TECHNICALIDENTIFIER"=:B1)                                             
 160 - filter(NVL2("FINANCIALINSTRUMENT"."STATUS_BID", (SELECT "EXTERNALID" FROM "SOLIFE_IT0_ODS"."B
USINESSCODE" "BUSINESSCODE" WHERE                                                                   
              "BUSINESSCODE"."TECHNICALIDENTIFIER"=:B1),NULL)='FORCE' AND NVL2("ENDPOLICY"."END_STAT
US_HID", (SELECT "VALUE" FROM "SOLIFE_IT0_ODS"."TECHNICALCODE" "TECHNICALCODE"                      
              WHERE "TECHNICALCODE"."TECHNICALIDENTIFIER"=:B2),NULL)='VALIDATED')                   
 163 - access("POL_NUMBER"="POL_NUMBER")                                                            
 167 - filter("POL_CURRENT_ENDPOL"='true' AND "ODS$CURRENT_VERSION"='Y')                            
 168 - access("POL_POLICY_SID"="POLICY_TID")                                                        
 173 - filter("ODS$CURRENT_VERSION"='Y')                                                            
 176 - access("TECHNICALIDENTIFIER"="FINANCIALINSTRUMENT_TID")                                      
 177 - filter("ODS$CURRENT_VERSION"='Y')                                                            
 179 - filter("ODS$CURRENT_VERSION"='Y' AND "POSITIONVIEWTYPE_BID"='5231:2')                        
 181 - access("BUSINESSCODE"."TECHNICALIDENTIFIER"=:B1)                                             
 183 - access("TECHNICALCODE"."TECHNICALIDENTIFIER"=:B1)                                            
 184 - filter("ODS$CURRENT_VERSION"='Y')                                                            
 185 - access("C"."ID_POLICE"="TECHNICALIDENTIFIER")                                                
 186 - access("POL_POLICY_SID"="POLICY_TID" AND "POSITIONVIEWTYPE_BID"='5231:2')                    
       filter("POSITIONVIEWTYPE_BID"='5231:2')                                                      
 187 - filter("ODS$CURRENT_VERSION"='Y')                                                            
 192 - filter("ODS$CURRENT_VERSION"='Y' AND SYS_OP_BLOOM_FILTER(:BF0004,"TECHNICALIDENTIFIER"))     
 195 - filter("POL_CURRENT_ENDPOL"='true' AND "ODS$CURRENT_VERSION"='Y' AND SYS_OP_BLOOM_FILTER(:BF0
003,"POL_NUMBER"))                                                                                  
 197 - access("BUSINESSCODE"."TECHNICALIDENTIFIER"=:B1)                                             
 199 - access("TECHNICALCODE"."TECHNICALIDENTIFIER"=:B1)                                            
 200 - access("TECHNICALIDENTIFIER"=COALESCE("FULL_PREVIOUS_TID","TECHNICALIDENTIFIER"))            
 204 - access("TECHNICALIDENTIFIER"=COALESCE("FULL_PREVIOUS_TID","TECHNICALIDENTIFIER"))            
 209 - access("INVESTSTRATEGYDEFINITION_TID"="TECHNICALIDENTIFIER"(+))                              
 213 - filter("ODS$CURRENT_VERSION"(+)='Y')                                                         
 214 - access("INVCOV_INVESTMENTSTRATEGY_TID"="TECHNICALIDENTIFIER"(+))                             
 218 - access("ENDORSEDPOLICY_TID"(+)=COALESCE("FULL_PREVIOUS_TID","TECHNICALIDENTIFIER"))          
 222 - access("RT"."ROLE_TARGET_TID"(+)="POL_POLICY_SID")                                           
 226 - access("TECHNICALIDENTIFIER"="ROLE_TID")                                                     
 228 - filter("ODS$CURRENT_VERSION"='Y')                                                            
 231 - filter("ODS$CURRENT_VERSION"='Y' AND SYS_OP_BLOOM_FILTER(:BF0009,"ROLE_TID"))                
 232 - access("POL_POLICY_SID"="PAYSTAT"."POLICY_TID"(+))                                           
 241 - filter("ODS$CURRENT_VERSION"='Y')                                                            
 244 - access("POL_NUMBER"="POLICY_EVAL"."IDPOLICE"(+))                                             
 252 - access("VALUATIONDATE"="ITEM_2" AND "E"."POL_POLICY_SID"="POLICY_TID")                       
 255 - access("ITEM_1"="E"."POL_POLICY_SID")                                                        
 270 - filter("ODS$CURRENT_VERSION"='Y')                                                            
 279 - filter("ODS$CURRENT_VERSION"='Y')                                                            
 281 - filter("ODS$CURRENT_VERSION"='Y' AND "POSITIONVIEWTYPE_BID"='5231:2')                        
 284 - access("POL_POLICY_SID"="MAX_DATE"."TECH_ID_POL"(+))                                         
 293 - access("TECHNICALCODE"."TECHNICALIDENTIFIER"=:B1)                                            
 294 - filter("B2"."BILLSTATUS_EID"<>'NEW' AND "B2"."BILLSTATUS_EID"<>'SCHEDULED' AND "B2"."BILLSTAT
US_EID"<>'CANCELLED')                                                                               
 295 - filter(NVL2("ENDPOLICY"."END_STATUS_HID", (SELECT "VALUE" FROM "SOLIFE_IT0_ODS"."TECHNICALCOD
E" "TECHNICALCODE" WHERE                                                                            
              "TECHNICALCODE"."TECHNICALIDENTIFIER"=:B1),NULL)='VALIDATED')                         
 298 - access("POL_POLICY_SID"="POLICY_TID")                                                        
 302 - filter("POL_CURRENT_ENDPOL"='true' AND "ODS$CURRENT_VERSION"='Y')                            
 304 - filter("ODS$CURRENT_VERSION"='Y')                                                            
 306 - access("TECHNICALCODE"."TECHNICALIDENTIFIER"=:B1)                                            
 308 - filter("POL_CURRENT_ENDPOL"='true' AND "ODS$CURRENT_VERSION"='Y')                            
 313 - filter("INVCOV_INVESTMENTSTRATEGY_TID"(+) IS NOT NULL AND "ODS$CURRENT_VERSION"(+)='Y' AND SY
S_OP_BLOOM_FILTER(:BF0008,"ENDORSEDPOLICY_TID"(+)))                                                 
 318 - filter("ODS$CURRENT_VERSION"(+)='Y' AND SYS_OP_BLOOM_FILTER(:BF0007,"TECHNICALIDENTIFIER"(+))
)                                                                                                   
 323 - filter("ODS$CURRENT_VERSION"='Y' AND "END_INTERNAL_NBR" IS NOT NULL AND SYS_OP_BLOOM_FILTER(:
BF0006,"TECHNICALIDENTIFIER"))                                                                      
 328 - filter("ODS$CURRENT_VERSION"='Y' AND SYS_OP_BLOOM_FILTER(:BF0005,"TECHNICALIDENTIFIER"))     
 330 - access("TECHNICALCODE"."TECHNICALIDENTIFIER"=:B1)                                            
 332 - access("BUSINESSCODE"."TECHNICALIDENTIFIER"=:B1)                                             
 334 - access("TECHNICALCODE"."TECHNICALIDENTIFIER"=:B1)                                            
 336 - access("BUSINESSCODE"."TECHNICALIDENTIFIER"=:B1)                                             
 338 - access("BUSINESSCODE"."TECHNICALIDENTIFIER"=:B1)                                             
 339 - filter("from$_subquery$_002"."rowlimit_$$_rownumber"<=1)                                     
 340 - filter(ROW_NUMBER() OVER ( ORDER BY NULL)<=1)                                                
 341 - filter("ODS$CURRENT_VERSION"='Y')                                                            
 342 - access("OWNER_TID"=:B1 AND "ISDEFAULT"='true')                                               
                                                                                                    
-------------------------------------------------------------------------------                     
                                                                                                    

Ecoulé : 00 :00 :04.42
SQL> spool off
